[0.008s] Invoking command in '/home/shivam/code-masala/ros/missile/build/occupancy': CMAKE_PREFIX_PATH=/opt/ros/humble /usr/bin/cmake --build /home/shivam/code-masala/ros/missile/build/occupancy -- -j16 -l16
[0.043s] [35m[1mConsolidate compiler generated dependencies of target talker[0m
[0.043s] [35m[1mConsolidate compiler generated dependencies of target listener[0m
[0.057s] [ 50%] [32mBuilding CXX object CMakeFiles/talker.dir/src/occupancyPub.cpp.o[0m
[0.057s] [ 75%] Built target listener
[2.705s] [100%] [32m[1mLinking CXX executable talker[0m
[2.827s] [100%] Built target talker
[2.837s] Invoked command in '/home/shivam/code-masala/ros/missile/build/occupancy' returned '0': CMAKE_PREFIX_PATH=/opt/ros/humble /usr/bin/cmake --build /home/shivam/code-masala/ros/missile/build/occupancy -- -j16 -l16
[2.846s] Invoking command in '/home/shivam/code-masala/ros/missile/build/occupancy': CMAKE_PREFIX_PATH=/opt/ros/humble /usr/bin/cmake --install /home/shivam/code-masala/ros/missile/build/occupancy
[2.853s] -- Install configuration: ""
[2.853s] -- Installing: /home/shivam/code-masala/ros/missile/install/occupancy/lib/occupancy/talker
[2.854s] -- Set runtime path of "/home/shivam/code-masala/ros/missile/install/occupancy/lib/occupancy/talker" to ""
[2.854s] -- Installing: /home/shivam/code-masala/ros/missile/install/occupancy/lib/occupancy/listener
[2.856s] -- Set runtime path of "/home/shivam/code-masala/ros/missile/install/occupancy/lib/occupancy/listener" to ""
[2.856s] -- Up-to-date: /home/shivam/code-masala/ros/missile/install/occupancy/share/ament_index/resource_index/package_run_dependencies/occupancy
[2.856s] -- Up-to-date: /home/shivam/code-masala/ros/missile/install/occupancy/share/ament_index/resource_index/parent_prefix_path/occupancy
[2.857s] -- Up-to-date: /home/shivam/code-masala/ros/missile/install/occupancy/share/occupancy/environment/ament_prefix_path.sh
[2.857s] -- Installing: /home/shivam/code-masala/ros/missile/install/occupancy/share/occupancy/environment/ament_prefix_path.dsv
[2.857s] -- Up-to-date: /home/shivam/code-masala/ros/missile/install/occupancy/share/occupancy/environment/path.sh
[2.857s] -- Installing: /home/shivam/code-masala/ros/missile/install/occupancy/share/occupancy/environment/path.dsv
[2.857s] -- Up-to-date: /home/shivam/code-masala/ros/missile/install/occupancy/share/occupancy/local_setup.bash
[2.857s] -- Up-to-date: /home/shivam/code-masala/ros/missile/install/occupancy/share/occupancy/local_setup.sh
[2.857s] -- Up-to-date: /home/shivam/code-masala/ros/missile/install/occupancy/share/occupancy/local_setup.zsh
[2.857s] -- Installing: /home/shivam/code-masala/ros/missile/install/occupancy/share/occupancy/local_setup.dsv
[2.857s] -- Installing: /home/shivam/code-masala/ros/missile/install/occupancy/share/occupancy/package.dsv
[2.857s] -- Up-to-date: /home/shivam/code-masala/ros/missile/install/occupancy/share/ament_index/resource_index/packages/occupancy
[2.857s] -- Up-to-date: /home/shivam/code-masala/ros/missile/install/occupancy/share/occupancy/cmake/occupancyConfig.cmake
[2.857s] -- Up-to-date: /home/shivam/code-masala/ros/missile/install/occupancy/share/occupancy/cmake/occupancyConfig-version.cmake
[2.857s] -- Up-to-date: /home/shivam/code-masala/ros/missile/install/occupancy/share/occupancy/package.xml
[2.859s] Invoked command in '/home/shivam/code-masala/ros/missile/build/occupancy' returned '0': CMAKE_PREFIX_PATH=/opt/ros/humble /usr/bin/cmake --install /home/shivam/code-masala/ros/missile/build/occupancy
