[0.008s] Invoking command in '/home/shivam/code-masala/ros/missile/build/occupancy': CMAKE_PREFIX_PATH=${CMAKE_PREFIX_PATH}:/opt/ros/humble /usr/bin/cmake --build /home/shivam/code-masala/ros/missile/build/occupancy -- -j16 -l16
[0.028s] -- Found ament_cmake: 1.3.11 (/opt/ros/humble/share/ament_cmake/cmake)
[0.112s] -- Found rclcpp: 16.0.11 (/opt/ros/humble/share/rclcpp/cmake)
[0.131s] -- Found rosidl_generator_c: 3.1.6 (/opt/ros/humble/share/rosidl_generator_c/cmake)
[0.132s] -- Found rosidl_adapter: 3.1.6 (/opt/ros/humble/share/rosidl_adapter/cmake)
[0.136s] -- Found rosidl_generator_cpp: 3.1.6 (/opt/ros/humble/share/rosidl_generator_cpp/cmake)
[0.142s] -- Using all available rosidl_typesupport_c: rosidl_typesupport_fastrtps_c;rosidl_typesupport_introspection_c
[0.150s] -- Using all available rosidl_typesupport_cpp: rosidl_typesupport_fastrtps_cpp;rosidl_typesupport_introspection_cpp
[0.171s] -- Found rmw_implementation_cmake: 6.1.2 (/opt/ros/humble/share/rmw_implementation_cmake/cmake)
[0.171s] -- Found rmw_fastrtps_cpp: 6.2.7 (/opt/ros/humble/share/rmw_fastrtps_cpp/cmake)
[0.243s] -- Using RMW implementation 'rmw_fastrtps_cpp' as default
[0.275s] -- Found ament_lint_auto: 0.12.11 (/opt/ros/humble/share/ament_lint_auto/cmake)
[0.323s] -- Added test 'copyright' to check source files copyright and LICENSE
[0.324s] -- Added test 'lint_cmake' to check CMake code style
[0.324s] -- Added test 'xmllint' to check XML markup files
[0.325s] -- Configuring done
[0.326s] [31mCMake Error at CMakeLists.txt:14 (add_executable):
[0.326s]   Cannot find source file:
[0.326s] 
[0.326s]     src/occupancyPub.cpp
[0.326s] 
[0.326s]   Tried extensions .c .C .c++ .cc .cpp .cxx .cu .mpp .m .M .mm .ixx .cppm .h
[0.326s]   .hh .h++ .hm .hpp .hxx .in .txx .f .F .for .f77 .f90 .f95 .f03 .hip .ispc
[0.327s] 
[0.327s] [0m
[0.327s] [31mCMake Error at CMakeLists.txt:17 (add_executable):
[0.327s]   Cannot find source file:
[0.327s] 
[0.327s]     src/subscriber.cpp
[0.327s] 
[0.327s]   Tried extensions .c .C .c++ .cc .cpp .cxx .cu .mpp .m .M .mm .ixx .cppm .h
[0.327s]   .hh .h++ .hm .hpp .hxx .in .txx .f .F .for .f77 .f90 .f95 .f03 .hip .ispc
[0.327s] 
[0.327s] [0m
[0.327s] [31mCMake Error at CMakeLists.txt:14 (add_executable):
[0.327s]   No SOURCES given to target: talker
[0.327s] 
[0.328s] [0m
[0.328s] [31mCMake Error at CMakeLists.txt:17 (add_executable):
[0.328s]   No SOURCES given to target: listener
[0.328s] 
[0.328s] [0m
[0.328s] [0mCMake Generate step failed.  Build files cannot be regenerated correctly.[0m
[0.331s] gmake: *** [Makefile:226: cmake_check_build_system] Error 1
[0.333s] Invoked command in '/home/shivam/code-masala/ros/missile/build/occupancy' returned '2': CMAKE_PREFIX_PATH=${CMAKE_PREFIX_PATH}:/opt/ros/humble /usr/bin/cmake --build /home/shivam/code-masala/ros/missile/build/occupancy -- -j16 -l16
