[0.194s] DEBUG:colcon:Command line arguments: ['/usr/bin/colcon', 'build']
[0.195s] DEBUG:colcon:Parsed command line arguments: Namespace(log_base=None, log_level=None, verb_name='build', build_base='build', install_base='install', merge_install=False, symlink_install=False, test_result_base=None, continue_on_error=False, executor='parallel', parallel_workers=16, event_handlers=None, ignore_user_meta=False, metas=['./colcon.meta'], base_paths=['.'], packages_ignore=None, packages_ignore_regex=None, paths=None, packages_up_to=None, packages_up_to_regex=None, packages_above=None, packages_above_and_dependencies=None, packages_above_depth=None, packages_select_by_dep=None, packages_skip_by_dep=None, packages_skip_up_to=None, packages_select_build_failed=False, packages_skip_build_finished=False, packages_select_test_failures=False, packages_skip_test_passed=False, packages_select=None, packages_skip=None, packages_select_regex=None, packages_skip_regex=None, packages_start=None, packages_end=None, allow_overriding=[], cmake_args=None, cmake_target=None, cmake_target_skip_unavailable=False, cmake_clean_cache=False, cmake_clean_first=False, cmake_force_configure=False, ament_cmake_args=None, catkin_cmake_args=None, catkin_skip_building_tests=False, verb_parser=<colcon_defaults.argument_parser.defaults.DefaultArgumentsDecorator object at 0x7e9aa78de980>, verb_extension=<colcon_core.verb.build.BuildVerb object at 0x7e9aa78de080>, main=<bound method BuildVerb.main of <colcon_core.verb.build.BuildVerb object at 0x7e9aa78de080>>)
[0.383s] Level 1:colcon.colcon_core.package_discovery:discover_packages(colcon_meta) check parameters
[0.383s] Level 1:colcon.colcon_core.package_discovery:discover_packages(recursive) check parameters
[0.383s] Level 1:colcon.colcon_core.package_discovery:discover_packages(ignore) check parameters
[0.383s] Level 1:colcon.colcon_core.package_discovery:discover_packages(path) check parameters
[0.383s] Level 1:colcon.colcon_core.package_discovery:discover_packages(colcon_meta) discover
[0.383s] Level 1:colcon.colcon_core.package_discovery:discover_packages(recursive) discover
[0.383s] INFO:colcon.colcon_core.package_discovery:Crawling recursively for packages in '/home/shivam/code-masala/ros/missile/src'
[0.383s] Level 1:colcon.colcon_core.package_identification:_identify(.) by extensions ['ignore', 'ignore_ament_install']
[0.383s] Level 1:colcon.colcon_core.package_identification:_identify(.) by extension 'ignore'
[0.383s] Level 1:colcon.colcon_core.package_identification:_identify(.) by extension 'ignore_ament_install'
[0.383s] Level 1:colcon.colcon_core.package_identification:_identify(.) by extensions ['colcon_pkg']
[0.383s] Level 1:colcon.colcon_core.package_identification:_identify(.) by extension 'colcon_pkg'
[0.383s] Level 1:colcon.colcon_core.package_identification:_identify(.) by extensions ['colcon_meta']
[0.383s] Level 1:colcon.colcon_core.package_identification:_identify(.) by extension 'colcon_meta'
[0.383s] Level 1:colcon.colcon_core.package_identification:_identify(.) by extensions ['ros']
[0.383s] Level 1:colcon.colcon_core.package_identification:_identify(.) by extension 'ros'
[0.395s] Level 1:colcon.colcon_core.package_identification:_identify(.) by extensions ['cmake', 'python']
[0.395s] Level 1:colcon.colcon_core.package_identification:_identify(.) by extension 'cmake'
[0.395s] Level 1:colcon.colcon_core.package_identification:_identify(.) by extension 'python'
[0.395s] Level 1:colcon.colcon_core.package_identification:_identify(.) by extensions ['python_setup_py']
[0.395s] Level 1:colcon.colcon_core.package_identification:_identify(.) by extension 'python_setup_py'
[0.395s] Level 1:colcon.colcon_core.package_identification:_identify(build) by extensions ['ignore', 'ignore_ament_install']
[0.395s] Level 1:colcon.colcon_core.package_identification:_identify(build) by extension 'ignore'
[0.395s] Level 1:colcon.colcon_core.package_identification:_identify(build) ignored
[0.395s] Level 1:colcon.colcon_core.package_identification:_identify(install) by extensions ['ignore', 'ignore_ament_install']
[0.395s] Level 1:colcon.colcon_core.package_identification:_identify(install) by extension 'ignore'
[0.395s] Level 1:colcon.colcon_core.package_identification:_identify(install) ignored
[0.395s] Level 1:colcon.colcon_core.package_identification:_identify(log) by extensions ['ignore', 'ignore_ament_install']
[0.395s] Level 1:colcon.colcon_core.package_identification:_identify(log) by extension 'ignore'
[0.395s] Level 1:colcon.colcon_core.package_identification:_identify(log) ignored
[0.395s] Level 1:colcon.colcon_core.package_identification:_identify(occupancy) by extensions ['ignore', 'ignore_ament_install']
[0.396s] Level 1:colcon.colcon_core.package_identification:_identify(occupancy) by extension 'ignore'
[0.396s] Level 1:colcon.colcon_core.package_identification:_identify(occupancy) by extension 'ignore_ament_install'
[0.396s] Level 1:colcon.colcon_core.package_identification:_identify(occupancy) by extensions ['colcon_pkg']
[0.396s] Level 1:colcon.colcon_core.package_identification:_identify(occupancy) by extension 'colcon_pkg'
[0.396s] Level 1:colcon.colcon_core.package_identification:_identify(occupancy) by extensions ['colcon_meta']
[0.396s] Level 1:colcon.colcon_core.package_identification:_identify(occupancy) by extension 'colcon_meta'
[0.396s] Level 1:colcon.colcon_core.package_identification:_identify(occupancy) by extensions ['ros']
[0.396s] Level 1:colcon.colcon_core.package_identification:_identify(occupancy) by extension 'ros'
[0.399s] DEBUG:colcon.colcon_core.package_identification:Package 'occupancy' with type 'ros.ament_cmake' and name 'occupancy'
[0.399s] Level 1:colcon.colcon_core.package_identification:_identify(visualization_package) by extensions ['ignore', 'ignore_ament_install']
[0.399s] Level 1:colcon.colcon_core.package_identification:_identify(visualization_package) by extension 'ignore'
[0.399s] Level 1:colcon.colcon_core.package_identification:_identify(visualization_package) by extension 'ignore_ament_install'
[0.399s] Level 1:colcon.colcon_core.package_identification:_identify(visualization_package) by extensions ['colcon_pkg']
[0.399s] Level 1:colcon.colcon_core.package_identification:_identify(visualization_package) by extension 'colcon_pkg'
[0.399s] Level 1:colcon.colcon_core.package_identification:_identify(visualization_package) by extensions ['colcon_meta']
[0.399s] Level 1:colcon.colcon_core.package_identification:_identify(visualization_package) by extension 'colcon_meta'
[0.399s] Level 1:colcon.colcon_core.package_identification:_identify(visualization_package) by extensions ['ros']
[0.399s] Level 1:colcon.colcon_core.package_identification:_identify(visualization_package) by extension 'ros'
[0.400s] DEBUG:colcon.colcon_core.package_identification:Package 'visualization_package' with type 'ros.ament_cmake' and name 'visualization_package'
[0.400s] Level 1:colcon.colcon_core.package_discovery:discover_packages(recursive) using defaults
[0.400s] Level 1:colcon.colcon_core.package_discovery:discover_packages(ignore) discover
[0.400s] Level 1:colcon.colcon_core.package_discovery:discover_packages(ignore) using defaults
[0.400s] Level 1:colcon.colcon_core.package_discovery:discover_packages(path) discover
[0.400s] Level 1:colcon.colcon_core.package_discovery:discover_packages(path) using defaults
[0.425s] Level 1:colcon.colcon_core.package_discovery:discover_packages(prefix_path) check parameters
[0.425s] Level 1:colcon.colcon_core.package_discovery:discover_packages(prefix_path) discover
[0.428s] DEBUG:colcon.colcon_installed_package_information.package_discovery:Found 1 installed packages in /home/shivam/code-masala/ros/install
[0.429s] DEBUG:colcon.colcon_installed_package_information.package_discovery:Found 286 installed packages in /opt/ros/humble
[0.439s] Level 1:colcon.colcon_core.package_discovery:discover_packages(prefix_path) using defaults
[0.473s] Level 5:colcon.colcon_core.verb:set package 'occupancy' build argument 'cmake_args' from command line to 'None'
[0.473s] Level 5:colcon.colcon_core.verb:set package 'occupancy' build argument 'cmake_target' from command line to 'None'
[0.473s] Level 5:colcon.colcon_core.verb:set package 'occupancy' build argument 'cmake_target_skip_unavailable' from command line to 'False'
[0.473s] Level 5:colcon.colcon_core.verb:set package 'occupancy' build argument 'cmake_clean_cache' from command line to 'False'
[0.473s] Level 5:colcon.colcon_core.verb:set package 'occupancy' build argument 'cmake_clean_first' from command line to 'False'
[0.473s] Level 5:colcon.colcon_core.verb:set package 'occupancy' build argument 'cmake_force_configure' from command line to 'False'
[0.473s] Level 5:colcon.colcon_core.verb:set package 'occupancy' build argument 'ament_cmake_args' from command line to 'None'
[0.473s] Level 5:colcon.colcon_core.verb:set package 'occupancy' build argument 'catkin_cmake_args' from command line to 'None'
[0.473s] Level 5:colcon.colcon_core.verb:set package 'occupancy' build argument 'catkin_skip_building_tests' from command line to 'False'
[0.473s] DEBUG:colcon.colcon_core.verb:Building package 'occupancy' with the following arguments: {'ament_cmake_args': None, 'build_base': '/home/shivam/code-masala/ros/missile/src/build/occupancy', 'catkin_cmake_args': None, 'catkin_skip_building_tests': False, 'cmake_args': None, 'cmake_clean_cache': False, 'cmake_clean_first': False, 'cmake_force_configure': False, 'cmake_target': None, 'cmake_target_skip_unavailable': False, 'install_base': '/home/shivam/code-masala/ros/missile/src/install/occupancy', 'merge_install': False, 'path': '/home/shivam/code-masala/ros/missile/src/occupancy', 'symlink_install': False, 'test_result_base': None}
[0.473s] Level 5:colcon.colcon_core.verb:set package 'visualization_package' build argument 'cmake_args' from command line to 'None'
[0.473s] Level 5:colcon.colcon_core.verb:set package 'visualization_package' build argument 'cmake_target' from command line to 'None'
[0.473s] Level 5:colcon.colcon_core.verb:set package 'visualization_package' build argument 'cmake_target_skip_unavailable' from command line to 'False'
[0.473s] Level 5:colcon.colcon_core.verb:set package 'visualization_package' build argument 'cmake_clean_cache' from command line to 'False'
[0.473s] Level 5:colcon.colcon_core.verb:set package 'visualization_package' build argument 'cmake_clean_first' from command line to 'False'
[0.473s] Level 5:colcon.colcon_core.verb:set package 'visualization_package' build argument 'cmake_force_configure' from command line to 'False'
[0.473s] Level 5:colcon.colcon_core.verb:set package 'visualization_package' build argument 'ament_cmake_args' from command line to 'None'
[0.473s] Level 5:colcon.colcon_core.verb:set package 'visualization_package' build argument 'catkin_cmake_args' from command line to 'None'
[0.473s] Level 5:colcon.colcon_core.verb:set package 'visualization_package' build argument 'catkin_skip_building_tests' from command line to 'False'
[0.473s] DEBUG:colcon.colcon_core.verb:Building package 'visualization_package' with the following arguments: {'ament_cmake_args': None, 'build_base': '/home/shivam/code-masala/ros/missile/src/build/visualization_package', 'catkin_cmake_args': None, 'catkin_skip_building_tests': False, 'cmake_args': None, 'cmake_clean_cache': False, 'cmake_clean_first': False, 'cmake_force_configure': False, 'cmake_target': None, 'cmake_target_skip_unavailable': False, 'install_base': '/home/shivam/code-masala/ros/missile/src/install/visualization_package', 'merge_install': False, 'path': '/home/shivam/code-masala/ros/missile/src/visualization_package', 'symlink_install': False, 'test_result_base': None}
[0.474s] INFO:colcon.colcon_core.executor:Executing jobs using 'parallel' executor
[0.475s] DEBUG:colcon.colcon_parallel_executor.executor.parallel:run_until_complete
[0.475s] INFO:colcon.colcon_ros.task.ament_cmake.build:Building ROS package in '/home/shivam/code-masala/ros/missile/src/occupancy' with build type 'ament_cmake'
[0.475s] INFO:colcon.colcon_cmake.task.cmake.build:Building CMake package in '/home/shivam/code-masala/ros/missile/src/occupancy'
[0.479s] INFO:colcon.colcon_core.plugin_system:Skipping extension 'colcon_core.shell.bat': Not used on non-Windows systems
[0.479s] INFO:colcon.colcon_core.shell:Skip shell extension 'powershell' for command environment: Not usable outside of PowerShell
[0.479s] DEBUG:colcon.colcon_core.shell:Skip shell extension 'dsv' for command environment
[0.483s] INFO:colcon.colcon_ros.task.ament_cmake.build:Building ROS package in '/home/shivam/code-masala/ros/missile/src/visualization_package' with build type 'ament_cmake'
[0.483s] INFO:colcon.colcon_cmake.task.cmake.build:Building CMake package in '/home/shivam/code-masala/ros/missile/src/visualization_package'
[0.483s] INFO:colcon.colcon_core.shell:Skip shell extension 'powershell' for command environment: Not usable outside of PowerShell
[0.483s] DEBUG:colcon.colcon_core.shell:Skip shell extension 'dsv' for command environment
[0.490s] DEBUG:colcon.colcon_core.event_handler.log_command:Invoking command in '/home/shivam/code-masala/ros/missile/src/build/occupancy': CMAKE_PREFIX_PATH=${CMAKE_PREFIX_PATH}:/opt/ros/humble /usr/bin/cmake --build /home/shivam/code-masala/ros/missile/src/build/occupancy -- -j16 -l16
[0.497s] DEBUG:colcon.colcon_core.event_handler.log_command:Invoking command in '/home/shivam/code-masala/ros/missile/src/build/visualization_package': CMAKE_PREFIX_PATH=${CMAKE_PREFIX_PATH}:/opt/ros/humble /usr/bin/cmake --build /home/shivam/code-masala/ros/missile/src/build/visualization_package -- -j16 -l16
[0.581s] DEBUG:colcon.colcon_core.event_handler.log_command:Invoked command in '/home/shivam/code-masala/ros/missile/src/build/occupancy' returned '0': CMAKE_PREFIX_PATH=${CMAKE_PREFIX_PATH}:/opt/ros/humble /usr/bin/cmake --build /home/shivam/code-masala/ros/missile/src/build/occupancy -- -j16 -l16
[0.592s] DEBUG:colcon.colcon_core.event_handler.log_command:Invoking command in '/home/shivam/code-masala/ros/missile/src/build/occupancy': CMAKE_PREFIX_PATH=${CMAKE_PREFIX_PATH}:/opt/ros/humble /usr/bin/cmake --install /home/shivam/code-masala/ros/missile/src/build/occupancy
[0.605s] Level 1:colcon.colcon_core.environment:create_environment_scripts_only(occupancy)
[0.606s] DEBUG:colcon.colcon_core.event_handler.log_command:Invoked command in '/home/shivam/code-masala/ros/missile/src/build/occupancy' returned '0': CMAKE_PREFIX_PATH=${CMAKE_PREFIX_PATH}:/opt/ros/humble /usr/bin/cmake --install /home/shivam/code-masala/ros/missile/src/build/occupancy
[0.610s] Level 1:colcon.colcon_core.environment:checking '/home/shivam/code-masala/ros/missile/src/install/occupancy' for CMake module files
[0.610s] Level 1:colcon.colcon_core.environment:checking '/home/shivam/code-masala/ros/missile/src/install/occupancy' for CMake config files
[0.610s] Level 1:colcon.colcon_core.shell:create_environment_hook('occupancy', 'cmake_prefix_path')
[0.610s] INFO:colcon.colcon_core.shell:Creating environment hook '/home/shivam/code-masala/ros/missile/src/install/occupancy/share/occupancy/hook/cmake_prefix_path.ps1'
[0.611s] INFO:colcon.colcon_core.shell:Creating environment descriptor '/home/shivam/code-masala/ros/missile/src/install/occupancy/share/occupancy/hook/cmake_prefix_path.dsv'
[0.612s] INFO:colcon.colcon_core.shell:Creating environment hook '/home/shivam/code-masala/ros/missile/src/install/occupancy/share/occupancy/hook/cmake_prefix_path.sh'
[0.613s] Level 1:colcon.colcon_core.environment:checking '/home/shivam/code-masala/ros/missile/src/install/occupancy/lib'
[0.613s] Level 1:colcon.colcon_core.environment:checking '/home/shivam/code-masala/ros/missile/src/install/occupancy/bin'
[0.613s] Level 1:colcon.colcon_core.environment:checking '/home/shivam/code-masala/ros/missile/src/install/occupancy/lib/pkgconfig/occupancy.pc'
[0.613s] Level 1:colcon.colcon_core.environment:checking '/home/shivam/code-masala/ros/missile/src/install/occupancy/lib/python3.10/site-packages'
[0.614s] Level 1:colcon.colcon_core.environment:checking '/home/shivam/code-masala/ros/missile/src/install/occupancy/bin'
[0.614s] INFO:colcon.colcon_core.shell:Creating package script '/home/shivam/code-masala/ros/missile/src/install/occupancy/share/occupancy/package.ps1'
[0.615s] INFO:colcon.colcon_core.shell:Creating package descriptor '/home/shivam/code-masala/ros/missile/src/install/occupancy/share/occupancy/package.dsv'
[0.616s] INFO:colcon.colcon_core.shell:Creating package script '/home/shivam/code-masala/ros/missile/src/install/occupancy/share/occupancy/package.sh'
[0.617s] INFO:colcon.colcon_core.shell:Creating package script '/home/shivam/code-masala/ros/missile/src/install/occupancy/share/occupancy/package.bash'
[0.618s] INFO:colcon.colcon_core.shell:Creating package script '/home/shivam/code-masala/ros/missile/src/install/occupancy/share/occupancy/package.zsh'
[0.619s] Level 1:colcon.colcon_core.environment:create_file_with_runtime_dependencies(/home/shivam/code-masala/ros/missile/src/install/occupancy/share/colcon-core/packages/occupancy)
[0.620s] Level 1:colcon.colcon_core.environment:create_environment_scripts_only(occupancy)
[0.620s] Level 1:colcon.colcon_core.environment:checking '/home/shivam/code-masala/ros/missile/src/install/occupancy' for CMake module files
[0.620s] Level 1:colcon.colcon_core.environment:checking '/home/shivam/code-masala/ros/missile/src/install/occupancy' for CMake config files
[0.621s] Level 1:colcon.colcon_core.shell:create_environment_hook('occupancy', 'cmake_prefix_path')
[0.621s] INFO:colcon.colcon_core.shell:Creating environment hook '/home/shivam/code-masala/ros/missile/src/install/occupancy/share/occupancy/hook/cmake_prefix_path.ps1'
[0.621s] INFO:colcon.colcon_core.shell:Creating environment descriptor '/home/shivam/code-masala/ros/missile/src/install/occupancy/share/occupancy/hook/cmake_prefix_path.dsv'
[0.622s] INFO:colcon.colcon_core.shell:Creating environment hook '/home/shivam/code-masala/ros/missile/src/install/occupancy/share/occupancy/hook/cmake_prefix_path.sh'
[0.622s] Level 1:colcon.colcon_core.environment:checking '/home/shivam/code-masala/ros/missile/src/install/occupancy/lib'
[0.622s] Level 1:colcon.colcon_core.environment:checking '/home/shivam/code-masala/ros/missile/src/install/occupancy/bin'
[0.622s] Level 1:colcon.colcon_core.environment:checking '/home/shivam/code-masala/ros/missile/src/install/occupancy/lib/pkgconfig/occupancy.pc'
[0.623s] Level 1:colcon.colcon_core.environment:checking '/home/shivam/code-masala/ros/missile/src/install/occupancy/lib/python3.10/site-packages'
[0.623s] Level 1:colcon.colcon_core.environment:checking '/home/shivam/code-masala/ros/missile/src/install/occupancy/bin'
[0.623s] INFO:colcon.colcon_core.shell:Creating package script '/home/shivam/code-masala/ros/missile/src/install/occupancy/share/occupancy/package.ps1'
[0.624s] INFO:colcon.colcon_core.shell:Creating package descriptor '/home/shivam/code-masala/ros/missile/src/install/occupancy/share/occupancy/package.dsv'
[0.624s] INFO:colcon.colcon_core.shell:Creating package script '/home/shivam/code-masala/ros/missile/src/install/occupancy/share/occupancy/package.sh'
[0.624s] INFO:colcon.colcon_core.shell:Creating package script '/home/shivam/code-masala/ros/missile/src/install/occupancy/share/occupancy/package.bash'
[0.625s] INFO:colcon.colcon_core.shell:Creating package script '/home/shivam/code-masala/ros/missile/src/install/occupancy/share/occupancy/package.zsh'
[0.625s] Level 1:colcon.colcon_core.environment:create_file_with_runtime_dependencies(/home/shivam/code-masala/ros/missile/src/install/occupancy/share/colcon-core/packages/occupancy)
[4.128s] DEBUG:colcon.colcon_core.event_handler.log_command:Invoked command in '/home/shivam/code-masala/ros/missile/src/build/visualization_package' returned '2': CMAKE_PREFIX_PATH=${CMAKE_PREFIX_PATH}:/opt/ros/humble /usr/bin/cmake --build /home/shivam/code-masala/ros/missile/src/build/visualization_package -- -j16 -l16
[4.130s] Level 1:colcon.colcon_core.environment:create_environment_scripts_only(visualization_package)
[4.130s] Level 1:colcon.colcon_core.environment:checking '/home/shivam/code-masala/ros/missile/src/install/visualization_package' for CMake module files
[4.131s] Level 1:colcon.colcon_core.environment:checking '/home/shivam/code-masala/ros/missile/src/install/visualization_package' for CMake config files
[4.131s] Level 1:colcon.colcon_core.shell:create_environment_hook('visualization_package', 'cmake_prefix_path')
[4.131s] INFO:colcon.colcon_core.shell:Creating environment hook '/home/shivam/code-masala/ros/missile/src/install/visualization_package/share/visualization_package/hook/cmake_prefix_path.ps1'
[4.132s] INFO:colcon.colcon_core.shell:Creating environment descriptor '/home/shivam/code-masala/ros/missile/src/install/visualization_package/share/visualization_package/hook/cmake_prefix_path.dsv'
[4.132s] INFO:colcon.colcon_core.shell:Creating environment hook '/home/shivam/code-masala/ros/missile/src/install/visualization_package/share/visualization_package/hook/cmake_prefix_path.sh'
[4.133s] Level 1:colcon.colcon_core.environment:checking '/home/shivam/code-masala/ros/missile/src/install/visualization_package/bin'
[4.133s] Level 1:colcon.colcon_core.environment:checking '/home/shivam/code-masala/ros/missile/src/install/visualization_package/lib/pkgconfig/visualization_package.pc'
[4.133s] Level 1:colcon.colcon_core.environment:checking '/home/shivam/code-masala/ros/missile/src/install/visualization_package/lib/python3.10/site-packages'
[4.133s] Level 1:colcon.colcon_core.environment:checking '/home/shivam/code-masala/ros/missile/src/install/visualization_package/bin'
[4.133s] INFO:colcon.colcon_core.shell:Creating package script '/home/shivam/code-masala/ros/missile/src/install/visualization_package/share/visualization_package/package.ps1'
[4.134s] INFO:colcon.colcon_core.shell:Creating package descriptor '/home/shivam/code-masala/ros/missile/src/install/visualization_package/share/visualization_package/package.dsv'
[4.134s] INFO:colcon.colcon_core.shell:Creating package script '/home/shivam/code-masala/ros/missile/src/install/visualization_package/share/visualization_package/package.sh'
[4.135s] INFO:colcon.colcon_core.shell:Creating package script '/home/shivam/code-masala/ros/missile/src/install/visualization_package/share/visualization_package/package.bash'
[4.135s] INFO:colcon.colcon_core.shell:Creating package script '/home/shivam/code-masala/ros/missile/src/install/visualization_package/share/visualization_package/package.zsh'
[4.136s] Level 1:colcon.colcon_core.environment:create_file_with_runtime_dependencies(/home/shivam/code-masala/ros/missile/src/install/visualization_package/share/colcon-core/packages/visualization_package)
[4.136s] DEBUG:colcon.colcon_parallel_executor.executor.parallel:closing loop
[4.136s] DEBUG:colcon.colcon_parallel_executor.executor.parallel:loop closed
[4.136s] DEBUG:colcon.colcon_parallel_executor.executor.parallel:run_until_complete finished with '2'
[4.136s] DEBUG:colcon.colcon_core.event_reactor:joining thread
[4.143s] INFO:colcon.colcon_core.plugin_system:Skipping extension 'colcon_notification.desktop_notification.terminal_notifier': Not used on non-Darwin systems
[4.143s] INFO:colcon.colcon_core.plugin_system:Skipping extension 'colcon_notification.desktop_notification.win32': Not used on non-Windows systems
[4.143s] INFO:colcon.colcon_notification.desktop_notification:Sending desktop notification using 'notify2'
[4.175s] DEBUG:colcon.colcon_core.event_reactor:joined thread
[4.176s] INFO:colcon.colcon_core.shell:Creating prefix script '/home/shivam/code-masala/ros/missile/src/install/local_setup.ps1'
[4.178s] INFO:colcon.colcon_core.shell:Creating prefix util module '/home/shivam/code-masala/ros/missile/src/install/_local_setup_util_ps1.py'
[4.180s] INFO:colcon.colcon_core.shell:Creating prefix chain script '/home/shivam/code-masala/ros/missile/src/install/setup.ps1'
[4.182s] INFO:colcon.colcon_core.shell:Creating prefix script '/home/shivam/code-masala/ros/missile/src/install/local_setup.sh'
[4.184s] INFO:colcon.colcon_core.shell:Creating prefix util module '/home/shivam/code-masala/ros/missile/src/install/_local_setup_util_sh.py'
[4.186s] INFO:colcon.colcon_core.shell:Creating prefix chain script '/home/shivam/code-masala/ros/missile/src/install/setup.sh'
[4.189s] INFO:colcon.colcon_core.shell:Creating prefix script '/home/shivam/code-masala/ros/missile/src/install/local_setup.bash'
[4.191s] INFO:colcon.colcon_core.shell:Creating prefix chain script '/home/shivam/code-masala/ros/missile/src/install/setup.bash'
[4.194s] INFO:colcon.colcon_core.shell:Creating prefix script '/home/shivam/code-masala/ros/missile/src/install/local_setup.zsh'
[4.195s] INFO:colcon.colcon_core.shell:Creating prefix chain script '/home/shivam/code-masala/ros/missile/src/install/setup.zsh'
