[0.065s] DEBUG:colcon:Command line arguments: ['/usr/bin/colcon', 'build']
[0.065s] DEBUG:colcon:Parsed command line arguments: Namespace(log_base=None, log_level=None, verb_name='build', build_base='build', install_base='install', merge_install=False, symlink_install=False, test_result_base=None, continue_on_error=False, executor='parallel', parallel_workers=16, event_handlers=None, ignore_user_meta=False, metas=['./colcon.meta'], base_paths=['.'], packages_ignore=None, packages_ignore_regex=None, paths=None, packages_up_to=None, packages_up_to_regex=None, packages_above=None, packages_above_and_dependencies=None, packages_above_depth=None, packages_select_by_dep=None, packages_skip_by_dep=None, packages_skip_up_to=None, packages_select_build_failed=False, packages_skip_build_finished=False, packages_select_test_failures=False, packages_skip_test_passed=False, packages_select=None, packages_skip=None, packages_select_regex=None, packages_skip_regex=None, packages_start=None, packages_end=None, allow_overriding=[], cmake_args=None, cmake_target=None, cmake_target_skip_unavailable=False, cmake_clean_cache=False, cmake_clean_first=False, cmake_force_configure=False, ament_cmake_args=None, catkin_cmake_args=None, catkin_skip_building_tests=False, verb_parser=<colcon_defaults.argument_parser.defaults.DefaultArgumentsDecorator object at 0x7e7a3fc36ad0>, verb_extension=<colcon_core.verb.build.BuildVerb object at 0x7e7a3fc361d0>, main=<bound method BuildVerb.main of <colcon_core.verb.build.BuildVerb object at 0x7e7a3fc361d0>>)
[0.160s] Level 1:colcon.colcon_core.package_discovery:discover_packages(colcon_meta) check parameters
[0.160s] Level 1:colcon.colcon_core.package_discovery:discover_packages(recursive) check parameters
[0.160s] Level 1:colcon.colcon_core.package_discovery:discover_packages(ignore) check parameters
[0.160s] Level 1:colcon.colcon_core.package_discovery:discover_packages(path) check parameters
[0.160s] Level 1:colcon.colcon_core.package_discovery:discover_packages(colcon_meta) discover
[0.160s] Level 1:colcon.colcon_core.package_discovery:discover_packages(recursive) discover
[0.160s] INFO:colcon.colcon_core.package_discovery:Crawling recursively for packages in '/home/shivam/code-masala/ros/missile/MpC'
[0.160s] Level 1:colcon.colcon_core.package_identification:_identify(.) by extensions ['ignore', 'ignore_ament_install']
[0.160s] Level 1:colcon.colcon_core.package_identification:_identify(.) by extension 'ignore'
[0.160s] Level 1:colcon.colcon_core.package_identification:_identify(.) by extension 'ignore_ament_install'
[0.160s] Level 1:colcon.colcon_core.package_identification:_identify(.) by extensions ['colcon_pkg']
[0.160s] Level 1:colcon.colcon_core.package_identification:_identify(.) by extension 'colcon_pkg'
[0.160s] Level 1:colcon.colcon_core.package_identification:_identify(.) by extensions ['colcon_meta']
[0.160s] Level 1:colcon.colcon_core.package_identification:_identify(.) by extension 'colcon_meta'
[0.160s] Level 1:colcon.colcon_core.package_identification:_identify(.) by extensions ['ros']
[0.161s] Level 1:colcon.colcon_core.package_identification:_identify(.) by extension 'ros'
[0.168s] Level 1:colcon.colcon_core.package_identification:_identify(.) by extensions ['cmake', 'python']
[0.168s] Level 1:colcon.colcon_core.package_identification:_identify(.) by extension 'cmake'
[0.168s] Level 1:colcon.colcon_core.package_identification:_identify(.) by extension 'python'
[0.168s] Level 1:colcon.colcon_core.package_identification:_identify(.) by extensions ['python_setup_py']
[0.168s] Level 1:colcon.colcon_core.package_identification:_identify(.) by extension 'python_setup_py'
[0.168s] Level 1:colcon.colcon_core.package_identification:_identify(build) by extensions ['ignore', 'ignore_ament_install']
[0.168s] Level 1:colcon.colcon_core.package_identification:_identify(build) by extension 'ignore'
[0.168s] Level 1:colcon.colcon_core.package_identification:_identify(build) ignored
[0.168s] Level 1:colcon.colcon_core.package_identification:_identify(car_path_simulation) by extensions ['ignore', 'ignore_ament_install']
[0.168s] Level 1:colcon.colcon_core.package_identification:_identify(car_path_simulation) by extension 'ignore'
[0.168s] Level 1:colcon.colcon_core.package_identification:_identify(car_path_simulation) by extension 'ignore_ament_install'
[0.169s] Level 1:colcon.colcon_core.package_identification:_identify(car_path_simulation) by extensions ['colcon_pkg']
[0.169s] Level 1:colcon.colcon_core.package_identification:_identify(car_path_simulation) by extension 'colcon_pkg'
[0.169s] Level 1:colcon.colcon_core.package_identification:_identify(car_path_simulation) by extensions ['colcon_meta']
[0.169s] Level 1:colcon.colcon_core.package_identification:_identify(car_path_simulation) by extension 'colcon_meta'
[0.169s] Level 1:colcon.colcon_core.package_identification:_identify(car_path_simulation) by extensions ['ros']
[0.169s] Level 1:colcon.colcon_core.package_identification:_identify(car_path_simulation) by extension 'ros'
[0.170s] DEBUG:colcon.colcon_core.package_identification:Package 'car_path_simulation' with type 'ros.ament_cmake' and name 'car_path_simulation'
[0.170s] Level 1:colcon.colcon_core.package_identification:_identify(install) by extensions ['ignore', 'ignore_ament_install']
[0.171s] Level 1:colcon.colcon_core.package_identification:_identify(install) by extension 'ignore'
[0.171s] Level 1:colcon.colcon_core.package_identification:_identify(install) ignored
[0.171s] Level 1:colcon.colcon_core.package_identification:_identify(log) by extensions ['ignore', 'ignore_ament_install']
[0.171s] Level 1:colcon.colcon_core.package_identification:_identify(log) by extension 'ignore'
[0.171s] Level 1:colcon.colcon_core.package_identification:_identify(log) ignored
[0.171s] Level 1:colcon.colcon_core.package_identification:_identify(occupancy) by extensions ['ignore', 'ignore_ament_install']
[0.171s] Level 1:colcon.colcon_core.package_identification:_identify(occupancy) by extension 'ignore'
[0.171s] Level 1:colcon.colcon_core.package_identification:_identify(occupancy) by extension 'ignore_ament_install'
[0.171s] Level 1:colcon.colcon_core.package_identification:_identify(occupancy) by extensions ['colcon_pkg']
[0.171s] Level 1:colcon.colcon_core.package_identification:_identify(occupancy) by extension 'colcon_pkg'
[0.171s] Level 1:colcon.colcon_core.package_identification:_identify(occupancy) by extensions ['colcon_meta']
[0.171s] Level 1:colcon.colcon_core.package_identification:_identify(occupancy) by extension 'colcon_meta'
[0.171s] Level 1:colcon.colcon_core.package_identification:_identify(occupancy) by extensions ['ros']
[0.171s] Level 1:colcon.colcon_core.package_identification:_identify(occupancy) by extension 'ros'
[0.171s] DEBUG:colcon.colcon_core.package_identification:Package 'occupancy' with type 'ros.ament_cmake' and name 'occupancy'
[0.172s] Level 1:colcon.colcon_core.package_identification:_identify(visualization_package) by extensions ['ignore', 'ignore_ament_install']
[0.172s] Level 1:colcon.colcon_core.package_identification:_identify(visualization_package) by extension 'ignore'
[0.172s] Level 1:colcon.colcon_core.package_identification:_identify(visualization_package) by extension 'ignore_ament_install'
[0.172s] Level 1:colcon.colcon_core.package_identification:_identify(visualization_package) by extensions ['colcon_pkg']
[0.172s] Level 1:colcon.colcon_core.package_identification:_identify(visualization_package) by extension 'colcon_pkg'
[0.172s] Level 1:colcon.colcon_core.package_identification:_identify(visualization_package) by extensions ['colcon_meta']
[0.172s] Level 1:colcon.colcon_core.package_identification:_identify(visualization_package) by extension 'colcon_meta'
[0.172s] Level 1:colcon.colcon_core.package_identification:_identify(visualization_package) by extensions ['ros']
[0.172s] Level 1:colcon.colcon_core.package_identification:_identify(visualization_package) by extension 'ros'
[0.172s] DEBUG:colcon.colcon_core.package_identification:Package 'visualization_package' with type 'ros.ament_cmake' and name 'visualization_package'
[0.172s] Level 1:colcon.colcon_core.package_discovery:discover_packages(recursive) using defaults
[0.172s] Level 1:colcon.colcon_core.package_discovery:discover_packages(ignore) discover
[0.172s] Level 1:colcon.colcon_core.package_discovery:discover_packages(ignore) using defaults
[0.172s] Level 1:colcon.colcon_core.package_discovery:discover_packages(path) discover
[0.172s] Level 1:colcon.colcon_core.package_discovery:discover_packages(path) using defaults
[0.185s] Level 1:colcon.colcon_core.package_discovery:discover_packages(prefix_path) check parameters
[0.185s] Level 1:colcon.colcon_core.package_discovery:discover_packages(prefix_path) discover
[0.187s] DEBUG:colcon.colcon_installed_package_information.package_discovery:Found 3 installed packages in /home/shivam/code-masala/ros/missile/MpC/install
[0.188s] DEBUG:colcon.colcon_installed_package_information.package_discovery:Found 286 installed packages in /opt/ros/humble
[0.195s] Level 1:colcon.colcon_core.package_discovery:discover_packages(prefix_path) using defaults
[0.217s] Level 5:colcon.colcon_core.verb:set package 'car_path_simulation' build argument 'cmake_args' from command line to 'None'
[0.217s] Level 5:colcon.colcon_core.verb:set package 'car_path_simulation' build argument 'cmake_target' from command line to 'None'
[0.217s] Level 5:colcon.colcon_core.verb:set package 'car_path_simulation' build argument 'cmake_target_skip_unavailable' from command line to 'False'
[0.217s] Level 5:colcon.colcon_core.verb:set package 'car_path_simulation' build argument 'cmake_clean_cache' from command line to 'False'
[0.217s] Level 5:colcon.colcon_core.verb:set package 'car_path_simulation' build argument 'cmake_clean_first' from command line to 'False'
[0.217s] Level 5:colcon.colcon_core.verb:set package 'car_path_simulation' build argument 'cmake_force_configure' from command line to 'False'
[0.217s] Level 5:colcon.colcon_core.verb:set package 'car_path_simulation' build argument 'ament_cmake_args' from command line to 'None'
[0.217s] Level 5:colcon.colcon_core.verb:set package 'car_path_simulation' build argument 'catkin_cmake_args' from command line to 'None'
[0.217s] Level 5:colcon.colcon_core.verb:set package 'car_path_simulation' build argument 'catkin_skip_building_tests' from command line to 'False'
[0.217s] DEBUG:colcon.colcon_core.verb:Building package 'car_path_simulation' with the following arguments: {'ament_cmake_args': None, 'build_base': '/home/shivam/code-masala/ros/missile/MpC/build/car_path_simulation', 'catkin_cmake_args': None, 'catkin_skip_building_tests': False, 'cmake_args': None, 'cmake_clean_cache': False, 'cmake_clean_first': False, 'cmake_force_configure': False, 'cmake_target': None, 'cmake_target_skip_unavailable': False, 'install_base': '/home/shivam/code-masala/ros/missile/MpC/install/car_path_simulation', 'merge_install': False, 'path': '/home/shivam/code-masala/ros/missile/MpC/car_path_simulation', 'symlink_install': False, 'test_result_base': None}
[0.217s] Level 5:colcon.colcon_core.verb:set package 'occupancy' build argument 'cmake_args' from command line to 'None'
[0.217s] Level 5:colcon.colcon_core.verb:set package 'occupancy' build argument 'cmake_target' from command line to 'None'
[0.217s] Level 5:colcon.colcon_core.verb:set package 'occupancy' build argument 'cmake_target_skip_unavailable' from command line to 'False'
[0.217s] Level 5:colcon.colcon_core.verb:set package 'occupancy' build argument 'cmake_clean_cache' from command line to 'False'
[0.217s] Level 5:colcon.colcon_core.verb:set package 'occupancy' build argument 'cmake_clean_first' from command line to 'False'
[0.217s] Level 5:colcon.colcon_core.verb:set package 'occupancy' build argument 'cmake_force_configure' from command line to 'False'
[0.217s] Level 5:colcon.colcon_core.verb:set package 'occupancy' build argument 'ament_cmake_args' from command line to 'None'
[0.217s] Level 5:colcon.colcon_core.verb:set package 'occupancy' build argument 'catkin_cmake_args' from command line to 'None'
[0.217s] Level 5:colcon.colcon_core.verb:set package 'occupancy' build argument 'catkin_skip_building_tests' from command line to 'False'
[0.217s] DEBUG:colcon.colcon_core.verb:Building package 'occupancy' with the following arguments: {'ament_cmake_args': None, 'build_base': '/home/shivam/code-masala/ros/missile/MpC/build/occupancy', 'catkin_cmake_args': None, 'catkin_skip_building_tests': False, 'cmake_args': None, 'cmake_clean_cache': False, 'cmake_clean_first': False, 'cmake_force_configure': False, 'cmake_target': None, 'cmake_target_skip_unavailable': False, 'install_base': '/home/shivam/code-masala/ros/missile/MpC/install/occupancy', 'merge_install': False, 'path': '/home/shivam/code-masala/ros/missile/MpC/occupancy', 'symlink_install': False, 'test_result_base': None}
[0.217s] Level 5:colcon.colcon_core.verb:set package 'visualization_package' build argument 'cmake_args' from command line to 'None'
[0.217s] Level 5:colcon.colcon_core.verb:set package 'visualization_package' build argument 'cmake_target' from command line to 'None'
[0.217s] Level 5:colcon.colcon_core.verb:set package 'visualization_package' build argument 'cmake_target_skip_unavailable' from command line to 'False'
[0.217s] Level 5:colcon.colcon_core.verb:set package 'visualization_package' build argument 'cmake_clean_cache' from command line to 'False'
[0.217s] Level 5:colcon.colcon_core.verb:set package 'visualization_package' build argument 'cmake_clean_first' from command line to 'False'
[0.217s] Level 5:colcon.colcon_core.verb:set package 'visualization_package' build argument 'cmake_force_configure' from command line to 'False'
[0.217s] Level 5:colcon.colcon_core.verb:set package 'visualization_package' build argument 'ament_cmake_args' from command line to 'None'
[0.217s] Level 5:colcon.colcon_core.verb:set package 'visualization_package' build argument 'catkin_cmake_args' from command line to 'None'
[0.217s] Level 5:colcon.colcon_core.verb:set package 'visualization_package' build argument 'catkin_skip_building_tests' from command line to 'False'
[0.217s] DEBUG:colcon.colcon_core.verb:Building package 'visualization_package' with the following arguments: {'ament_cmake_args': None, 'build_base': '/home/shivam/code-masala/ros/missile/MpC/build/visualization_package', 'catkin_cmake_args': None, 'catkin_skip_building_tests': False, 'cmake_args': None, 'cmake_clean_cache': False, 'cmake_clean_first': False, 'cmake_force_configure': False, 'cmake_target': None, 'cmake_target_skip_unavailable': False, 'install_base': '/home/shivam/code-masala/ros/missile/MpC/install/visualization_package', 'merge_install': False, 'path': '/home/shivam/code-masala/ros/missile/MpC/visualization_package', 'symlink_install': False, 'test_result_base': None}
[0.218s] INFO:colcon.colcon_core.executor:Executing jobs using 'parallel' executor
[0.218s] DEBUG:colcon.colcon_parallel_executor.executor.parallel:run_until_complete
[0.219s] INFO:colcon.colcon_ros.task.ament_cmake.build:Building ROS package in '/home/shivam/code-masala/ros/missile/MpC/car_path_simulation' with build type 'ament_cmake'
[0.219s] INFO:colcon.colcon_cmake.task.cmake.build:Building CMake package in '/home/shivam/code-masala/ros/missile/MpC/car_path_simulation'
[0.220s] INFO:colcon.colcon_core.plugin_system:Skipping extension 'colcon_core.shell.bat': Not used on non-Windows systems
[0.220s] INFO:colcon.colcon_core.shell:Skip shell extension 'powershell' for command environment: Not usable outside of PowerShell
[0.220s] DEBUG:colcon.colcon_core.shell:Skip shell extension 'dsv' for command environment
[0.222s] INFO:colcon.colcon_ros.task.ament_cmake.build:Building ROS package in '/home/shivam/code-masala/ros/missile/MpC/occupancy' with build type 'ament_cmake'
[0.222s] INFO:colcon.colcon_cmake.task.cmake.build:Building CMake package in '/home/shivam/code-masala/ros/missile/MpC/occupancy'
[0.222s] INFO:colcon.colcon_core.shell:Skip shell extension 'powershell' for command environment: Not usable outside of PowerShell
[0.222s] DEBUG:colcon.colcon_core.shell:Skip shell extension 'dsv' for command environment
[0.224s] INFO:colcon.colcon_ros.task.ament_cmake.build:Building ROS package in '/home/shivam/code-masala/ros/missile/MpC/visualization_package' with build type 'ament_cmake'
[0.224s] INFO:colcon.colcon_cmake.task.cmake.build:Building CMake package in '/home/shivam/code-masala/ros/missile/MpC/visualization_package'
[0.225s] INFO:colcon.colcon_core.shell:Skip shell extension 'powershell' for command environment: Not usable outside of PowerShell
[0.225s] DEBUG:colcon.colcon_core.shell:Skip shell extension 'dsv' for command environment
[0.231s] DEBUG:colcon.colcon_core.event_handler.log_command:Invoking command in '/home/shivam/code-masala/ros/missile/MpC/build/car_path_simulation': CMAKE_PREFIX_PATH=${CMAKE_PREFIX_PATH}:/opt/ros/humble VIRTUAL_ENV_PROMPT=(myenv) /usr/bin/cmake --build /home/shivam/code-masala/ros/missile/MpC/build/car_path_simulation -- -j16 -l16
[0.235s] DEBUG:colcon.colcon_core.event_handler.log_command:Invoking command in '/home/shivam/code-masala/ros/missile/MpC/build/occupancy': CMAKE_PREFIX_PATH=${CMAKE_PREFIX_PATH}:/opt/ros/humble VIRTUAL_ENV_PROMPT=(myenv) /usr/bin/cmake --build /home/shivam/code-masala/ros/missile/MpC/build/occupancy -- -j16 -l16
[0.235s] DEBUG:colcon.colcon_core.event_handler.log_command:Invoking command in '/home/shivam/code-masala/ros/missile/MpC/build/visualization_package': CMAKE_PREFIX_PATH=${CMAKE_PREFIX_PATH}:/opt/ros/humble VIRTUAL_ENV_PROMPT=(myenv) /usr/bin/cmake --build /home/shivam/code-masala/ros/missile/MpC/build/visualization_package -- -j16 -l16
[0.277s] DEBUG:colcon.colcon_core.event_handler.log_command:Invoked command in '/home/shivam/code-masala/ros/missile/MpC/build/car_path_simulation' returned '0': CMAKE_PREFIX_PATH=${CMAKE_PREFIX_PATH}:/opt/ros/humble VIRTUAL_ENV_PROMPT=(myenv) /usr/bin/cmake --build /home/shivam/code-masala/ros/missile/MpC/build/car_path_simulation -- -j16 -l16
[0.284s] DEBUG:colcon.colcon_core.event_handler.log_command:Invoking command in '/home/shivam/code-masala/ros/missile/MpC/build/car_path_simulation': CMAKE_PREFIX_PATH=${CMAKE_PREFIX_PATH}:/opt/ros/humble VIRTUAL_ENV_PROMPT=(myenv) /usr/bin/cmake --install /home/shivam/code-masala/ros/missile/MpC/build/car_path_simulation
[0.285s] DEBUG:colcon.colcon_core.event_handler.log_command:Invoked command in '/home/shivam/code-masala/ros/missile/MpC/build/occupancy' returned '0': CMAKE_PREFIX_PATH=${CMAKE_PREFIX_PATH}:/opt/ros/humble VIRTUAL_ENV_PROMPT=(myenv) /usr/bin/cmake --build /home/shivam/code-masala/ros/missile/MpC/build/occupancy -- -j16 -l16
[0.288s] DEBUG:colcon.colcon_core.event_handler.log_command:Invoking command in '/home/shivam/code-masala/ros/missile/MpC/build/occupancy': CMAKE_PREFIX_PATH=${CMAKE_PREFIX_PATH}:/opt/ros/humble VIRTUAL_ENV_PROMPT=(myenv) /usr/bin/cmake --install /home/shivam/code-masala/ros/missile/MpC/build/occupancy
[0.288s] DEBUG:colcon.colcon_core.event_handler.log_command:Invoked command in '/home/shivam/code-masala/ros/missile/MpC/build/visualization_package' returned '0': CMAKE_PREFIX_PATH=${CMAKE_PREFIX_PATH}:/opt/ros/humble VIRTUAL_ENV_PROMPT=(myenv) /usr/bin/cmake --build /home/shivam/code-masala/ros/missile/MpC/build/visualization_package -- -j16 -l16
[0.289s] DEBUG:colcon.colcon_core.event_handler.log_command:Invoking command in '/home/shivam/code-masala/ros/missile/MpC/build/visualization_package': CMAKE_PREFIX_PATH=${CMAKE_PREFIX_PATH}:/opt/ros/humble VIRTUAL_ENV_PROMPT=(myenv) /usr/bin/cmake --install /home/shivam/code-masala/ros/missile/MpC/build/visualization_package
[0.291s] Level 1:colcon.colcon_core.environment:create_environment_scripts_only(car_path_simulation)
[0.291s] DEBUG:colcon.colcon_core.event_handler.log_command:Invoked command in '/home/shivam/code-masala/ros/missile/MpC/build/car_path_simulation' returned '0': CMAKE_PREFIX_PATH=${CMAKE_PREFIX_PATH}:/opt/ros/humble VIRTUAL_ENV_PROMPT=(myenv) /usr/bin/cmake --install /home/shivam/code-masala/ros/missile/MpC/build/car_path_simulation
[0.292s] Level 1:colcon.colcon_core.environment:checking '/home/shivam/code-masala/ros/missile/MpC/install/car_path_simulation' for CMake module files
[0.293s] Level 1:colcon.colcon_core.environment:checking '/home/shivam/code-masala/ros/missile/MpC/install/car_path_simulation' for CMake config files
[0.293s] Level 1:colcon.colcon_core.shell:create_environment_hook('car_path_simulation', 'cmake_prefix_path')
[0.293s] INFO:colcon.colcon_core.shell:Creating environment hook '/home/shivam/code-masala/ros/missile/MpC/install/car_path_simulation/share/car_path_simulation/hook/cmake_prefix_path.ps1'
[0.294s] INFO:colcon.colcon_core.shell:Creating environment descriptor '/home/shivam/code-masala/ros/missile/MpC/install/car_path_simulation/share/car_path_simulation/hook/cmake_prefix_path.dsv'
[0.294s] INFO:colcon.colcon_core.shell:Creating environment hook '/home/shivam/code-masala/ros/missile/MpC/install/car_path_simulation/share/car_path_simulation/hook/cmake_prefix_path.sh'
[0.296s] Level 1:colcon.colcon_core.environment:checking '/home/shivam/code-masala/ros/missile/MpC/install/car_path_simulation/lib'
[0.296s] Level 1:colcon.colcon_core.environment:checking '/home/shivam/code-masala/ros/missile/MpC/install/car_path_simulation/bin'
[0.296s] Level 1:colcon.colcon_core.environment:checking '/home/shivam/code-masala/ros/missile/MpC/install/car_path_simulation/lib/pkgconfig/car_path_simulation.pc'
[0.296s] Level 1:colcon.colcon_core.environment:checking '/home/shivam/code-masala/ros/missile/MpC/install/car_path_simulation/lib/python3.10/site-packages'
[0.296s] Level 1:colcon.colcon_core.environment:checking '/home/shivam/code-masala/ros/missile/MpC/install/car_path_simulation/bin'
[0.296s] INFO:colcon.colcon_core.shell:Creating package script '/home/shivam/code-masala/ros/missile/MpC/install/car_path_simulation/share/car_path_simulation/package.ps1'
[0.297s] INFO:colcon.colcon_core.shell:Creating package descriptor '/home/shivam/code-masala/ros/missile/MpC/install/car_path_simulation/share/car_path_simulation/package.dsv'
[0.297s] INFO:colcon.colcon_core.shell:Creating package script '/home/shivam/code-masala/ros/missile/MpC/install/car_path_simulation/share/car_path_simulation/package.sh'
[0.298s] INFO:colcon.colcon_core.shell:Creating package script '/home/shivam/code-masala/ros/missile/MpC/install/car_path_simulation/share/car_path_simulation/package.bash'
[0.298s] INFO:colcon.colcon_core.shell:Creating package script '/home/shivam/code-masala/ros/missile/MpC/install/car_path_simulation/share/car_path_simulation/package.zsh'
[0.298s] Level 1:colcon.colcon_core.environment:create_file_with_runtime_dependencies(/home/shivam/code-masala/ros/missile/MpC/install/car_path_simulation/share/colcon-core/packages/car_path_simulation)
[0.299s] Level 1:colcon.colcon_core.environment:create_environment_scripts_only(car_path_simulation)
[0.299s] Level 1:colcon.colcon_core.environment:checking '/home/shivam/code-masala/ros/missile/MpC/install/car_path_simulation' for CMake module files
[0.299s] Level 1:colcon.colcon_core.environment:checking '/home/shivam/code-masala/ros/missile/MpC/install/car_path_simulation' for CMake config files
[0.299s] Level 1:colcon.colcon_core.shell:create_environment_hook('car_path_simulation', 'cmake_prefix_path')
[0.299s] INFO:colcon.colcon_core.shell:Creating environment hook '/home/shivam/code-masala/ros/missile/MpC/install/car_path_simulation/share/car_path_simulation/hook/cmake_prefix_path.ps1'
[0.300s] INFO:colcon.colcon_core.shell:Creating environment descriptor '/home/shivam/code-masala/ros/missile/MpC/install/car_path_simulation/share/car_path_simulation/hook/cmake_prefix_path.dsv'
[0.300s] INFO:colcon.colcon_core.shell:Creating environment hook '/home/shivam/code-masala/ros/missile/MpC/install/car_path_simulation/share/car_path_simulation/hook/cmake_prefix_path.sh'
[0.300s] Level 1:colcon.colcon_core.environment:checking '/home/shivam/code-masala/ros/missile/MpC/install/car_path_simulation/lib'
[0.300s] Level 1:colcon.colcon_core.environment:checking '/home/shivam/code-masala/ros/missile/MpC/install/car_path_simulation/bin'
[0.300s] Level 1:colcon.colcon_core.environment:checking '/home/shivam/code-masala/ros/missile/MpC/install/car_path_simulation/lib/pkgconfig/car_path_simulation.pc'
[0.300s] Level 1:colcon.colcon_core.environment:checking '/home/shivam/code-masala/ros/missile/MpC/install/car_path_simulation/lib/python3.10/site-packages'
[0.300s] Level 1:colcon.colcon_core.environment:checking '/home/shivam/code-masala/ros/missile/MpC/install/car_path_simulation/bin'
[0.301s] INFO:colcon.colcon_core.shell:Creating package script '/home/shivam/code-masala/ros/missile/MpC/install/car_path_simulation/share/car_path_simulation/package.ps1'
[0.301s] INFO:colcon.colcon_core.shell:Creating package descriptor '/home/shivam/code-masala/ros/missile/MpC/install/car_path_simulation/share/car_path_simulation/package.dsv'
[0.301s] INFO:colcon.colcon_core.shell:Creating package script '/home/shivam/code-masala/ros/missile/MpC/install/car_path_simulation/share/car_path_simulation/package.sh'
[0.301s] INFO:colcon.colcon_core.shell:Creating package script '/home/shivam/code-masala/ros/missile/MpC/install/car_path_simulation/share/car_path_simulation/package.bash'
[0.302s] INFO:colcon.colcon_core.shell:Creating package script '/home/shivam/code-masala/ros/missile/MpC/install/car_path_simulation/share/car_path_simulation/package.zsh'
[0.302s] Level 1:colcon.colcon_core.environment:create_file_with_runtime_dependencies(/home/shivam/code-masala/ros/missile/MpC/install/car_path_simulation/share/colcon-core/packages/car_path_simulation)
[0.303s] Level 1:colcon.colcon_core.environment:create_environment_scripts_only(occupancy)
[0.303s] Level 1:colcon.colcon_core.environment:checking '/home/shivam/code-masala/ros/missile/MpC/install/occupancy' for CMake module files
[0.304s] DEBUG:colcon.colcon_core.event_handler.log_command:Invoked command in '/home/shivam/code-masala/ros/missile/MpC/build/occupancy' returned '0': CMAKE_PREFIX_PATH=${CMAKE_PREFIX_PATH}:/opt/ros/humble VIRTUAL_ENV_PROMPT=(myenv) /usr/bin/cmake --install /home/shivam/code-masala/ros/missile/MpC/build/occupancy
[0.304s] Level 1:colcon.colcon_core.environment:checking '/home/shivam/code-masala/ros/missile/MpC/install/occupancy' for CMake config files
[0.304s] Level 1:colcon.colcon_core.shell:create_environment_hook('occupancy', 'cmake_prefix_path')
[0.304s] INFO:colcon.colcon_core.shell:Creating environment hook '/home/shivam/code-masala/ros/missile/MpC/install/occupancy/share/occupancy/hook/cmake_prefix_path.ps1'
[0.305s] INFO:colcon.colcon_core.shell:Creating environment descriptor '/home/shivam/code-masala/ros/missile/MpC/install/occupancy/share/occupancy/hook/cmake_prefix_path.dsv'
[0.305s] INFO:colcon.colcon_core.shell:Creating environment hook '/home/shivam/code-masala/ros/missile/MpC/install/occupancy/share/occupancy/hook/cmake_prefix_path.sh'
[0.305s] Level 1:colcon.colcon_core.environment:checking '/home/shivam/code-masala/ros/missile/MpC/install/occupancy/lib'
[0.305s] Level 1:colcon.colcon_core.environment:checking '/home/shivam/code-masala/ros/missile/MpC/install/occupancy/bin'
[0.305s] Level 1:colcon.colcon_core.environment:checking '/home/shivam/code-masala/ros/missile/MpC/install/occupancy/lib/pkgconfig/occupancy.pc'
[0.306s] Level 1:colcon.colcon_core.environment:checking '/home/shivam/code-masala/ros/missile/MpC/install/occupancy/lib/python3.10/site-packages'
[0.306s] Level 1:colcon.colcon_core.environment:checking '/home/shivam/code-masala/ros/missile/MpC/install/occupancy/bin'
[0.306s] INFO:colcon.colcon_core.shell:Creating package script '/home/shivam/code-masala/ros/missile/MpC/install/occupancy/share/occupancy/package.ps1'
[0.306s] INFO:colcon.colcon_core.shell:Creating package descriptor '/home/shivam/code-masala/ros/missile/MpC/install/occupancy/share/occupancy/package.dsv'
[0.307s] INFO:colcon.colcon_core.shell:Creating package script '/home/shivam/code-masala/ros/missile/MpC/install/occupancy/share/occupancy/package.sh'
[0.307s] INFO:colcon.colcon_core.shell:Creating package script '/home/shivam/code-masala/ros/missile/MpC/install/occupancy/share/occupancy/package.bash'
[0.307s] INFO:colcon.colcon_core.shell:Creating package script '/home/shivam/code-masala/ros/missile/MpC/install/occupancy/share/occupancy/package.zsh'
[0.307s] Level 1:colcon.colcon_core.environment:create_file_with_runtime_dependencies(/home/shivam/code-masala/ros/missile/MpC/install/occupancy/share/colcon-core/packages/occupancy)
[0.308s] Level 1:colcon.colcon_core.environment:create_environment_scripts_only(occupancy)
[0.308s] Level 1:colcon.colcon_core.environment:checking '/home/shivam/code-masala/ros/missile/MpC/install/occupancy' for CMake module files
[0.308s] Level 1:colcon.colcon_core.environment:checking '/home/shivam/code-masala/ros/missile/MpC/install/occupancy' for CMake config files
[0.308s] Level 1:colcon.colcon_core.shell:create_environment_hook('occupancy', 'cmake_prefix_path')
[0.308s] INFO:colcon.colcon_core.shell:Creating environment hook '/home/shivam/code-masala/ros/missile/MpC/install/occupancy/share/occupancy/hook/cmake_prefix_path.ps1'
[0.309s] INFO:colcon.colcon_core.shell:Creating environment descriptor '/home/shivam/code-masala/ros/missile/MpC/install/occupancy/share/occupancy/hook/cmake_prefix_path.dsv'
[0.309s] INFO:colcon.colcon_core.shell:Creating environment hook '/home/shivam/code-masala/ros/missile/MpC/install/occupancy/share/occupancy/hook/cmake_prefix_path.sh'
[0.309s] Level 1:colcon.colcon_core.environment:checking '/home/shivam/code-masala/ros/missile/MpC/install/occupancy/lib'
[0.309s] Level 1:colcon.colcon_core.environment:checking '/home/shivam/code-masala/ros/missile/MpC/install/occupancy/bin'
[0.309s] Level 1:colcon.colcon_core.environment:checking '/home/shivam/code-masala/ros/missile/MpC/install/occupancy/lib/pkgconfig/occupancy.pc'
[0.309s] Level 1:colcon.colcon_core.environment:checking '/home/shivam/code-masala/ros/missile/MpC/install/occupancy/lib/python3.10/site-packages'
[0.310s] Level 1:colcon.colcon_core.environment:checking '/home/shivam/code-masala/ros/missile/MpC/install/occupancy/bin'
[0.310s] INFO:colcon.colcon_core.shell:Creating package script '/home/shivam/code-masala/ros/missile/MpC/install/occupancy/share/occupancy/package.ps1'
[0.310s] INFO:colcon.colcon_core.shell:Creating package descriptor '/home/shivam/code-masala/ros/missile/MpC/install/occupancy/share/occupancy/package.dsv'
[0.310s] INFO:colcon.colcon_core.shell:Creating package script '/home/shivam/code-masala/ros/missile/MpC/install/occupancy/share/occupancy/package.sh'
[0.311s] INFO:colcon.colcon_core.shell:Creating package script '/home/shivam/code-masala/ros/missile/MpC/install/occupancy/share/occupancy/package.bash'
[0.311s] INFO:colcon.colcon_core.shell:Creating package script '/home/shivam/code-masala/ros/missile/MpC/install/occupancy/share/occupancy/package.zsh'
[0.312s] Level 1:colcon.colcon_core.environment:create_file_with_runtime_dependencies(/home/shivam/code-masala/ros/missile/MpC/install/occupancy/share/colcon-core/packages/occupancy)
[0.312s] Level 1:colcon.colcon_core.environment:create_environment_scripts_only(visualization_package)
[0.312s] Level 1:colcon.colcon_core.environment:checking '/home/shivam/code-masala/ros/missile/MpC/install/visualization_package' for CMake module files
[0.313s] DEBUG:colcon.colcon_core.event_handler.log_command:Invoked command in '/home/shivam/code-masala/ros/missile/MpC/build/visualization_package' returned '0': CMAKE_PREFIX_PATH=${CMAKE_PREFIX_PATH}:/opt/ros/humble VIRTUAL_ENV_PROMPT=(myenv) /usr/bin/cmake --install /home/shivam/code-masala/ros/missile/MpC/build/visualization_package
[0.313s] Level 1:colcon.colcon_core.environment:checking '/home/shivam/code-masala/ros/missile/MpC/install/visualization_package' for CMake config files
[0.314s] Level 1:colcon.colcon_core.shell:create_environment_hook('visualization_package', 'cmake_prefix_path')
[0.314s] INFO:colcon.colcon_core.shell:Creating environment hook '/home/shivam/code-masala/ros/missile/MpC/install/visualization_package/share/visualization_package/hook/cmake_prefix_path.ps1'
[0.314s] INFO:colcon.colcon_core.shell:Creating environment descriptor '/home/shivam/code-masala/ros/missile/MpC/install/visualization_package/share/visualization_package/hook/cmake_prefix_path.dsv'
[0.314s] INFO:colcon.colcon_core.shell:Creating environment hook '/home/shivam/code-masala/ros/missile/MpC/install/visualization_package/share/visualization_package/hook/cmake_prefix_path.sh'
[0.315s] Level 1:colcon.colcon_core.environment:checking '/home/shivam/code-masala/ros/missile/MpC/install/visualization_package/lib'
[0.315s] Level 1:colcon.colcon_core.environment:checking '/home/shivam/code-masala/ros/missile/MpC/install/visualization_package/bin'
[0.315s] Level 1:colcon.colcon_core.environment:checking '/home/shivam/code-masala/ros/missile/MpC/install/visualization_package/lib/pkgconfig/visualization_package.pc'
[0.315s] Level 1:colcon.colcon_core.environment:checking '/home/shivam/code-masala/ros/missile/MpC/install/visualization_package/lib/python3.10/site-packages'
[0.315s] Level 1:colcon.colcon_core.environment:checking '/home/shivam/code-masala/ros/missile/MpC/install/visualization_package/bin'
[0.315s] INFO:colcon.colcon_core.shell:Creating package script '/home/shivam/code-masala/ros/missile/MpC/install/visualization_package/share/visualization_package/package.ps1'
[0.316s] INFO:colcon.colcon_core.shell:Creating package descriptor '/home/shivam/code-masala/ros/missile/MpC/install/visualization_package/share/visualization_package/package.dsv'
[0.316s] INFO:colcon.colcon_core.shell:Creating package script '/home/shivam/code-masala/ros/missile/MpC/install/visualization_package/share/visualization_package/package.sh'
[0.316s] INFO:colcon.colcon_core.shell:Creating package script '/home/shivam/code-masala/ros/missile/MpC/install/visualization_package/share/visualization_package/package.bash'
[0.317s] INFO:colcon.colcon_core.shell:Creating package script '/home/shivam/code-masala/ros/missile/MpC/install/visualization_package/share/visualization_package/package.zsh'
[0.318s] Level 1:colcon.colcon_core.environment:create_file_with_runtime_dependencies(/home/shivam/code-masala/ros/missile/MpC/install/visualization_package/share/colcon-core/packages/visualization_package)
[0.318s] Level 1:colcon.colcon_core.environment:create_environment_scripts_only(visualization_package)
[0.319s] Level 1:colcon.colcon_core.environment:checking '/home/shivam/code-masala/ros/missile/MpC/install/visualization_package' for CMake module files
[0.319s] Level 1:colcon.colcon_core.environment:checking '/home/shivam/code-masala/ros/missile/MpC/install/visualization_package' for CMake config files
[0.319s] Level 1:colcon.colcon_core.shell:create_environment_hook('visualization_package', 'cmake_prefix_path')
[0.319s] INFO:colcon.colcon_core.shell:Creating environment hook '/home/shivam/code-masala/ros/missile/MpC/install/visualization_package/share/visualization_package/hook/cmake_prefix_path.ps1'
[0.320s] INFO:colcon.colcon_core.shell:Creating environment descriptor '/home/shivam/code-masala/ros/missile/MpC/install/visualization_package/share/visualization_package/hook/cmake_prefix_path.dsv'
[0.321s] INFO:colcon.colcon_core.shell:Creating environment hook '/home/shivam/code-masala/ros/missile/MpC/install/visualization_package/share/visualization_package/hook/cmake_prefix_path.sh'
[0.321s] Level 1:colcon.colcon_core.environment:checking '/home/shivam/code-masala/ros/missile/MpC/install/visualization_package/lib'
[0.321s] Level 1:colcon.colcon_core.environment:checking '/home/shivam/code-masala/ros/missile/MpC/install/visualization_package/bin'
[0.321s] Level 1:colcon.colcon_core.environment:checking '/home/shivam/code-masala/ros/missile/MpC/install/visualization_package/lib/pkgconfig/visualization_package.pc'
[0.321s] Level 1:colcon.colcon_core.environment:checking '/home/shivam/code-masala/ros/missile/MpC/install/visualization_package/lib/python3.10/site-packages'
[0.321s] Level 1:colcon.colcon_core.environment:checking '/home/shivam/code-masala/ros/missile/MpC/install/visualization_package/bin'
[0.322s] INFO:colcon.colcon_core.shell:Creating package script '/home/shivam/code-masala/ros/missile/MpC/install/visualization_package/share/visualization_package/package.ps1'
[0.322s] INFO:colcon.colcon_core.shell:Creating package descriptor '/home/shivam/code-masala/ros/missile/MpC/install/visualization_package/share/visualization_package/package.dsv'
[0.322s] INFO:colcon.colcon_core.shell:Creating package script '/home/shivam/code-masala/ros/missile/MpC/install/visualization_package/share/visualization_package/package.sh'
[0.323s] INFO:colcon.colcon_core.shell:Creating package script '/home/shivam/code-masala/ros/missile/MpC/install/visualization_package/share/visualization_package/package.bash'
[0.323s] INFO:colcon.colcon_core.shell:Creating package script '/home/shivam/code-masala/ros/missile/MpC/install/visualization_package/share/visualization_package/package.zsh'
[0.323s] Level 1:colcon.colcon_core.environment:create_file_with_runtime_dependencies(/home/shivam/code-masala/ros/missile/MpC/install/visualization_package/share/colcon-core/packages/visualization_package)
[0.323s] DEBUG:colcon.colcon_parallel_executor.executor.parallel:closing loop
[0.324s] DEBUG:colcon.colcon_parallel_executor.executor.parallel:loop closed
[0.324s] DEBUG:colcon.colcon_parallel_executor.executor.parallel:run_until_complete finished with '0'
[0.324s] DEBUG:colcon.colcon_core.event_reactor:joining thread
[0.327s] INFO:colcon.colcon_core.plugin_system:Skipping extension 'colcon_notification.desktop_notification.terminal_notifier': Not used on non-Darwin systems
[0.327s] INFO:colcon.colcon_core.plugin_system:Skipping extension 'colcon_notification.desktop_notification.win32': Not used on non-Windows systems
[0.327s] INFO:colcon.colcon_notification.desktop_notification:Sending desktop notification using 'notify2'
[0.334s] DEBUG:colcon.colcon_core.event_reactor:joined thread
[0.335s] INFO:colcon.colcon_core.shell:Creating prefix script '/home/shivam/code-masala/ros/missile/MpC/install/local_setup.ps1'
[0.335s] INFO:colcon.colcon_core.shell:Creating prefix util module '/home/shivam/code-masala/ros/missile/MpC/install/_local_setup_util_ps1.py'
[0.336s] INFO:colcon.colcon_core.shell:Creating prefix chain script '/home/shivam/code-masala/ros/missile/MpC/install/setup.ps1'
[0.337s] INFO:colcon.colcon_core.shell:Creating prefix script '/home/shivam/code-masala/ros/missile/MpC/install/local_setup.sh'
[0.337s] INFO:colcon.colcon_core.shell:Creating prefix util module '/home/shivam/code-masala/ros/missile/MpC/install/_local_setup_util_sh.py'
[0.338s] INFO:colcon.colcon_core.shell:Creating prefix chain script '/home/shivam/code-masala/ros/missile/MpC/install/setup.sh'
[0.338s] INFO:colcon.colcon_core.shell:Creating prefix script '/home/shivam/code-masala/ros/missile/MpC/install/local_setup.bash'
[0.339s] INFO:colcon.colcon_core.shell:Creating prefix chain script '/home/shivam/code-masala/ros/missile/MpC/install/setup.bash'
[0.339s] INFO:colcon.colcon_core.shell:Creating prefix script '/home/shivam/code-masala/ros/missile/MpC/install/local_setup.zsh'
[0.340s] INFO:colcon.colcon_core.shell:Creating prefix chain script '/home/shivam/code-masala/ros/missile/MpC/install/setup.zsh'
