[0.084s] DEBUG:colcon:Command line arguments: ['/usr/bin/colcon', 'build']
[0.084s] DEBUG:colcon:Parsed command line arguments: Namespace(log_base=None, log_level=None, verb_name='build', build_base='build', install_base='install', merge_install=False, symlink_install=False, test_result_base=None, continue_on_error=False, executor='parallel', parallel_workers=16, event_handlers=None, ignore_user_meta=False, metas=['./colcon.meta'], base_paths=['.'], packages_ignore=None, packages_ignore_regex=None, paths=None, packages_up_to=None, packages_up_to_regex=None, packages_above=None, packages_above_and_dependencies=None, packages_above_depth=None, packages_select_by_dep=None, packages_skip_by_dep=None, packages_skip_up_to=None, packages_select_build_failed=False, packages_skip_build_finished=False, packages_select_test_failures=False, packages_skip_test_passed=False, packages_select=None, packages_skip=None, packages_select_regex=None, packages_skip_regex=None, packages_start=None, packages_end=None, allow_overriding=[], cmake_args=None, cmake_target=None, cmake_target_skip_unavailable=False, cmake_clean_cache=False, cmake_clean_first=False, cmake_force_configure=False, ament_cmake_args=None, catkin_cmake_args=None, catkin_skip_building_tests=False, verb_parser=<colcon_defaults.argument_parser.defaults.DefaultArgumentsDecorator object at 0x7e8d87c0a980>, verb_extension=<colcon_core.verb.build.BuildVerb object at 0x7e8d87c0a080>, main=<bound method BuildVerb.main of <colcon_core.verb.build.BuildVerb object at 0x7e8d87c0a080>>)
[0.207s] Level 1:colcon.colcon_core.package_discovery:discover_packages(colcon_meta) check parameters
[0.207s] Level 1:colcon.colcon_core.package_discovery:discover_packages(recursive) check parameters
[0.207s] Level 1:colcon.colcon_core.package_discovery:discover_packages(ignore) check parameters
[0.207s] Level 1:colcon.colcon_core.package_discovery:discover_packages(path) check parameters
[0.207s] Level 1:colcon.colcon_core.package_discovery:discover_packages(colcon_meta) discover
[0.207s] Level 1:colcon.colcon_core.package_discovery:discover_packages(recursive) discover
[0.207s] INFO:colcon.colcon_core.package_discovery:Crawling recursively for packages in '/home/shivam/code-masala/ros/missile/src'
[0.207s] Level 1:colcon.colcon_core.package_identification:_identify(.) by extensions ['ignore', 'ignore_ament_install']
[0.208s] Level 1:colcon.colcon_core.package_identification:_identify(.) by extension 'ignore'
[0.208s] Level 1:colcon.colcon_core.package_identification:_identify(.) by extension 'ignore_ament_install'
[0.208s] Level 1:colcon.colcon_core.package_identification:_identify(.) by extensions ['colcon_pkg']
[0.208s] Level 1:colcon.colcon_core.package_identification:_identify(.) by extension 'colcon_pkg'
[0.208s] Level 1:colcon.colcon_core.package_identification:_identify(.) by extensions ['colcon_meta']
[0.208s] Level 1:colcon.colcon_core.package_identification:_identify(.) by extension 'colcon_meta'
[0.208s] Level 1:colcon.colcon_core.package_identification:_identify(.) by extensions ['ros']
[0.208s] Level 1:colcon.colcon_core.package_identification:_identify(.) by extension 'ros'
[0.218s] Level 1:colcon.colcon_core.package_identification:_identify(.) by extensions ['cmake', 'python']
[0.218s] Level 1:colcon.colcon_core.package_identification:_identify(.) by extension 'cmake'
[0.218s] Level 1:colcon.colcon_core.package_identification:_identify(.) by extension 'python'
[0.218s] Level 1:colcon.colcon_core.package_identification:_identify(.) by extensions ['python_setup_py']
[0.218s] Level 1:colcon.colcon_core.package_identification:_identify(.) by extension 'python_setup_py'
[0.218s] Level 1:colcon.colcon_core.package_identification:_identify(build) by extensions ['ignore', 'ignore_ament_install']
[0.218s] Level 1:colcon.colcon_core.package_identification:_identify(build) by extension 'ignore'
[0.218s] Level 1:colcon.colcon_core.package_identification:_identify(build) ignored
[0.218s] Level 1:colcon.colcon_core.package_identification:_identify(install) by extensions ['ignore', 'ignore_ament_install']
[0.218s] Level 1:colcon.colcon_core.package_identification:_identify(install) by extension 'ignore'
[0.218s] Level 1:colcon.colcon_core.package_identification:_identify(install) ignored
[0.219s] Level 1:colcon.colcon_core.package_identification:_identify(log) by extensions ['ignore', 'ignore_ament_install']
[0.219s] Level 1:colcon.colcon_core.package_identification:_identify(log) by extension 'ignore'
[0.219s] Level 1:colcon.colcon_core.package_identification:_identify(log) ignored
[0.219s] Level 1:colcon.colcon_core.package_identification:_identify(occupancy) by extensions ['ignore', 'ignore_ament_install']
[0.219s] Level 1:colcon.colcon_core.package_identification:_identify(occupancy) by extension 'ignore'
[0.219s] Level 1:colcon.colcon_core.package_identification:_identify(occupancy) by extension 'ignore_ament_install'
[0.219s] Level 1:colcon.colcon_core.package_identification:_identify(occupancy) by extensions ['colcon_pkg']
[0.219s] Level 1:colcon.colcon_core.package_identification:_identify(occupancy) by extension 'colcon_pkg'
[0.219s] Level 1:colcon.colcon_core.package_identification:_identify(occupancy) by extensions ['colcon_meta']
[0.219s] Level 1:colcon.colcon_core.package_identification:_identify(occupancy) by extension 'colcon_meta'
[0.219s] Level 1:colcon.colcon_core.package_identification:_identify(occupancy) by extensions ['ros']
[0.219s] Level 1:colcon.colcon_core.package_identification:_identify(occupancy) by extension 'ros'
[0.221s] DEBUG:colcon.colcon_core.package_identification:Package 'occupancy' with type 'ros.ament_cmake' and name 'occupancy'
[0.221s] Level 1:colcon.colcon_core.package_identification:_identify(visualization_package) by extensions ['ignore', 'ignore_ament_install']
[0.221s] Level 1:colcon.colcon_core.package_identification:_identify(visualization_package) by extension 'ignore'
[0.221s] Level 1:colcon.colcon_core.package_identification:_identify(visualization_package) by extension 'ignore_ament_install'
[0.221s] Level 1:colcon.colcon_core.package_identification:_identify(visualization_package) by extensions ['colcon_pkg']
[0.221s] Level 1:colcon.colcon_core.package_identification:_identify(visualization_package) by extension 'colcon_pkg'
[0.221s] Level 1:colcon.colcon_core.package_identification:_identify(visualization_package) by extensions ['colcon_meta']
[0.221s] Level 1:colcon.colcon_core.package_identification:_identify(visualization_package) by extension 'colcon_meta'
[0.222s] Level 1:colcon.colcon_core.package_identification:_identify(visualization_package) by extensions ['ros']
[0.222s] Level 1:colcon.colcon_core.package_identification:_identify(visualization_package) by extension 'ros'
[0.222s] DEBUG:colcon.colcon_core.package_identification:Package 'visualization_package' with type 'ros.ament_cmake' and name 'visualization_package'
[0.222s] Level 1:colcon.colcon_core.package_discovery:discover_packages(recursive) using defaults
[0.222s] Level 1:colcon.colcon_core.package_discovery:discover_packages(ignore) discover
[0.222s] Level 1:colcon.colcon_core.package_discovery:discover_packages(ignore) using defaults
[0.222s] Level 1:colcon.colcon_core.package_discovery:discover_packages(path) discover
[0.222s] Level 1:colcon.colcon_core.package_discovery:discover_packages(path) using defaults
[0.240s] Level 1:colcon.colcon_core.package_discovery:discover_packages(prefix_path) check parameters
[0.240s] Level 1:colcon.colcon_core.package_discovery:discover_packages(prefix_path) discover
[0.241s] DEBUG:colcon.colcon_installed_package_information.package_discovery:Found 1 installed packages in /home/shivam/code-masala/ros/install
[0.242s] DEBUG:colcon.colcon_installed_package_information.package_discovery:Found 286 installed packages in /opt/ros/humble
[0.252s] Level 1:colcon.colcon_core.package_discovery:discover_packages(prefix_path) using defaults
[0.287s] Level 5:colcon.colcon_core.verb:set package 'occupancy' build argument 'cmake_args' from command line to 'None'
[0.287s] Level 5:colcon.colcon_core.verb:set package 'occupancy' build argument 'cmake_target' from command line to 'None'
[0.287s] Level 5:colcon.colcon_core.verb:set package 'occupancy' build argument 'cmake_target_skip_unavailable' from command line to 'False'
[0.287s] Level 5:colcon.colcon_core.verb:set package 'occupancy' build argument 'cmake_clean_cache' from command line to 'False'
[0.287s] Level 5:colcon.colcon_core.verb:set package 'occupancy' build argument 'cmake_clean_first' from command line to 'False'
[0.288s] Level 5:colcon.colcon_core.verb:set package 'occupancy' build argument 'cmake_force_configure' from command line to 'False'
[0.288s] Level 5:colcon.colcon_core.verb:set package 'occupancy' build argument 'ament_cmake_args' from command line to 'None'
[0.288s] Level 5:colcon.colcon_core.verb:set package 'occupancy' build argument 'catkin_cmake_args' from command line to 'None'
[0.288s] Level 5:colcon.colcon_core.verb:set package 'occupancy' build argument 'catkin_skip_building_tests' from command line to 'False'
[0.288s] DEBUG:colcon.colcon_core.verb:Building package 'occupancy' with the following arguments: {'ament_cmake_args': None, 'build_base': '/home/shivam/code-masala/ros/missile/src/build/occupancy', 'catkin_cmake_args': None, 'catkin_skip_building_tests': False, 'cmake_args': None, 'cmake_clean_cache': False, 'cmake_clean_first': False, 'cmake_force_configure': False, 'cmake_target': None, 'cmake_target_skip_unavailable': False, 'install_base': '/home/shivam/code-masala/ros/missile/src/install/occupancy', 'merge_install': False, 'path': '/home/shivam/code-masala/ros/missile/src/occupancy', 'symlink_install': False, 'test_result_base': None}
[0.288s] Level 5:colcon.colcon_core.verb:set package 'visualization_package' build argument 'cmake_args' from command line to 'None'
[0.288s] Level 5:colcon.colcon_core.verb:set package 'visualization_package' build argument 'cmake_target' from command line to 'None'
[0.288s] Level 5:colcon.colcon_core.verb:set package 'visualization_package' build argument 'cmake_target_skip_unavailable' from command line to 'False'
[0.288s] Level 5:colcon.colcon_core.verb:set package 'visualization_package' build argument 'cmake_clean_cache' from command line to 'False'
[0.288s] Level 5:colcon.colcon_core.verb:set package 'visualization_package' build argument 'cmake_clean_first' from command line to 'False'
[0.288s] Level 5:colcon.colcon_core.verb:set package 'visualization_package' build argument 'cmake_force_configure' from command line to 'False'
[0.288s] Level 5:colcon.colcon_core.verb:set package 'visualization_package' build argument 'ament_cmake_args' from command line to 'None'
[0.288s] Level 5:colcon.colcon_core.verb:set package 'visualization_package' build argument 'catkin_cmake_args' from command line to 'None'
[0.288s] Level 5:colcon.colcon_core.verb:set package 'visualization_package' build argument 'catkin_skip_building_tests' from command line to 'False'
[0.288s] DEBUG:colcon.colcon_core.verb:Building package 'visualization_package' with the following arguments: {'ament_cmake_args': None, 'build_base': '/home/shivam/code-masala/ros/missile/src/build/visualization_package', 'catkin_cmake_args': None, 'catkin_skip_building_tests': False, 'cmake_args': None, 'cmake_clean_cache': False, 'cmake_clean_first': False, 'cmake_force_configure': False, 'cmake_target': None, 'cmake_target_skip_unavailable': False, 'install_base': '/home/shivam/code-masala/ros/missile/src/install/visualization_package', 'merge_install': False, 'path': '/home/shivam/code-masala/ros/missile/src/visualization_package', 'symlink_install': False, 'test_result_base': None}
[0.288s] INFO:colcon.colcon_core.executor:Executing jobs using 'parallel' executor
[0.290s] DEBUG:colcon.colcon_parallel_executor.executor.parallel:run_until_complete
[0.290s] INFO:colcon.colcon_ros.task.ament_cmake.build:Building ROS package in '/home/shivam/code-masala/ros/missile/src/occupancy' with build type 'ament_cmake'
[0.290s] INFO:colcon.colcon_cmake.task.cmake.build:Building CMake package in '/home/shivam/code-masala/ros/missile/src/occupancy'
[0.292s] INFO:colcon.colcon_core.plugin_system:Skipping extension 'colcon_core.shell.bat': Not used on non-Windows systems
[0.292s] INFO:colcon.colcon_core.shell:Skip shell extension 'powershell' for command environment: Not usable outside of PowerShell
[0.292s] DEBUG:colcon.colcon_core.shell:Skip shell extension 'dsv' for command environment
[0.296s] INFO:colcon.colcon_ros.task.ament_cmake.build:Building ROS package in '/home/shivam/code-masala/ros/missile/src/visualization_package' with build type 'ament_cmake'
[0.296s] INFO:colcon.colcon_cmake.task.cmake.build:Building CMake package in '/home/shivam/code-masala/ros/missile/src/visualization_package'
[0.296s] INFO:colcon.colcon_core.shell:Skip shell extension 'powershell' for command environment: Not usable outside of PowerShell
[0.296s] DEBUG:colcon.colcon_core.shell:Skip shell extension 'dsv' for command environment
[0.304s] DEBUG:colcon.colcon_core.event_handler.log_command:Invoking command in '/home/shivam/code-masala/ros/missile/src/build/occupancy': CMAKE_PREFIX_PATH=${CMAKE_PREFIX_PATH}:/opt/ros/humble /usr/bin/cmake --build /home/shivam/code-masala/ros/missile/src/build/occupancy -- -j16 -l16
[0.309s] DEBUG:colcon.colcon_core.event_handler.log_command:Invoking command in '/home/shivam/code-masala/ros/missile/src/build/visualization_package': CMAKE_PREFIX_PATH=${CMAKE_PREFIX_PATH}:/opt/ros/humble /usr/bin/cmake --build /home/shivam/code-masala/ros/missile/src/build/visualization_package -- -j16 -l16
[0.383s] DEBUG:colcon.colcon_core.event_handler.log_command:Invoked command in '/home/shivam/code-masala/ros/missile/src/build/occupancy' returned '0': CMAKE_PREFIX_PATH=${CMAKE_PREFIX_PATH}:/opt/ros/humble /usr/bin/cmake --build /home/shivam/code-masala/ros/missile/src/build/occupancy -- -j16 -l16
[0.402s] DEBUG:colcon.colcon_core.event_handler.log_command:Invoking command in '/home/shivam/code-masala/ros/missile/src/build/occupancy': CMAKE_PREFIX_PATH=${CMAKE_PREFIX_PATH}:/opt/ros/humble /usr/bin/cmake --install /home/shivam/code-masala/ros/missile/src/build/occupancy
[0.427s] Level 1:colcon.colcon_core.environment:create_environment_scripts_only(occupancy)
[0.428s] DEBUG:colcon.colcon_core.event_handler.log_command:Invoked command in '/home/shivam/code-masala/ros/missile/src/build/occupancy' returned '0': CMAKE_PREFIX_PATH=${CMAKE_PREFIX_PATH}:/opt/ros/humble /usr/bin/cmake --install /home/shivam/code-masala/ros/missile/src/build/occupancy
[0.433s] Level 1:colcon.colcon_core.environment:checking '/home/shivam/code-masala/ros/missile/src/install/occupancy' for CMake module files
[0.434s] Level 1:colcon.colcon_core.environment:checking '/home/shivam/code-masala/ros/missile/src/install/occupancy' for CMake config files
[0.435s] Level 1:colcon.colcon_core.shell:create_environment_hook('occupancy', 'cmake_prefix_path')
[0.435s] INFO:colcon.colcon_core.shell:Creating environment hook '/home/shivam/code-masala/ros/missile/src/install/occupancy/share/occupancy/hook/cmake_prefix_path.ps1'
[0.436s] INFO:colcon.colcon_core.shell:Creating environment descriptor '/home/shivam/code-masala/ros/missile/src/install/occupancy/share/occupancy/hook/cmake_prefix_path.dsv'
[0.437s] INFO:colcon.colcon_core.shell:Creating environment hook '/home/shivam/code-masala/ros/missile/src/install/occupancy/share/occupancy/hook/cmake_prefix_path.sh'
[0.439s] Level 1:colcon.colcon_core.environment:checking '/home/shivam/code-masala/ros/missile/src/install/occupancy/lib'
[0.439s] Level 1:colcon.colcon_core.environment:checking '/home/shivam/code-masala/ros/missile/src/install/occupancy/bin'
[0.439s] Level 1:colcon.colcon_core.environment:checking '/home/shivam/code-masala/ros/missile/src/install/occupancy/lib/pkgconfig/occupancy.pc'
[0.440s] Level 1:colcon.colcon_core.environment:checking '/home/shivam/code-masala/ros/missile/src/install/occupancy/lib/python3.10/site-packages'
[0.440s] Level 1:colcon.colcon_core.environment:checking '/home/shivam/code-masala/ros/missile/src/install/occupancy/bin'
[0.441s] INFO:colcon.colcon_core.shell:Creating package script '/home/shivam/code-masala/ros/missile/src/install/occupancy/share/occupancy/package.ps1'
[0.443s] INFO:colcon.colcon_core.shell:Creating package descriptor '/home/shivam/code-masala/ros/missile/src/install/occupancy/share/occupancy/package.dsv'
[0.444s] INFO:colcon.colcon_core.shell:Creating package script '/home/shivam/code-masala/ros/missile/src/install/occupancy/share/occupancy/package.sh'
[0.446s] INFO:colcon.colcon_core.shell:Creating package script '/home/shivam/code-masala/ros/missile/src/install/occupancy/share/occupancy/package.bash'
[0.447s] INFO:colcon.colcon_core.shell:Creating package script '/home/shivam/code-masala/ros/missile/src/install/occupancy/share/occupancy/package.zsh'
[0.448s] Level 1:colcon.colcon_core.environment:create_file_with_runtime_dependencies(/home/shivam/code-masala/ros/missile/src/install/occupancy/share/colcon-core/packages/occupancy)
[0.449s] Level 1:colcon.colcon_core.environment:create_environment_scripts_only(occupancy)
[0.449s] Level 1:colcon.colcon_core.environment:checking '/home/shivam/code-masala/ros/missile/src/install/occupancy' for CMake module files
[0.450s] Level 1:colcon.colcon_core.environment:checking '/home/shivam/code-masala/ros/missile/src/install/occupancy' for CMake config files
[0.450s] Level 1:colcon.colcon_core.shell:create_environment_hook('occupancy', 'cmake_prefix_path')
[0.451s] INFO:colcon.colcon_core.shell:Creating environment hook '/home/shivam/code-masala/ros/missile/src/install/occupancy/share/occupancy/hook/cmake_prefix_path.ps1'
[0.451s] INFO:colcon.colcon_core.shell:Creating environment descriptor '/home/shivam/code-masala/ros/missile/src/install/occupancy/share/occupancy/hook/cmake_prefix_path.dsv'
[0.452s] INFO:colcon.colcon_core.shell:Creating environment hook '/home/shivam/code-masala/ros/missile/src/install/occupancy/share/occupancy/hook/cmake_prefix_path.sh'
[0.453s] Level 1:colcon.colcon_core.environment:checking '/home/shivam/code-masala/ros/missile/src/install/occupancy/lib'
[0.453s] Level 1:colcon.colcon_core.environment:checking '/home/shivam/code-masala/ros/missile/src/install/occupancy/bin'
[0.453s] Level 1:colcon.colcon_core.environment:checking '/home/shivam/code-masala/ros/missile/src/install/occupancy/lib/pkgconfig/occupancy.pc'
[0.453s] Level 1:colcon.colcon_core.environment:checking '/home/shivam/code-masala/ros/missile/src/install/occupancy/lib/python3.10/site-packages'
[0.454s] Level 1:colcon.colcon_core.environment:checking '/home/shivam/code-masala/ros/missile/src/install/occupancy/bin'
[0.454s] INFO:colcon.colcon_core.shell:Creating package script '/home/shivam/code-masala/ros/missile/src/install/occupancy/share/occupancy/package.ps1'
[0.455s] INFO:colcon.colcon_core.shell:Creating package descriptor '/home/shivam/code-masala/ros/missile/src/install/occupancy/share/occupancy/package.dsv'
[0.455s] INFO:colcon.colcon_core.shell:Creating package script '/home/shivam/code-masala/ros/missile/src/install/occupancy/share/occupancy/package.sh'
[0.456s] INFO:colcon.colcon_core.shell:Creating package script '/home/shivam/code-masala/ros/missile/src/install/occupancy/share/occupancy/package.bash'
[0.456s] INFO:colcon.colcon_core.shell:Creating package script '/home/shivam/code-masala/ros/missile/src/install/occupancy/share/occupancy/package.zsh'
[0.457s] Level 1:colcon.colcon_core.environment:create_file_with_runtime_dependencies(/home/shivam/code-masala/ros/missile/src/install/occupancy/share/colcon-core/packages/occupancy)
[3.821s] DEBUG:colcon.colcon_core.event_handler.log_command:Invoked command in '/home/shivam/code-masala/ros/missile/src/build/visualization_package' returned '2': CMAKE_PREFIX_PATH=${CMAKE_PREFIX_PATH}:/opt/ros/humble /usr/bin/cmake --build /home/shivam/code-masala/ros/missile/src/build/visualization_package -- -j16 -l16
[3.821s] Level 1:colcon.colcon_core.environment:create_environment_scripts_only(visualization_package)
[3.822s] Level 1:colcon.colcon_core.environment:checking '/home/shivam/code-masala/ros/missile/src/install/visualization_package' for CMake module files
[3.822s] Level 1:colcon.colcon_core.environment:checking '/home/shivam/code-masala/ros/missile/src/install/visualization_package' for CMake config files
[3.822s] Level 1:colcon.colcon_core.shell:create_environment_hook('visualization_package', 'cmake_prefix_path')
[3.823s] INFO:colcon.colcon_core.shell:Creating environment hook '/home/shivam/code-masala/ros/missile/src/install/visualization_package/share/visualization_package/hook/cmake_prefix_path.ps1'
[3.823s] INFO:colcon.colcon_core.shell:Creating environment descriptor '/home/shivam/code-masala/ros/missile/src/install/visualization_package/share/visualization_package/hook/cmake_prefix_path.dsv'
[3.823s] INFO:colcon.colcon_core.shell:Creating environment hook '/home/shivam/code-masala/ros/missile/src/install/visualization_package/share/visualization_package/hook/cmake_prefix_path.sh'
[3.824s] Level 1:colcon.colcon_core.environment:checking '/home/shivam/code-masala/ros/missile/src/install/visualization_package/bin'
[3.824s] Level 1:colcon.colcon_core.environment:checking '/home/shivam/code-masala/ros/missile/src/install/visualization_package/lib/pkgconfig/visualization_package.pc'
[3.824s] Level 1:colcon.colcon_core.environment:checking '/home/shivam/code-masala/ros/missile/src/install/visualization_package/lib/python3.10/site-packages'
[3.824s] Level 1:colcon.colcon_core.environment:checking '/home/shivam/code-masala/ros/missile/src/install/visualization_package/bin'
[3.825s] INFO:colcon.colcon_core.shell:Creating package script '/home/shivam/code-masala/ros/missile/src/install/visualization_package/share/visualization_package/package.ps1'
[3.825s] INFO:colcon.colcon_core.shell:Creating package descriptor '/home/shivam/code-masala/ros/missile/src/install/visualization_package/share/visualization_package/package.dsv'
[3.826s] INFO:colcon.colcon_core.shell:Creating package script '/home/shivam/code-masala/ros/missile/src/install/visualization_package/share/visualization_package/package.sh'
[3.826s] INFO:colcon.colcon_core.shell:Creating package script '/home/shivam/code-masala/ros/missile/src/install/visualization_package/share/visualization_package/package.bash'
[3.827s] INFO:colcon.colcon_core.shell:Creating package script '/home/shivam/code-masala/ros/missile/src/install/visualization_package/share/visualization_package/package.zsh'
[3.827s] Level 1:colcon.colcon_core.environment:create_file_with_runtime_dependencies(/home/shivam/code-masala/ros/missile/src/install/visualization_package/share/colcon-core/packages/visualization_package)
[3.837s] DEBUG:colcon.colcon_parallel_executor.executor.parallel:closing loop
[3.838s] DEBUG:colcon.colcon_parallel_executor.executor.parallel:loop closed
[3.838s] DEBUG:colcon.colcon_parallel_executor.executor.parallel:run_until_complete finished with '2'
[3.838s] DEBUG:colcon.colcon_core.event_reactor:joining thread
[3.844s] INFO:colcon.colcon_core.plugin_system:Skipping extension 'colcon_notification.desktop_notification.terminal_notifier': Not used on non-Darwin systems
[3.844s] INFO:colcon.colcon_core.plugin_system:Skipping extension 'colcon_notification.desktop_notification.win32': Not used on non-Windows systems
[3.844s] INFO:colcon.colcon_notification.desktop_notification:Sending desktop notification using 'notify2'
[3.857s] DEBUG:colcon.colcon_core.event_reactor:joined thread
[3.857s] INFO:colcon.colcon_core.shell:Creating prefix script '/home/shivam/code-masala/ros/missile/src/install/local_setup.ps1'
[3.859s] INFO:colcon.colcon_core.shell:Creating prefix util module '/home/shivam/code-masala/ros/missile/src/install/_local_setup_util_ps1.py'
[3.862s] INFO:colcon.colcon_core.shell:Creating prefix chain script '/home/shivam/code-masala/ros/missile/src/install/setup.ps1'
[3.863s] INFO:colcon.colcon_core.shell:Creating prefix script '/home/shivam/code-masala/ros/missile/src/install/local_setup.sh'
[3.865s] INFO:colcon.colcon_core.shell:Creating prefix util module '/home/shivam/code-masala/ros/missile/src/install/_local_setup_util_sh.py'
[3.866s] INFO:colcon.colcon_core.shell:Creating prefix chain script '/home/shivam/code-masala/ros/missile/src/install/setup.sh'
[3.868s] INFO:colcon.colcon_core.shell:Creating prefix script '/home/shivam/code-masala/ros/missile/src/install/local_setup.bash'
[3.869s] INFO:colcon.colcon_core.shell:Creating prefix chain script '/home/shivam/code-masala/ros/missile/src/install/setup.bash'
[3.871s] INFO:colcon.colcon_core.shell:Creating prefix script '/home/shivam/code-masala/ros/missile/src/install/local_setup.zsh'
[3.872s] INFO:colcon.colcon_core.shell:Creating prefix chain script '/home/shivam/code-masala/ros/missile/src/install/setup.zsh'
