[0.010s] Invoking command in '/home/shivam/code-masala/ros/missile/src/build/visualization_package': CMAKE_PREFIX_PATH=${CMAKE_PREFIX_PATH}:/opt/ros/humble /usr/bin/cmake --build /home/shivam/code-masala/ros/missile/src/build/visualization_package -- -j16 -l16
[0.030s] -- Found ament_cmake: 1.3.11 (/opt/ros/humble/share/ament_cmake/cmake)
[0.141s] -- Found rclcpp: 16.0.11 (/opt/ros/humble/share/rclcpp/cmake)
[0.166s] -- Found rosidl_generator_c: 3.1.6 (/opt/ros/humble/share/rosidl_generator_c/cmake)
[0.168s] -- Found rosidl_adapter: 3.1.6 (/opt/ros/humble/share/rosidl_adapter/cmake)
[0.173s] -- Found rosidl_generator_cpp: 3.1.6 (/opt/ros/humble/share/rosidl_generator_cpp/cmake)
[0.181s] -- Using all available rosidl_typesupport_c: rosidl_typesupport_fastrtps_c;rosidl_typesupport_introspection_c
[0.192s] -- Using all available rosidl_typesupport_cpp: rosidl_typesupport_fastrtps_cpp;rosidl_typesupport_introspection_cpp
[0.220s] -- Found rmw_implementation_cmake: 6.1.2 (/opt/ros/humble/share/rmw_implementation_cmake/cmake)
[0.221s] -- Found rmw_fastrtps_cpp: 6.2.7 (/opt/ros/humble/share/rmw_fastrtps_cpp/cmake)
[0.309s] -- Using RMW implementation 'rmw_fastrtps_cpp' as default
[0.354s] -- Found nav_msgs: 4.2.4 (/opt/ros/humble/share/nav_msgs/cmake)
[0.385s] -- Found ament_lint_auto: 0.12.11 (/opt/ros/humble/share/ament_lint_auto/cmake)
[0.448s] -- Added test 'cppcheck' to perform static code analysis on C / C++ code
[0.448s] -- Configured cppcheck include dirs: 
[0.448s] -- Configured cppcheck exclude dirs and/or files: 
[0.448s] -- Added test 'flake8' to check Python code syntax and style conventions
[0.448s] -- Added test 'lint_cmake' to check CMake code style
[0.448s] -- Added test 'pep257' to check Python code against some of the docstring style conventions in PEP 257
[0.449s] -- Added test 'uncrustify' to check C / C++ code style
[0.449s] -- Configured uncrustify additional arguments: 
[0.449s] -- Added test 'xmllint' to check XML markup files
[0.450s] -- Configuring done
[0.458s] -- Generating done
[0.461s] -- Build files have been written to: /home/shivam/code-masala/ros/missile/src/build/visualization_package
[0.484s] [35m[1mConsolidate compiler generated dependencies of target path_visualizer[0m
[0.499s] [100%] Built target path_visualizer
[0.509s] Invoked command in '/home/shivam/code-masala/ros/missile/src/build/visualization_package' returned '0': CMAKE_PREFIX_PATH=${CMAKE_PREFIX_PATH}:/opt/ros/humble /usr/bin/cmake --build /home/shivam/code-masala/ros/missile/src/build/visualization_package -- -j16 -l16
[0.510s] Invoking command in '/home/shivam/code-masala/ros/missile/src/build/visualization_package': CMAKE_PREFIX_PATH=${CMAKE_PREFIX_PATH}:/opt/ros/humble /usr/bin/cmake --install /home/shivam/code-masala/ros/missile/src/build/visualization_package
[0.517s] -- Install configuration: ""
[0.517s] -- Up-to-date: /home/shivam/code-masala/ros/missile/src/install/visualization_package/lib/visualization_package/path_visualizer
[0.517s] -- Up-to-date: /home/shivam/code-masala/ros/missile/src/install/visualization_package/share/visualization_package/
[0.517s] -- Installing: /home/shivam/code-masala/ros/missile/src/install/visualization_package/share/visualization_package//path_visualizer.launch.py
[0.517s] -- Up-to-date: /home/shivam/code-masala/ros/missile/src/install/visualization_package/share/ament_index/resource_index/package_run_dependencies/visualization_package
[0.517s] -- Up-to-date: /home/shivam/code-masala/ros/missile/src/install/visualization_package/share/ament_index/resource_index/parent_prefix_path/visualization_package
[0.517s] -- Up-to-date: /home/shivam/code-masala/ros/missile/src/install/visualization_package/share/visualization_package/environment/ament_prefix_path.sh
[0.517s] -- Installing: /home/shivam/code-masala/ros/missile/src/install/visualization_package/share/visualization_package/environment/ament_prefix_path.dsv
[0.517s] -- Up-to-date: /home/shivam/code-masala/ros/missile/src/install/visualization_package/share/visualization_package/environment/path.sh
[0.517s] -- Installing: /home/shivam/code-masala/ros/missile/src/install/visualization_package/share/visualization_package/environment/path.dsv
[0.518s] -- Up-to-date: /home/shivam/code-masala/ros/missile/src/install/visualization_package/share/visualization_package/local_setup.bash
[0.518s] -- Up-to-date: /home/shivam/code-masala/ros/missile/src/install/visualization_package/share/visualization_package/local_setup.sh
[0.518s] -- Up-to-date: /home/shivam/code-masala/ros/missile/src/install/visualization_package/share/visualization_package/local_setup.zsh
[0.518s] -- Installing: /home/shivam/code-masala/ros/missile/src/install/visualization_package/share/visualization_package/local_setup.dsv
[0.518s] -- Installing: /home/shivam/code-masala/ros/missile/src/install/visualization_package/share/visualization_package/package.dsv
[0.518s] -- Up-to-date: /home/shivam/code-masala/ros/missile/src/install/visualization_package/share/ament_index/resource_index/packages/visualization_package
[0.518s] -- Up-to-date: /home/shivam/code-masala/ros/missile/src/install/visualization_package/share/visualization_package/cmake/visualization_packageConfig.cmake
[0.518s] -- Up-to-date: /home/shivam/code-masala/ros/missile/src/install/visualization_package/share/visualization_package/cmake/visualization_packageConfig-version.cmake
[0.518s] -- Up-to-date: /home/shivam/code-masala/ros/missile/src/install/visualization_package/share/visualization_package/package.xml
[0.519s] Invoked command in '/home/shivam/code-masala/ros/missile/src/build/visualization_package' returned '0': CMAKE_PREFIX_PATH=${CMAKE_PREFIX_PATH}:/opt/ros/humble /usr/bin/cmake --install /home/shivam/code-masala/ros/missile/src/build/visualization_package
