[0.011s] Invoking command in '/home/shivam/code-masala/ros/missile/src/build/visualization_package': CMAKE_PREFIX_PATH=/opt/ros/humble /usr/bin/cmake --build /home/shivam/code-masala/ros/missile/src/build/visualization_package -- -j16 -l16
[0.047s] [35m[1mConsolidate compiler generated dependencies of target path_visualizer[0m
[0.062s] [ 50%] [32mBuilding CXX object CMakeFiles/path_visualizer.dir/src/simu.cpp.o[0m
[4.433s] [100%] [32m[1mLinking CXX executable path_visualizer[0m
[4.705s] [100%] Built target path_visualizer
[4.717s] Invoked command in '/home/shivam/code-masala/ros/missile/src/build/visualization_package' returned '0': CMAKE_PREFIX_PATH=/opt/ros/humble /usr/bin/cmake --build /home/shivam/code-masala/ros/missile/src/build/visualization_package -- -j16 -l16
[4.719s] Invoking command in '/home/shivam/code-masala/ros/missile/src/build/visualization_package': CMAKE_PREFIX_PATH=/opt/ros/humble /usr/bin/cmake --install /home/shivam/code-masala/ros/missile/src/build/visualization_package
[4.729s] -- Install configuration: ""
[4.730s] -- Installing: /home/shivam/code-masala/ros/missile/src/install/visualization_package/lib/visualization_package/path_visualizer
[4.732s] -- Set runtime path of "/home/shivam/code-masala/ros/missile/src/install/visualization_package/lib/visualization_package/path_visualizer" to ""
[4.732s] -- Up-to-date: /home/shivam/code-masala/ros/missile/src/install/visualization_package/share/ament_index/resource_index/package_run_dependencies/visualization_package
[4.733s] -- Up-to-date: /home/shivam/code-masala/ros/missile/src/install/visualization_package/share/ament_index/resource_index/parent_prefix_path/visualization_package
[4.733s] -- Up-to-date: /home/shivam/code-masala/ros/missile/src/install/visualization_package/share/visualization_package/environment/ament_prefix_path.sh
[4.733s] -- Up-to-date: /home/shivam/code-masala/ros/missile/src/install/visualization_package/share/visualization_package/environment/ament_prefix_path.dsv
[4.733s] -- Up-to-date: /home/shivam/code-masala/ros/missile/src/install/visualization_package/share/visualization_package/environment/path.sh
[4.733s] -- Up-to-date: /home/shivam/code-masala/ros/missile/src/install/visualization_package/share/visualization_package/environment/path.dsv
[4.733s] -- Up-to-date: /home/shivam/code-masala/ros/missile/src/install/visualization_package/share/visualization_package/local_setup.bash
[4.733s] -- Up-to-date: /home/shivam/code-masala/ros/missile/src/install/visualization_package/share/visualization_package/local_setup.sh
[4.733s] -- Up-to-date: /home/shivam/code-masala/ros/missile/src/install/visualization_package/share/visualization_package/local_setup.zsh
[4.733s] -- Up-to-date: /home/shivam/code-masala/ros/missile/src/install/visualization_package/share/visualization_package/local_setup.dsv
[4.733s] -- Installing: /home/shivam/code-masala/ros/missile/src/install/visualization_package/share/visualization_package/package.dsv
[4.734s] -- Up-to-date: /home/shivam/code-masala/ros/missile/src/install/visualization_package/share/ament_index/resource_index/packages/visualization_package
[4.734s] -- Up-to-date: /home/shivam/code-masala/ros/missile/src/install/visualization_package/share/visualization_package/cmake/visualization_packageConfig.cmake
[4.734s] -- Up-to-date: /home/shivam/code-masala/ros/missile/src/install/visualization_package/share/visualization_package/cmake/visualization_packageConfig-version.cmake
[4.734s] -- Up-to-date: /home/shivam/code-masala/ros/missile/src/install/visualization_package/share/visualization_package/package.xml
[4.737s] Invoked command in '/home/shivam/code-masala/ros/missile/src/build/visualization_package' returned '0': CMAKE_PREFIX_PATH=/opt/ros/humble /usr/bin/cmake --install /home/shivam/code-masala/ros/missile/src/build/visualization_package
