[35m[1mConsolidate compiler generated dependencies of target path_visualizer[0m
[100%] Built target path_visualizer
-- Install configuration: ""
-- Up-to-date: /home/shivam/code-masala/ros/missile/MpC/install/visualization_package/lib/visualization_package/path_visualizer
-- Up-to-date: /home/shivam/code-masala/ros/missile/MpC/install/visualization_package/share/visualization_package/
-- Up-to-date: /home/shivam/code-masala/ros/missile/MpC/install/visualization_package/share/visualization_package//path_visualizer.launch.py
-- Up-to-date: /home/shivam/code-masala/ros/missile/MpC/install/visualization_package/share/ament_index/resource_index/package_run_dependencies/visualization_package
-- Up-to-date: /home/shivam/code-masala/ros/missile/MpC/install/visualization_package/share/ament_index/resource_index/parent_prefix_path/visualization_package
-- Up-to-date: /home/shivam/code-masala/ros/missile/MpC/install/visualization_package/share/visualization_package/environment/ament_prefix_path.sh
-- Up-to-date: /home/shivam/code-masala/ros/missile/MpC/install/visualization_package/share/visualization_package/environment/ament_prefix_path.dsv
-- Up-to-date: /home/shivam/code-masala/ros/missile/MpC/install/visualization_package/share/visualization_package/environment/path.sh
-- Up-to-date: /home/shivam/code-masala/ros/missile/MpC/install/visualization_package/share/visualization_package/environment/path.dsv
-- Up-to-date: /home/shivam/code-masala/ros/missile/MpC/install/visualization_package/share/visualization_package/local_setup.bash
-- Up-to-date: /home/shivam/code-masala/ros/missile/MpC/install/visualization_package/share/visualization_package/local_setup.sh
-- Up-to-date: /home/shivam/code-masala/ros/missile/MpC/install/visualization_package/share/visualization_package/local_setup.zsh
-- Up-to-date: /home/shivam/code-masala/ros/missile/MpC/install/visualization_package/share/visualization_package/local_setup.dsv
-- Installing: /home/shivam/code-masala/ros/missile/MpC/install/visualization_package/share/visualization_package/package.dsv
-- Up-to-date: /home/shivam/code-masala/ros/missile/MpC/install/visualization_package/share/ament_index/resource_index/packages/visualization_package
-- Up-to-date: /home/shivam/code-masala/ros/missile/MpC/install/visualization_package/share/visualization_package/cmake/visualization_packageConfig.cmake
-- Up-to-date: /home/shivam/code-masala/ros/missile/MpC/install/visualization_package/share/visualization_package/cmake/visualization_packageConfig-version.cmake
-- Up-to-date: /home/shivam/code-masala/ros/missile/MpC/install/visualization_package/share/visualization_package/package.xml
