[0.065s] DEBUG:colcon:Command line arguments: ['/usr/bin/colcon', 'build', '--packages-select', 'car_path_simulation/']
[0.065s] DEBUG:colcon:Parsed command line arguments: Namespace(log_base=None, log_level=None, verb_name='build', build_base='build', install_base='install', merge_install=False, symlink_install=False, test_result_base=None, continue_on_error=False, executor='parallel', parallel_workers=16, event_handlers=None, ignore_user_meta=False, metas=['./colcon.meta'], base_paths=['.'], packages_ignore=None, packages_ignore_regex=None, paths=None, packages_up_to=None, packages_up_to_regex=None, packages_above=None, packages_above_and_dependencies=None, packages_above_depth=None, packages_select_by_dep=None, packages_skip_by_dep=None, packages_skip_up_to=None, packages_select_build_failed=False, packages_skip_build_finished=False, packages_select_test_failures=False, packages_skip_test_passed=False, packages_select=['car_path_simulation/'], packages_skip=None, packages_select_regex=None, packages_skip_regex=None, packages_start=None, packages_end=None, allow_overriding=[], cmake_args=None, cmake_target=None, cmake_target_skip_unavailable=False, cmake_clean_cache=False, cmake_clean_first=False, cmake_force_configure=False, ament_cmake_args=None, catkin_cmake_args=None, catkin_skip_building_tests=False, verb_parser=<colcon_defaults.argument_parser.defaults.DefaultArgumentsDecorator object at 0x7802e34fea70>, verb_extension=<colcon_core.verb.build.BuildVerb object at 0x7802e34fe170>, main=<bound method BuildVerb.main of <colcon_core.verb.build.BuildVerb object at 0x7802e34fe170>>)
[0.156s] Level 1:colcon.colcon_core.package_discovery:discover_packages(colcon_meta) check parameters
[0.156s] Level 1:colcon.colcon_core.package_discovery:discover_packages(recursive) check parameters
[0.156s] Level 1:colcon.colcon_core.package_discovery:discover_packages(ignore) check parameters
[0.156s] Level 1:colcon.colcon_core.package_discovery:discover_packages(path) check parameters
[0.156s] Level 1:colcon.colcon_core.package_discovery:discover_packages(colcon_meta) discover
[0.156s] Level 1:colcon.colcon_core.package_discovery:discover_packages(recursive) discover
[0.156s] INFO:colcon.colcon_core.package_discovery:Crawling recursively for packages in '/home/shivam/code-masala/ros/missile/MpC'
[0.156s] Level 1:colcon.colcon_core.package_identification:_identify(.) by extensions ['ignore', 'ignore_ament_install']
[0.156s] Level 1:colcon.colcon_core.package_identification:_identify(.) by extension 'ignore'
[0.156s] Level 1:colcon.colcon_core.package_identification:_identify(.) by extension 'ignore_ament_install'
[0.156s] Level 1:colcon.colcon_core.package_identification:_identify(.) by extensions ['colcon_pkg']
[0.156s] Level 1:colcon.colcon_core.package_identification:_identify(.) by extension 'colcon_pkg'
[0.156s] Level 1:colcon.colcon_core.package_identification:_identify(.) by extensions ['colcon_meta']
[0.156s] Level 1:colcon.colcon_core.package_identification:_identify(.) by extension 'colcon_meta'
[0.156s] Level 1:colcon.colcon_core.package_identification:_identify(.) by extensions ['ros']
[0.156s] Level 1:colcon.colcon_core.package_identification:_identify(.) by extension 'ros'
[0.164s] Level 1:colcon.colcon_core.package_identification:_identify(.) by extensions ['cmake', 'python']
[0.164s] Level 1:colcon.colcon_core.package_identification:_identify(.) by extension 'cmake'
[0.164s] Level 1:colcon.colcon_core.package_identification:_identify(.) by extension 'python'
[0.164s] Level 1:colcon.colcon_core.package_identification:_identify(.) by extensions ['python_setup_py']
[0.164s] Level 1:colcon.colcon_core.package_identification:_identify(.) by extension 'python_setup_py'
[0.164s] Level 1:colcon.colcon_core.package_identification:_identify(build) by extensions ['ignore', 'ignore_ament_install']
[0.164s] Level 1:colcon.colcon_core.package_identification:_identify(build) by extension 'ignore'
[0.164s] Level 1:colcon.colcon_core.package_identification:_identify(build) ignored
[0.164s] Level 1:colcon.colcon_core.package_identification:_identify(car_path_simulation) by extensions ['ignore', 'ignore_ament_install']
[0.164s] Level 1:colcon.colcon_core.package_identification:_identify(car_path_simulation) by extension 'ignore'
[0.164s] Level 1:colcon.colcon_core.package_identification:_identify(car_path_simulation) by extension 'ignore_ament_install'
[0.164s] Level 1:colcon.colcon_core.package_identification:_identify(car_path_simulation) by extensions ['colcon_pkg']
[0.164s] Level 1:colcon.colcon_core.package_identification:_identify(car_path_simulation) by extension 'colcon_pkg'
[0.164s] Level 1:colcon.colcon_core.package_identification:_identify(car_path_simulation) by extensions ['colcon_meta']
[0.164s] Level 1:colcon.colcon_core.package_identification:_identify(car_path_simulation) by extension 'colcon_meta'
[0.164s] Level 1:colcon.colcon_core.package_identification:_identify(car_path_simulation) by extensions ['ros']
[0.164s] Level 1:colcon.colcon_core.package_identification:_identify(car_path_simulation) by extension 'ros'
[0.166s] DEBUG:colcon.colcon_core.package_identification:Package 'car_path_simulation' with type 'ros.ament_cmake' and name 'car_path_simulation'
[0.166s] Level 1:colcon.colcon_core.package_identification:_identify(install) by extensions ['ignore', 'ignore_ament_install']
[0.166s] Level 1:colcon.colcon_core.package_identification:_identify(install) by extension 'ignore'
[0.166s] Level 1:colcon.colcon_core.package_identification:_identify(install) ignored
[0.166s] Level 1:colcon.colcon_core.package_identification:_identify(log) by extensions ['ignore', 'ignore_ament_install']
[0.166s] Level 1:colcon.colcon_core.package_identification:_identify(log) by extension 'ignore'
[0.166s] Level 1:colcon.colcon_core.package_identification:_identify(log) ignored
[0.166s] Level 1:colcon.colcon_core.package_identification:_identify(occupancy) by extensions ['ignore', 'ignore_ament_install']
[0.166s] Level 1:colcon.colcon_core.package_identification:_identify(occupancy) by extension 'ignore'
[0.166s] Level 1:colcon.colcon_core.package_identification:_identify(occupancy) by extension 'ignore_ament_install'
[0.166s] Level 1:colcon.colcon_core.package_identification:_identify(occupancy) by extensions ['colcon_pkg']
[0.166s] Level 1:colcon.colcon_core.package_identification:_identify(occupancy) by extension 'colcon_pkg'
[0.166s] Level 1:colcon.colcon_core.package_identification:_identify(occupancy) by extensions ['colcon_meta']
[0.166s] Level 1:colcon.colcon_core.package_identification:_identify(occupancy) by extension 'colcon_meta'
[0.166s] Level 1:colcon.colcon_core.package_identification:_identify(occupancy) by extensions ['ros']
[0.166s] Level 1:colcon.colcon_core.package_identification:_identify(occupancy) by extension 'ros'
[0.167s] DEBUG:colcon.colcon_core.package_identification:Package 'occupancy' with type 'ros.ament_cmake' and name 'occupancy'
[0.167s] Level 1:colcon.colcon_core.package_identification:_identify(visualization_package) by extensions ['ignore', 'ignore_ament_install']
[0.167s] Level 1:colcon.colcon_core.package_identification:_identify(visualization_package) by extension 'ignore'
[0.167s] Level 1:colcon.colcon_core.package_identification:_identify(visualization_package) by extension 'ignore_ament_install'
[0.167s] Level 1:colcon.colcon_core.package_identification:_identify(visualization_package) by extensions ['colcon_pkg']
[0.167s] Level 1:colcon.colcon_core.package_identification:_identify(visualization_package) by extension 'colcon_pkg'
[0.167s] Level 1:colcon.colcon_core.package_identification:_identify(visualization_package) by extensions ['colcon_meta']
[0.167s] Level 1:colcon.colcon_core.package_identification:_identify(visualization_package) by extension 'colcon_meta'
[0.167s] Level 1:colcon.colcon_core.package_identification:_identify(visualization_package) by extensions ['ros']
[0.167s] Level 1:colcon.colcon_core.package_identification:_identify(visualization_package) by extension 'ros'
[0.167s] DEBUG:colcon.colcon_core.package_identification:Package 'visualization_package' with type 'ros.ament_cmake' and name 'visualization_package'
[0.167s] Level 1:colcon.colcon_core.package_discovery:discover_packages(recursive) using defaults
[0.167s] Level 1:colcon.colcon_core.package_discovery:discover_packages(ignore) discover
[0.167s] Level 1:colcon.colcon_core.package_discovery:discover_packages(ignore) using defaults
[0.168s] Level 1:colcon.colcon_core.package_discovery:discover_packages(path) discover
[0.168s] Level 1:colcon.colcon_core.package_discovery:discover_packages(path) using defaults
[0.168s] WARNING:colcon.colcon_core.package_selection:ignoring unknown package 'car_path_simulation/' in --packages-select
[0.180s] INFO:colcon.colcon_core.package_selection:Skipping not selected package 'car_path_simulation' in 'car_path_simulation'
[0.180s] INFO:colcon.colcon_core.package_selection:Skipping not selected package 'occupancy' in 'occupancy'
[0.180s] INFO:colcon.colcon_core.package_selection:Skipping not selected package 'visualization_package' in 'visualization_package'
[0.181s] Level 1:colcon.colcon_core.package_discovery:discover_packages(prefix_path) check parameters
[0.181s] Level 1:colcon.colcon_core.package_discovery:discover_packages(prefix_path) discover
[0.182s] DEBUG:colcon.colcon_installed_package_information.package_discovery:Found 3 installed packages in /home/shivam/code-masala/ros/missile/MpC/install
[0.183s] DEBUG:colcon.colcon_installed_package_information.package_discovery:Found 286 installed packages in /opt/ros/humble
[0.190s] Level 1:colcon.colcon_core.package_discovery:discover_packages(prefix_path) using defaults
[0.211s] INFO:colcon.colcon_core.executor:Executing jobs using 'parallel' executor
[0.212s] DEBUG:colcon.colcon_parallel_executor.executor.parallel:run_until_complete
[0.212s] DEBUG:colcon.colcon_parallel_executor.executor.parallel:closing loop
[0.212s] DEBUG:colcon.colcon_parallel_executor.executor.parallel:loop closed
[0.212s] DEBUG:colcon.colcon_parallel_executor.executor.parallel:run_until_complete finished with '0'
[0.212s] DEBUG:colcon.colcon_core.event_reactor:joining thread
[0.216s] INFO:colcon.colcon_core.plugin_system:Skipping extension 'colcon_notification.desktop_notification.terminal_notifier': Not used on non-Darwin systems
[0.216s] INFO:colcon.colcon_core.plugin_system:Skipping extension 'colcon_notification.desktop_notification.win32': Not used on non-Windows systems
[0.216s] INFO:colcon.colcon_notification.desktop_notification:Sending desktop notification using 'notify2'
[0.226s] DEBUG:colcon.colcon_core.event_reactor:joined thread
[0.227s] INFO:colcon.colcon_core.plugin_system:Skipping extension 'colcon_core.shell.bat': Not used on non-Windows systems
[0.227s] INFO:colcon.colcon_core.shell:Creating prefix script '/home/shivam/code-masala/ros/missile/MpC/install/local_setup.ps1'
[0.228s] INFO:colcon.colcon_core.shell:Creating prefix util module '/home/shivam/code-masala/ros/missile/MpC/install/_local_setup_util_ps1.py'
[0.229s] INFO:colcon.colcon_core.shell:Creating prefix chain script '/home/shivam/code-masala/ros/missile/MpC/install/setup.ps1'
[0.229s] INFO:colcon.colcon_core.shell:Creating prefix script '/home/shivam/code-masala/ros/missile/MpC/install/local_setup.sh'
[0.230s] INFO:colcon.colcon_core.shell:Creating prefix util module '/home/shivam/code-masala/ros/missile/MpC/install/_local_setup_util_sh.py'
[0.230s] INFO:colcon.colcon_core.shell:Creating prefix chain script '/home/shivam/code-masala/ros/missile/MpC/install/setup.sh'
[0.231s] INFO:colcon.colcon_core.shell:Creating prefix script '/home/shivam/code-masala/ros/missile/MpC/install/local_setup.bash'
[0.231s] INFO:colcon.colcon_core.shell:Creating prefix chain script '/home/shivam/code-masala/ros/missile/MpC/install/setup.bash'
[0.232s] INFO:colcon.colcon_core.shell:Creating prefix script '/home/shivam/code-masala/ros/missile/MpC/install/local_setup.zsh'
[0.232s] INFO:colcon.colcon_core.shell:Creating prefix chain script '/home/shivam/code-masala/ros/missile/MpC/install/setup.zsh'
