In file included from [01m[K/opt/ros/humble/include/rclcpp/rclcpp/logging.hpp:24[m[K,
                 from [01m[K/opt/ros/humble/include/rclcpp/rclcpp/client.hpp:40[m[K,
                 from [01m[K/opt/ros/humble/include/rclcpp/rclcpp/callback_group.hpp:24[m[K,
                 from [01m[K/opt/ros/humble/include/rclcpp/rclcpp/any_executable.hpp:20[m[K,
                 from [01m[K/opt/ros/humble/include/rclcpp/rclcpp/memory_strategy.hpp:25[m[K,
                 from [01m[K/opt/ros/humble/include/rclcpp/rclcpp/memory_strategies.hpp:18[m[K,
                 from [01m[K/opt/ros/humble/include/rclcpp/rclcpp/executor_options.hpp:20[m[K,
                 from [01m[K/opt/ros/humble/include/rclcpp/rclcpp/executor.hpp:37[m[K,
                 from [01m[K/opt/ros/humble/include/rclcpp/rclcpp/executors/multi_threaded_executor.hpp:25[m[K,
                 from [01m[K/opt/ros/humble/include/rclcpp/rclcpp/executors.hpp:21[m[K,
                 from [01m[K/opt/ros/humble/include/rclcpp/rclcpp/rclcpp.hpp:155[m[K,
                 from [01m[K/home/shivam/code-masala/ros/missile/src/occupancy/src/subscriber.cpp:1[m[K:
[01m[K/home/shivam/code-masala/ros/missile/src/occupancy/src/subscriber.cpp:[m[K In member function ‘[01m[Kstd::vector<std::vector<std::pair<int, int> > > OccupancyMatrixSub::find_5x5_submatrix(std::string&)[m[K’:
[01m[K/home/shivam/code-masala/ros/missile/src/occupancy/src/subscriber.cpp:48:41:[m[K [01;35m[Kwarning: [m[Kformat ‘[01m[K%s[m[K’ expects argument of type ‘[01m[Kchar*[m[K’, but argument 5 has type ‘[01m[Kstd::string[m[K’ {aka ‘[01m[Kstd::__cxx11::basic_string<char>[m[K’} [[01;35m[K]8;;https://gcc.gnu.org/onlinedocs/gcc/Warning-Options.html#index-Wformat=-Wformat=]8;;[m[K]
   48 |         RCLCPP_INFO(this->get_logger(), [01;35m[K"continous occupancy grid:\n%s"[m[K, grid);
      |                                         [01;35m[K^~~~~~~~~~~~~~~~~~~~~~~~~~~~~~~[m[K
[01m[K/home/shivam/code-masala/ros/missile/src/occupancy/src/subscriber.cpp:48:70:[m[K [01;36m[Knote: [m[Kformat string is defined here
   48 |         RCLCPP_INFO(this->get_logger(), "continous occupancy grid:\n[01;36m[K%s[m[K", grid);
      |                                                                     [01;36m[K~^[m[K
      |                                                                      [01;36m[K|[m[K
      |                                                                      [01;36m[Kchar*[m[K
