[0.046s] Invoking command in '/home/shivam/code-masala/ros/missile/MpC/build/mycarsim': CMAKE_PREFIX_PATH=/opt/ros/humble VIRTUAL_ENV_PROMPT=(myenv) /usr/bin/cmake /home/shivam/code-masala/ros/missile/MpC/mycarsim -DCMAKE_INSTALL_PREFIX=/home/shivam/code-masala/ros/missile/MpC/install/mycarsim
[0.176s] -- The C compiler identification is GNU 11.4.0
[0.325s] -- The CXX compiler identification is GNU 11.4.0
[0.347s] -- Detecting C compiler ABI info
[0.516s] -- Detecting C compiler ABI info - done
[0.540s] -- Check for working C compiler: /usr/bin/cc - skipped
[0.541s] -- Detecting C compile features
[0.542s] -- Detecting C compile features - done
[0.550s] -- Detecting CXX compiler ABI info
[0.768s] -- Detecting CXX compiler ABI info - done
[0.791s] -- Check for working CXX compiler: /usr/bin/c++ - skipped
[0.792s] -- Detecting CXX compile features
[0.793s] -- Detecting CXX compile features - done
[0.798s] -- Found ament_cmake: 1.3.11 (/opt/ros/humble/share/ament_cmake/cmake)
[1.143s] -- Found Python3: /home/shivam/code-masala/ros/missile/MpC/occupancy/src/myenv/bin/python3 (found version "3.10.12") found components: Interpreter 
[1.357s] -- Found rclcpp: 16.0.11 (/opt/ros/humble/share/rclcpp/cmake)
[1.460s] -- Found rosidl_generator_c: 3.1.6 (/opt/ros/humble/share/rosidl_generator_c/cmake)
[1.471s] -- Found rosidl_adapter: 3.1.6 (/opt/ros/humble/share/rosidl_adapter/cmake)
[1.491s] -- Found rosidl_generator_cpp: 3.1.6 (/opt/ros/humble/share/rosidl_generator_cpp/cmake)
[1.521s] -- Using all available rosidl_typesupport_c: rosidl_typesupport_fastrtps_c;rosidl_typesupport_introspection_c
[1.561s] -- Using all available rosidl_typesupport_cpp: rosidl_typesupport_fastrtps_cpp;rosidl_typesupport_introspection_cpp
[1.668s] -- Found rmw_implementation_cmake: 6.1.2 (/opt/ros/humble/share/rmw_implementation_cmake/cmake)
[1.673s] -- Found rmw_fastrtps_cpp: 6.2.7 (/opt/ros/humble/share/rmw_fastrtps_cpp/cmake)
[1.885s] -- Found OpenSSL: /usr/lib/x86_64-linux-gnu/libcrypto.so (found version "3.0.2")  
[1.957s] -- Found FastRTPS: /opt/ros/humble/include  
[2.066s] -- Using RMW implementation 'rmw_fastrtps_cpp' as default
[2.085s] -- Looking for pthread.h
[2.257s] -- Looking for pthread.h - found
[2.259s] -- Performing Test CMAKE_HAVE_LIBC_PTHREAD
[2.430s] -- Performing Test CMAKE_HAVE_LIBC_PTHREAD - Success
[2.433s] -- Found Threads: TRUE  
[2.566s] -- Found geometry_msgs: 4.2.4 (/opt/ros/humble/share/geometry_msgs/cmake)
[2.611s] -- Looking for ignition-transport11 -- found version 11.4.1
[2.632s] -- Searching for dependencies of ignition-transport11
[2.699s] -- Found Protobuf: /usr/lib/x86_64-linux-gnu/libprotobuf.so (found version "3.12.4") 
[2.728s] -- Config-file not installed for ZeroMQ -- checking for pkg-config
[2.741s] -- Checking for module 'libzmq >= 4'
[2.775s] --   Found libzmq , version 4.3.4
[2.862s] -- Found ZeroMQ: TRUE (Required is at least version "4") 
[2.880s] -- Checking for module 'uuid'
[2.912s] --   Found uuid, version 2.37.2
[2.991s] -- Found UUID: TRUE  
[2.999s] -- Looking for ignition-utils1 -- found version 1.5.1
[3.000s] -- Searching for dependencies of ignition-utils1
[3.002s] -- Searching for <ignition-utils1> component [cli]
[3.007s] -- Looking for ignition-utils1-cli -- found version 1.5.1
[3.009s] -- Searching for dependencies of ignition-utils1-cli
[3.016s] -- Looking for ignition-msgs8 -- found version 8.7.0
[3.017s] -- Searching for dependencies of ignition-msgs8
