[0.008s] Invoking command in '/home/shivam/code-masala/ros/missile/src/occupancy/build/occupancy': CMAKE_PREFIX_PATH=${CMAKE_PREFIX_PATH}:/opt/ros/humble /usr/bin/cmake --build /home/shivam/code-masala/ros/missile/src/occupancy/build/occupancy -- -j16 -l16
[0.041s] [35m[1mConsolidate compiler generated dependencies of target listener[0m
[0.053s] [ 50%] Built target talker
[0.062s] [ 75%] [32mBuilding CXX object CMakeFiles/listener.dir/src/subscriber.cpp.o[0m
[5.405s] [100%] [32m[1mLinking CXX executable listener[0m
[5.644s] [100%] Built target listener
[5.653s] Invoked command in '/home/shivam/code-masala/ros/missile/src/occupancy/build/occupancy' returned '0': CMAKE_PREFIX_PATH=${CMAKE_PREFIX_PATH}:/opt/ros/humble /usr/bin/cmake --build /home/shivam/code-masala/ros/missile/src/occupancy/build/occupancy -- -j16 -l16
[5.664s] Invoking command in '/home/shivam/code-masala/ros/missile/src/occupancy/build/occupancy': CMAKE_PREFIX_PATH=${CMAKE_PREFIX_PATH}:/opt/ros/humble /usr/bin/cmake --install /home/shivam/code-masala/ros/missile/src/occupancy/build/occupancy
[5.678s] -- Install configuration: ""
[5.678s] -- Up-to-date: /home/shivam/code-masala/ros/missile/src/occupancy/install/occupancy/lib/occupancy/talker
[5.678s] -- Installing: /home/shivam/code-masala/ros/missile/src/occupancy/install/occupancy/lib/occupancy/listener
[5.682s] -- Set runtime path of "/home/shivam/code-masala/ros/missile/src/occupancy/install/occupancy/lib/occupancy/listener" to ""
[5.682s] -- Up-to-date: /home/shivam/code-masala/ros/missile/src/occupancy/install/occupancy/share/ament_index/resource_index/package_run_dependencies/occupancy
[5.683s] -- Up-to-date: /home/shivam/code-masala/ros/missile/src/occupancy/install/occupancy/share/ament_index/resource_index/parent_prefix_path/occupancy
[5.683s] -- Up-to-date: /home/shivam/code-masala/ros/missile/src/occupancy/install/occupancy/share/occupancy/environment/ament_prefix_path.sh
[5.683s] -- Up-to-date: /home/shivam/code-masala/ros/missile/src/occupancy/install/occupancy/share/occupancy/environment/ament_prefix_path.dsv
[5.683s] -- Up-to-date: /home/shivam/code-masala/ros/missile/src/occupancy/install/occupancy/share/occupancy/environment/path.sh
[5.683s] -- Up-to-date: /home/shivam/code-masala/ros/missile/src/occupancy/install/occupancy/share/occupancy/environment/path.dsv
[5.683s] -- Up-to-date: /home/shivam/code-masala/ros/missile/src/occupancy/install/occupancy/share/occupancy/local_setup.bash
[5.684s] -- Up-to-date: /home/shivam/code-masala/ros/missile/src/occupancy/install/occupancy/share/occupancy/local_setup.sh
[5.684s] -- Up-to-date: /home/shivam/code-masala/ros/missile/src/occupancy/install/occupancy/share/occupancy/local_setup.zsh
[5.684s] -- Up-to-date: /home/shivam/code-masala/ros/missile/src/occupancy/install/occupancy/share/occupancy/local_setup.dsv
[5.684s] -- Installing: /home/shivam/code-masala/ros/missile/src/occupancy/install/occupancy/share/occupancy/package.dsv
[5.684s] -- Up-to-date: /home/shivam/code-masala/ros/missile/src/occupancy/install/occupancy/share/ament_index/resource_index/packages/occupancy
[5.684s] -- Up-to-date: /home/shivam/code-masala/ros/missile/src/occupancy/install/occupancy/share/occupancy/cmake/occupancyConfig.cmake
[5.684s] -- Up-to-date: /home/shivam/code-masala/ros/missile/src/occupancy/install/occupancy/share/occupancy/cmake/occupancyConfig-version.cmake
[5.685s] -- Up-to-date: /home/shivam/code-masala/ros/missile/src/occupancy/install/occupancy/share/occupancy/package.xml
[5.686s] Invoked command in '/home/shivam/code-masala/ros/missile/src/occupancy/build/occupancy' returned '0': CMAKE_PREFIX_PATH=${CMAKE_PREFIX_PATH}:/opt/ros/humble /usr/bin/cmake --install /home/shivam/code-masala/ros/missile/src/occupancy/build/occupancy
