[0.009s] Invoking command in '/home/shivam/code-masala/ros/missile/MpC/build/occupancy': CMAKE_PREFIX_PATH=${CMAKE_PREFIX_PATH}:/opt/ros/humble /usr/bin/cmake /home/shivam/code-masala/ros/missile/MpC/occupancy -DCMAKE_INSTALL_PREFIX=/home/shivam/code-masala/ros/missile/MpC/install/occupancy
[0.049s] -- The C compiler identification is GNU 11.4.0
[0.088s] -- The CXX compiler identification is GNU 11.4.0
[0.097s] -- Detecting C compiler ABI info
[0.152s] -- Detecting C compiler ABI info - done
[0.157s] -- Check for working C compiler: /usr/bin/cc - skipped
[0.157s] -- Detecting C compile features
[0.157s] -- Detecting C compile features - done
[0.160s] -- Detecting CXX compiler ABI info
[0.221s] -- Detecting CXX compiler ABI info - done
[0.226s] -- Check for working CXX compiler: /usr/bin/c++ - skipped
[0.226s] -- Detecting CXX compile features
[0.227s] -- Detecting CXX compile features - done
[0.228s] -- Found ament_cmake: 1.3.11 (/opt/ros/humble/share/ament_cmake/cmake)
[0.341s] -- Found Python3: /usr/bin/python3 (found version "3.10.12") found components: Interpreter 
[0.403s] -- Found rclcpp: 16.0.11 (/opt/ros/humble/share/rclcpp/cmake)
[0.431s] -- Found rosidl_generator_c: 3.1.6 (/opt/ros/humble/share/rosidl_generator_c/cmake)
[0.435s] -- Found rosidl_adapter: 3.1.6 (/opt/ros/humble/share/rosidl_adapter/cmake)
[0.440s] -- Found rosidl_generator_cpp: 3.1.6 (/opt/ros/humble/share/rosidl_generator_cpp/cmake)
[0.447s] -- Using all available rosidl_typesupport_c: rosidl_typesupport_fastrtps_c;rosidl_typesupport_introspection_c
[0.457s] -- Using all available rosidl_typesupport_cpp: rosidl_typesupport_fastrtps_cpp;rosidl_typesupport_introspection_cpp
[0.482s] -- Found rmw_implementation_cmake: 6.1.2 (/opt/ros/humble/share/rmw_implementation_cmake/cmake)
[0.484s] -- Found rmw_fastrtps_cpp: 6.2.7 (/opt/ros/humble/share/rmw_fastrtps_cpp/cmake)
[0.540s] -- Found OpenSSL: /usr/lib/x86_64-linux-gnu/libcrypto.so (found version "3.0.2")  
[0.560s] -- Found FastRTPS: /opt/ros/humble/include  
[0.589s] -- Using RMW implementation 'rmw_fastrtps_cpp' as default
[0.598s] -- Looking for pthread.h
[0.654s] -- Looking for pthread.h - found
[0.654s] -- Performing Test CMAKE_HAVE_LIBC_PTHREAD
[0.709s] -- Performing Test CMAKE_HAVE_LIBC_PTHREAD - Success
[0.710s] -- Found Threads: TRUE  
[0.747s] -- Found ament_lint_auto: 0.12.11 (/opt/ros/humble/share/ament_lint_auto/cmake)
[0.800s] -- Added test 'copyright' to check source files copyright and LICENSE
[1.167s] -- Added test 'cppcheck' to perform static code analysis on C / C++ code
[1.168s] -- Configured cppcheck include dirs: 
[1.168s] -- Configured cppcheck exclude dirs and/or files: 
[1.535s] -- Added test 'cpplint' to check C / C++ code against the Google style
[1.535s] -- Configured cpplint exclude dirs and/or files: 
[1.584s] -- Added test 'flake8' to check Python code syntax and style conventions
[1.674s] -- Added test 'lint_cmake' to check CMake code style
[1.723s] -- Added test 'pep257' to check Python code against some of the docstring style conventions in PEP 257
[2.102s] -- Added test 'uncrustify' to check C / C++ code style
[2.102s] -- Configured uncrustify additional arguments: 
[2.149s] -- Added test 'xmllint' to check XML markup files
[2.150s] -- Configuring done
[2.156s] -- Generating done
[2.159s] -- Build files have been written to: /home/shivam/code-masala/ros/missile/MpC/build/occupancy
[2.166s] Invoked command in '/home/shivam/code-masala/ros/missile/MpC/build/occupancy' returned '0': CMAKE_PREFIX_PATH=${CMAKE_PREFIX_PATH}:/opt/ros/humble /usr/bin/cmake /home/shivam/code-masala/ros/missile/MpC/occupancy -DCMAKE_INSTALL_PREFIX=/home/shivam/code-masala/ros/missile/MpC/install/occupancy
[2.167s] Invoking command in '/home/shivam/code-masala/ros/missile/MpC/build/occupancy': CMAKE_PREFIX_PATH=${CMAKE_PREFIX_PATH}:/opt/ros/humble /usr/bin/cmake --build /home/shivam/code-masala/ros/missile/MpC/build/occupancy -- -j16 -l16
[2.208s] [ 25%] [32mBuilding CXX object CMakeFiles/listener.dir/src/subscriber.cpp.o[0m
[2.209s] [ 50%] [32mBuilding CXX object CMakeFiles/talker.dir/src/occupancyPub.cpp.o[0m
[5.076s] [ 75%] [32m[1mLinking CXX executable talker[0m
[5.201s] [ 75%] Built target talker
[7.593s] [100%] [32m[1mLinking CXX executable listener[0m
[7.840s] [100%] Built target listener
[7.849s] Invoked command in '/home/shivam/code-masala/ros/missile/MpC/build/occupancy' returned '0': CMAKE_PREFIX_PATH=${CMAKE_PREFIX_PATH}:/opt/ros/humble /usr/bin/cmake --build /home/shivam/code-masala/ros/missile/MpC/build/occupancy -- -j16 -l16
[7.850s] Invoking command in '/home/shivam/code-masala/ros/missile/MpC/build/occupancy': CMAKE_PREFIX_PATH=${CMAKE_PREFIX_PATH}:/opt/ros/humble /usr/bin/cmake --install /home/shivam/code-masala/ros/missile/MpC/build/occupancy
[7.857s] -- Install configuration: ""
[7.857s] -- Installing: /home/shivam/code-masala/ros/missile/MpC/install/occupancy/lib/occupancy/talker
[7.858s] -- Set runtime path of "/home/shivam/code-masala/ros/missile/MpC/install/occupancy/lib/occupancy/talker" to ""
[7.858s] -- Installing: /home/shivam/code-masala/ros/missile/MpC/install/occupancy/lib/occupancy/listener
[7.860s] -- Set runtime path of "/home/shivam/code-masala/ros/missile/MpC/install/occupancy/lib/occupancy/listener" to ""
[7.860s] -- Installing: /home/shivam/code-masala/ros/missile/MpC/install/occupancy/share/ament_index/resource_index/package_run_dependencies/occupancy
[7.860s] -- Installing: /home/shivam/code-masala/ros/missile/MpC/install/occupancy/share/ament_index/resource_index/parent_prefix_path/occupancy
[7.861s] -- Installing: /home/shivam/code-masala/ros/missile/MpC/install/occupancy/share/occupancy/environment/ament_prefix_path.sh
[7.861s] -- Installing: /home/shivam/code-masala/ros/missile/MpC/install/occupancy/share/occupancy/environment/ament_prefix_path.dsv
[7.861s] -- Installing: /home/shivam/code-masala/ros/missile/MpC/install/occupancy/share/occupancy/environment/path.sh
[7.861s] -- Installing: /home/shivam/code-masala/ros/missile/MpC/install/occupancy/share/occupancy/environment/path.dsv
[7.861s] -- Installing: /home/shivam/code-masala/ros/missile/MpC/install/occupancy/share/occupancy/local_setup.bash
[7.861s] -- Installing: /home/shivam/code-masala/ros/missile/MpC/install/occupancy/share/occupancy/local_setup.sh
[7.861s] -- Installing: /home/shivam/code-masala/ros/missile/MpC/install/occupancy/share/occupancy/local_setup.zsh
[7.862s] -- Installing: /home/shivam/code-masala/ros/missile/MpC/install/occupancy/share/occupancy/local_setup.dsv
[7.862s] -- Installing: /home/shivam/code-masala/ros/missile/MpC/install/occupancy/share/occupancy/package.dsv
[7.862s] -- Installing: /home/shivam/code-masala/ros/missile/MpC/install/occupancy/share/ament_index/resource_index/packages/occupancy
[7.862s] -- Installing: /home/shivam/code-masala/ros/missile/MpC/install/occupancy/share/occupancy/cmake/occupancyConfig.cmake
[7.862s] -- Installing: /home/shivam/code-masala/ros/missile/MpC/install/occupancy/share/occupancy/cmake/occupancyConfig-version.cmake
[7.862s] -- Installing: /home/shivam/code-masala/ros/missile/MpC/install/occupancy/share/occupancy/package.xml
[7.863s] Invoked command in '/home/shivam/code-masala/ros/missile/MpC/build/occupancy' returned '0': CMAKE_PREFIX_PATH=${CMAKE_PREFIX_PATH}:/opt/ros/humble /usr/bin/cmake --install /home/shivam/code-masala/ros/missile/MpC/build/occupancy
