[0.012s] Invoking command in '/home/shivam/code-masala/ros/missile/src/build/visualization_package': CMAKE_PREFIX_PATH=${CMAKE_PREFIX_PATH}:/opt/ros/humble /usr/bin/cmake --build /home/shivam/code-masala/ros/missile/src/build/visualization_package -- -j16 -l16
[0.057s] [35m[1mConsolidate compiler generated dependencies of target path_visualizer[0m
[0.095s] [ 50%] [32mBuilding CXX object CMakeFiles/path_visualizer.dir/src/simu.cpp.o[0m
[5.208s] [100%] [32m[1mLinking CXX executable path_visualizer[0m
[5.426s] [100%] Built target path_visualizer
[5.447s] Invoked command in '/home/shivam/code-masala/ros/missile/src/build/visualization_package' returned '0': CMAKE_PREFIX_PATH=${CMAKE_PREFIX_PATH}:/opt/ros/humble /usr/bin/cmake --build /home/shivam/code-masala/ros/missile/src/build/visualization_package -- -j16 -l16
[5.451s] Invoking command in '/home/shivam/code-masala/ros/missile/src/build/visualization_package': CMAKE_PREFIX_PATH=${CMAKE_PREFIX_PATH}:/opt/ros/humble /usr/bin/cmake --install /home/shivam/code-masala/ros/missile/src/build/visualization_package
[5.464s] -- Install configuration: ""
[5.465s] -- Installing: /home/shivam/code-masala/ros/missile/src/install/visualization_package/lib/visualization_package/path_visualizer
[5.468s] -- Set runtime path of "/home/shivam/code-masala/ros/missile/src/install/visualization_package/lib/visualization_package/path_visualizer" to ""
[5.468s] -- Installing: /home/shivam/code-masala/ros/missile/src/install/visualization_package/share/ament_index/resource_index/package_run_dependencies/visualization_package
[5.468s] -- Installing: /home/shivam/code-masala/ros/missile/src/install/visualization_package/share/ament_index/resource_index/parent_prefix_path/visualization_package
[5.468s] -- Up-to-date: /home/shivam/code-masala/ros/missile/src/install/visualization_package/share/visualization_package/environment/ament_prefix_path.sh
[5.469s] -- Installing: /home/shivam/code-masala/ros/missile/src/install/visualization_package/share/visualization_package/environment/ament_prefix_path.dsv
[5.469s] -- Up-to-date: /home/shivam/code-masala/ros/missile/src/install/visualization_package/share/visualization_package/environment/path.sh
[5.469s] -- Installing: /home/shivam/code-masala/ros/missile/src/install/visualization_package/share/visualization_package/environment/path.dsv
[5.470s] -- Up-to-date: /home/shivam/code-masala/ros/missile/src/install/visualization_package/share/visualization_package/local_setup.bash
[5.470s] -- Up-to-date: /home/shivam/code-masala/ros/missile/src/install/visualization_package/share/visualization_package/local_setup.sh
[5.470s] -- Up-to-date: /home/shivam/code-masala/ros/missile/src/install/visualization_package/share/visualization_package/local_setup.zsh
[5.470s] -- Installing: /home/shivam/code-masala/ros/missile/src/install/visualization_package/share/visualization_package/local_setup.dsv
[5.470s] -- Installing: /home/shivam/code-masala/ros/missile/src/install/visualization_package/share/visualization_package/package.dsv
[5.471s] -- Up-to-date: /home/shivam/code-masala/ros/missile/src/install/visualization_package/share/ament_index/resource_index/packages/visualization_package
[5.471s] -- Up-to-date: /home/shivam/code-masala/ros/missile/src/install/visualization_package/share/visualization_package/cmake/visualization_packageConfig.cmake
[5.471s] -- Up-to-date: /home/shivam/code-masala/ros/missile/src/install/visualization_package/share/visualization_package/cmake/visualization_packageConfig-version.cmake
[5.471s] -- Installing: /home/shivam/code-masala/ros/missile/src/install/visualization_package/share/visualization_package/package.xml
[5.476s] Invoked command in '/home/shivam/code-masala/ros/missile/src/build/visualization_package' returned '0': CMAKE_PREFIX_PATH=${CMAKE_PREFIX_PATH}:/opt/ros/humble /usr/bin/cmake --install /home/shivam/code-masala/ros/missile/src/build/visualization_package
