[0.009s] Invoking command in '/home/shivam/code-masala/ros/missile/build/occupancy': CMAKE_PREFIX_PATH=/opt/ros/humble /usr/bin/cmake --build /home/shivam/code-masala/ros/missile/build/occupancy -- -j16 -l16
[0.052s] [35m[1mConsolidate compiler generated dependencies of target talker[0m
[0.083s] [ 25%] [32mBuilding CXX object CMakeFiles/listener.dir/src/subscriber.cpp.o[0m
[0.087s] [ 75%] Built target talker
[8.296s] [100%] [32m[1mLinking CXX executable listener[0m
[8.760s] [100%] Built target listener
[8.773s] Invoked command in '/home/shivam/code-masala/ros/missile/build/occupancy' returned '0': CMAKE_PREFIX_PATH=/opt/ros/humble /usr/bin/cmake --build /home/shivam/code-masala/ros/missile/build/occupancy -- -j16 -l16
[8.791s] Invoking command in '/home/shivam/code-masala/ros/missile/build/occupancy': CMAKE_PREFIX_PATH=/opt/ros/humble /usr/bin/cmake --install /home/shivam/code-masala/ros/missile/build/occupancy
[8.806s] -- Install configuration: ""
[8.807s] -- Up-to-date: /home/shivam/code-masala/ros/missile/install/occupancy/lib/occupancy/talker
[8.807s] -- Installing: /home/shivam/code-masala/ros/missile/install/occupancy/lib/occupancy/listener
[8.815s] -- Set runtime path of "/home/shivam/code-masala/ros/missile/install/occupancy/lib/occupancy/listener" to ""
[8.816s] -- Up-to-date: /home/shivam/code-masala/ros/missile/install/occupancy/share/ament_index/resource_index/package_run_dependencies/occupancy
[8.816s] -- Up-to-date: /home/shivam/code-masala/ros/missile/install/occupancy/share/ament_index/resource_index/parent_prefix_path/occupancy
[8.816s] -- Up-to-date: /home/shivam/code-masala/ros/missile/install/occupancy/share/occupancy/environment/ament_prefix_path.sh
[8.816s] -- Up-to-date: /home/shivam/code-masala/ros/missile/install/occupancy/share/occupancy/environment/ament_prefix_path.dsv
[8.816s] -- Up-to-date: /home/shivam/code-masala/ros/missile/install/occupancy/share/occupancy/environment/path.sh
[8.816s] -- Up-to-date: /home/shivam/code-masala/ros/missile/install/occupancy/share/occupancy/environment/path.dsv
[8.816s] -- Up-to-date: /home/shivam/code-masala/ros/missile/install/occupancy/share/occupancy/local_setup.bash
[8.817s] -- Up-to-date: /home/shivam/code-masala/ros/missile/install/occupancy/share/occupancy/local_setup.sh
[8.817s] -- Up-to-date: /home/shivam/code-masala/ros/missile/install/occupancy/share/occupancy/local_setup.zsh
[8.817s] -- Up-to-date: /home/shivam/code-masala/ros/missile/install/occupancy/share/occupancy/local_setup.dsv
[8.817s] -- Installing: /home/shivam/code-masala/ros/missile/install/occupancy/share/occupancy/package.dsv
[8.817s] -- Up-to-date: /home/shivam/code-masala/ros/missile/install/occupancy/share/ament_index/resource_index/packages/occupancy
[8.817s] -- Up-to-date: /home/shivam/code-masala/ros/missile/install/occupancy/share/occupancy/cmake/occupancyConfig.cmake
[8.818s] -- Up-to-date: /home/shivam/code-masala/ros/missile/install/occupancy/share/occupancy/cmake/occupancyConfig-version.cmake
[8.818s] -- Up-to-date: /home/shivam/code-masala/ros/missile/install/occupancy/share/occupancy/package.xml
[8.821s] Invoked command in '/home/shivam/code-masala/ros/missile/build/occupancy' returned '0': CMAKE_PREFIX_PATH=/opt/ros/humble /usr/bin/cmake --install /home/shivam/code-masala/ros/missile/build/occupancy
