[0.010s] Invoking command in '/home/shivam/code-masala/ros/missile/MpC/build/car_path_simulation': CMAKE_PREFIX_PATH=/opt/ros/humble VIRTUAL_ENV_PROMPT=(myenv) /usr/bin/cmake --build /home/shivam/code-masala/ros/missile/MpC/build/car_path_simulation -- -j16 -l16
[0.043s] [35m[1mConsolidate compiler generated dependencies of target path_publisher[0m
[0.055s] [ 50%] [32mBuilding CXX object CMakeFiles/path_publisher.dir/src/path_publisher.cpp.o[0m
[2.929s] [100%] [32m[1mLinking CXX executable path_publisher[0m
[3.064s] [100%] Built target path_publisher
[3.074s] Invoked command in '/home/shivam/code-masala/ros/missile/MpC/build/car_path_simulation' returned '0': CMAKE_PREFIX_PATH=/opt/ros/humble VIRTUAL_ENV_PROMPT=(myenv) /usr/bin/cmake --build /home/shivam/code-masala/ros/missile/MpC/build/car_path_simulation -- -j16 -l16
[3.076s] Invoking command in '/home/shivam/code-masala/ros/missile/MpC/build/car_path_simulation': CMAKE_PREFIX_PATH=/opt/ros/humble VIRTUAL_ENV_PROMPT=(myenv) /usr/bin/cmake --install /home/shivam/code-masala/ros/missile/MpC/build/car_path_simulation
[3.084s] -- Install configuration: ""
[3.084s] -- Installing: /home/shivam/code-masala/ros/missile/MpC/install/car_path_simulation/lib/car_path_simulation/path_publisher
[3.084s] -- Set runtime path of "/home/shivam/code-masala/ros/missile/MpC/install/car_path_simulation/lib/car_path_simulation/path_publisher" to ""
[3.085s] -- Up-to-date: /home/shivam/code-masala/ros/missile/MpC/install/car_path_simulation/share/car_path_simulation/launch
[3.085s] -- Up-to-date: /home/shivam/code-masala/ros/missile/MpC/install/car_path_simulation/share/car_path_simulation/launch/path_publisher.launch.py
[3.085s] -- Up-to-date: /home/shivam/code-masala/ros/missile/MpC/install/car_path_simulation/share/car_path_simulation/share
[3.085s] -- Up-to-date: /home/shivam/code-masala/ros/missile/MpC/install/car_path_simulation/share/car_path_simulation/share/path_display.rviz
[3.085s] -- Up-to-date: /home/shivam/code-masala/ros/missile/MpC/install/car_path_simulation/share/ament_index/resource_index/package_run_dependencies/car_path_simulation
[3.085s] -- Up-to-date: /home/shivam/code-masala/ros/missile/MpC/install/car_path_simulation/share/ament_index/resource_index/parent_prefix_path/car_path_simulation
[3.085s] -- Up-to-date: /home/shivam/code-masala/ros/missile/MpC/install/car_path_simulation/share/car_path_simulation/environment/ament_prefix_path.sh
[3.085s] -- Up-to-date: /home/shivam/code-masala/ros/missile/MpC/install/car_path_simulation/share/car_path_simulation/environment/ament_prefix_path.dsv
[3.085s] -- Up-to-date: /home/shivam/code-masala/ros/missile/MpC/install/car_path_simulation/share/car_path_simulation/environment/path.sh
[3.085s] -- Up-to-date: /home/shivam/code-masala/ros/missile/MpC/install/car_path_simulation/share/car_path_simulation/environment/path.dsv
[3.085s] -- Up-to-date: /home/shivam/code-masala/ros/missile/MpC/install/car_path_simulation/share/car_path_simulation/local_setup.bash
[3.085s] -- Up-to-date: /home/shivam/code-masala/ros/missile/MpC/install/car_path_simulation/share/car_path_simulation/local_setup.sh
[3.085s] -- Up-to-date: /home/shivam/code-masala/ros/missile/MpC/install/car_path_simulation/share/car_path_simulation/local_setup.zsh
[3.085s] -- Up-to-date: /home/shivam/code-masala/ros/missile/MpC/install/car_path_simulation/share/car_path_simulation/local_setup.dsv
[3.085s] -- Installing: /home/shivam/code-masala/ros/missile/MpC/install/car_path_simulation/share/car_path_simulation/package.dsv
[3.085s] -- Up-to-date: /home/shivam/code-masala/ros/missile/MpC/install/car_path_simulation/share/ament_index/resource_index/packages/car_path_simulation
[3.085s] -- Up-to-date: /home/shivam/code-masala/ros/missile/MpC/install/car_path_simulation/share/car_path_simulation/cmake/car_path_simulationConfig.cmake
[3.085s] -- Up-to-date: /home/shivam/code-masala/ros/missile/MpC/install/car_path_simulation/share/car_path_simulation/cmake/car_path_simulationConfig-version.cmake
[3.086s] -- Up-to-date: /home/shivam/code-masala/ros/missile/MpC/install/car_path_simulation/share/car_path_simulation/package.xml
[3.086s] Invoked command in '/home/shivam/code-masala/ros/missile/MpC/build/car_path_simulation' returned '0': CMAKE_PREFIX_PATH=/opt/ros/humble VIRTUAL_ENV_PROMPT=(myenv) /usr/bin/cmake --install /home/shivam/code-masala/ros/missile/MpC/build/car_path_simulation
