[0.011s] Invoking command in '/home/shivam/code-masala/ros/missile/src/build/visualization_package': CMAKE_PREFIX_PATH=/opt/ros/humble /usr/bin/cmake /home/shivam/code-masala/ros/missile/src/visualization_package -DCMAKE_INSTALL_PREFIX=/home/shivam/code-masala/ros/missile/src/install/visualization_package
[0.134s] -- The C compiler identification is GNU 11.4.0
[0.263s] -- The CXX compiler identification is GNU 11.4.0
[0.282s] -- Detecting C compiler ABI info
[0.376s] -- Detecting C compiler ABI info - done
[0.386s] -- Check for working C compiler: /usr/bin/cc - skipped
[0.387s] -- Detecting C compile features
[0.388s] -- Detecting C compile features - done
[0.392s] -- Detecting CXX compiler ABI info
[0.526s] -- Detecting CXX compiler ABI info - done
[0.539s] -- Check for working CXX compiler: /usr/bin/c++ - skipped
[0.539s] -- Detecting CXX compile features
[0.540s] -- Detecting CXX compile features - done
[0.547s] -- Found ament_cmake: 1.3.11 (/opt/ros/humble/share/ament_cmake/cmake)
[0.865s] -- Found Python3: /usr/bin/python3 (found version "3.10.12") found components: Interpreter 
[1.004s] -- Found ament_lint_auto: 0.12.11 (/opt/ros/humble/share/ament_lint_auto/cmake)
[1.117s] -- Added test 'cppcheck' to perform static code analysis on C / C++ code
[1.117s] -- Configured cppcheck include dirs: 
[1.117s] -- Configured cppcheck exclude dirs and/or files: 
[1.118s] -- Added test 'lint_cmake' to check CMake code style
[1.119s] -- Added test 'uncrustify' to check C / C++ code style
[1.119s] -- Configured uncrustify additional arguments: 
[1.120s] -- Added test 'xmllint' to check XML markup files
[1.121s] -- Configuring done
[1.123s] -- Generating done
[1.125s] -- Build files have been written to: /home/shivam/code-masala/ros/missile/src/build/visualization_package
[1.132s] Invoked command in '/home/shivam/code-masala/ros/missile/src/build/visualization_package' returned '0': CMAKE_PREFIX_PATH=/opt/ros/humble /usr/bin/cmake /home/shivam/code-masala/ros/missile/src/visualization_package -DCMAKE_INSTALL_PREFIX=/home/shivam/code-masala/ros/missile/src/install/visualization_package
[1.133s] Invoking command in '/home/shivam/code-masala/ros/missile/src/build/visualization_package': CMAKE_PREFIX_PATH=/opt/ros/humble /usr/bin/cmake --build /home/shivam/code-masala/ros/missile/src/build/visualization_package -- -j16 -l16
[1.179s] Invoked command in '/home/shivam/code-masala/ros/missile/src/build/visualization_package' returned '0': CMAKE_PREFIX_PATH=/opt/ros/humble /usr/bin/cmake --build /home/shivam/code-masala/ros/missile/src/build/visualization_package -- -j16 -l16
[1.197s] Invoking command in '/home/shivam/code-masala/ros/missile/src/build/visualization_package': CMAKE_PREFIX_PATH=/opt/ros/humble /usr/bin/cmake --install /home/shivam/code-masala/ros/missile/src/build/visualization_package
[1.211s] -- Install configuration: ""
[1.211s] -- Installing: /home/shivam/code-masala/ros/missile/src/install/visualization_package/share/ament_index/resource_index/package_run_dependencies/visualization_package
[1.212s] -- Installing: /home/shivam/code-masala/ros/missile/src/install/visualization_package/share/ament_index/resource_index/parent_prefix_path/visualization_package
[1.212s] -- Installing: /home/shivam/code-masala/ros/missile/src/install/visualization_package/share/visualization_package/environment/ament_prefix_path.sh
[1.212s] -- Installing: /home/shivam/code-masala/ros/missile/src/install/visualization_package/share/visualization_package/environment/ament_prefix_path.dsv
[1.212s] -- Installing: /home/shivam/code-masala/ros/missile/src/install/visualization_package/share/visualization_package/environment/path.sh
[1.213s] -- Installing: /home/shivam/code-masala/ros/missile/src/install/visualization_package/share/visualization_package/environment/path.dsv
[1.213s] -- Installing: /home/shivam/code-masala/ros/missile/src/install/visualization_package/share/visualization_package/local_setup.bash
[1.213s] -- Installing: /home/shivam/code-masala/ros/missile/src/install/visualization_package/share/visualization_package/local_setup.sh
[1.213s] -- Installing: /home/shivam/code-masala/ros/missile/src/install/visualization_package/share/visualization_package/local_setup.zsh
[1.213s] -- Installing: /home/shivam/code-masala/ros/missile/src/install/visualization_package/share/visualization_package/local_setup.dsv
[1.213s] -- Installing: /home/shivam/code-masala/ros/missile/src/install/visualization_package/share/visualization_package/package.dsv
[1.214s] -- Installing: /home/shivam/code-masala/ros/missile/src/install/visualization_package/share/ament_index/resource_index/packages/visualization_package
[1.214s] -- Installing: /home/shivam/code-masala/ros/missile/src/install/visualization_package/share/visualization_package/cmake/visualization_packageConfig.cmake
[1.214s] -- Installing: /home/shivam/code-masala/ros/missile/src/install/visualization_package/share/visualization_package/cmake/visualization_packageConfig-version.cmake
[1.214s] -- Installing: /home/shivam/code-masala/ros/missile/src/install/visualization_package/share/visualization_package/package.xml
[1.217s] Invoked command in '/home/shivam/code-masala/ros/missile/src/build/visualization_package' returned '0': CMAKE_PREFIX_PATH=/opt/ros/humble /usr/bin/cmake --install /home/shivam/code-masala/ros/missile/src/build/visualization_package
