[0.012s] Invoking command in '/home/shivam/code-masala/ros/missile/src/build/occupancy': CMAKE_PREFIX_PATH=/opt/ros/humble /usr/bin/cmake --build /home/shivam/code-masala/ros/missile/src/build/occupancy -- -j16 -l16
[0.050s] -- Found ament_cmake: 1.3.11 (/opt/ros/humble/share/ament_cmake/cmake)
[0.176s] -- Found rclcpp: 16.0.11 (/opt/ros/humble/share/rclcpp/cmake)
[0.213s] -- Found rosidl_generator_c: 3.1.6 (/opt/ros/humble/share/rosidl_generator_c/cmake)
[0.216s] -- Found rosidl_adapter: 3.1.6 (/opt/ros/humble/share/rosidl_adapter/cmake)
[0.223s] -- Found rosidl_generator_cpp: 3.1.6 (/opt/ros/humble/share/rosidl_generator_cpp/cmake)
[0.233s] -- Using all available rosidl_typesupport_c: rosidl_typesupport_fastrtps_c;rosidl_typesupport_introspection_c
[0.246s] -- Using all available rosidl_typesupport_cpp: rosidl_typesupport_fastrtps_cpp;rosidl_typesupport_introspection_cpp
[0.280s] -- Found rmw_implementation_cmake: 6.1.2 (/opt/ros/humble/share/rmw_implementation_cmake/cmake)
[0.282s] -- Found rmw_fastrtps_cpp: 6.2.7 (/opt/ros/humble/share/rmw_fastrtps_cpp/cmake)
[0.383s] -- Using RMW implementation 'rmw_fastrtps_cpp' as default
[0.445s] [31mCMake Error at CMakeLists.txt:13 (find_package):
[0.445s]   By not providing "Findcatkin.cmake" in CMAKE_MODULE_PATH this project has
[0.445s]   asked CMake to find a package configuration file provided by "catkin", but
[0.445s]   CMake did not find one.
[0.445s] 
[0.445s]   Could not find a package configuration file provided by "catkin" with any
[0.445s]   of the following names:
[0.445s] 
[0.446s]     catkinConfig.cmake
[0.446s]     catkin-config.cmake
[0.446s] 
[0.446s]   Add the installation prefix of "catkin" to CMAKE_PREFIX_PATH or set
[0.446s]   "catkin_DIR" to a directory containing one of the above files.  If "catkin"
[0.446s]   provides a separate development package or SDK, be sure it has been
[0.446s]   installed.
[0.446s] 
[0.446s] [0m
[0.446s] -- Configuring incomplete, errors occurred!
[0.446s] See also "/home/shivam/code-masala/ros/missile/src/build/occupancy/CMakeFiles/CMakeOutput.log".
[0.451s] gmake: *** [Makefile:308: cmake_check_build_system] Error 1
[0.454s] Invoked command in '/home/shivam/code-masala/ros/missile/src/build/occupancy' returned '2': CMAKE_PREFIX_PATH=/opt/ros/humble /usr/bin/cmake --build /home/shivam/code-masala/ros/missile/src/build/occupancy -- -j16 -l16
