[0.013s] Invoking command in '/home/shivam/code-masala/ros/missile/src/build/occupancy': CMAKE_PREFIX_PATH=/opt/ros/humble /usr/bin/cmake /home/shivam/code-masala/ros/missile/src/occupancy -DCMAKE_INSTALL_PREFIX=/home/shivam/code-masala/ros/missile/src/install/occupancy
[0.138s] -- The C compiler identification is GNU 11.4.0
[0.273s] -- The CXX compiler identification is GNU 11.4.0
[0.289s] -- Detecting C compiler ABI info
[0.385s] -- Detecting C compiler ABI info - done
[0.393s] -- Check for working C compiler: /usr/bin/cc - skipped
[0.395s] -- Detecting C compile features
[0.395s] -- Detecting C compile features - done
[0.399s] -- Detecting CXX compiler ABI info
[0.536s] -- Detecting CXX compiler ABI info - done
[0.548s] -- Check for working CXX compiler: /usr/bin/c++ - skipped
[0.549s] -- Detecting CXX compile features
[0.549s] -- Detecting CXX compile features - done
[0.555s] -- Found ament_cmake: 1.3.11 (/opt/ros/humble/share/ament_cmake/cmake)
[0.874s] -- Found Python3: /usr/bin/python3 (found version "3.10.12") found components: Interpreter 
[1.012s] -- Found rclcpp: 16.0.11 (/opt/ros/humble/share/rclcpp/cmake)
[1.083s] -- Found rosidl_generator_c: 3.1.6 (/opt/ros/humble/share/rosidl_generator_c/cmake)
[1.089s] -- Found rosidl_adapter: 3.1.6 (/opt/ros/humble/share/rosidl_adapter/cmake)
[1.099s] -- Found rosidl_generator_cpp: 3.1.6 (/opt/ros/humble/share/rosidl_generator_cpp/cmake)
[1.114s] -- Using all available rosidl_typesupport_c: rosidl_typesupport_fastrtps_c;rosidl_typesupport_introspection_c
[1.134s] -- Using all available rosidl_typesupport_cpp: rosidl_typesupport_fastrtps_cpp;rosidl_typesupport_introspection_cpp
[1.199s] -- Found rmw_implementation_cmake: 6.1.2 (/opt/ros/humble/share/rmw_implementation_cmake/cmake)
[1.206s] -- Found rmw_fastrtps_cpp: 6.2.7 (/opt/ros/humble/share/rmw_fastrtps_cpp/cmake)
[1.388s] -- Found OpenSSL: /usr/lib/x86_64-linux-gnu/libcrypto.so (found version "3.0.2")  
[1.451s] -- Found FastRTPS: /opt/ros/humble/include  
[1.540s] -- Using RMW implementation 'rmw_fastrtps_cpp' as default
[1.561s] -- Looking for pthread.h
[1.709s] -- Looking for pthread.h - found
[1.710s] -- Performing Test CMAKE_HAVE_LIBC_PTHREAD
[1.855s] -- Performing Test CMAKE_HAVE_LIBC_PTHREAD - Success
[1.858s] -- Found Threads: TRUE  
[1.973s] -- Found ament_lint_auto: 0.12.11 (/opt/ros/humble/share/ament_lint_auto/cmake)
[2.083s] -- Added test 'copyright' to check source files copyright and LICENSE
[2.102s] -- Added test 'cppcheck' to perform static code analysis on C / C++ code
[2.103s] -- Configured cppcheck include dirs: 
[2.103s] -- Configured cppcheck exclude dirs and/or files: 
[2.122s] -- Added test 'cpplint' to check C / C++ code against the Google style
[2.122s] -- Configured cpplint exclude dirs and/or files: 
[2.124s] -- Added test 'flake8' to check Python code syntax and style conventions
[2.127s] -- Added test 'lint_cmake' to check CMake code style
[2.129s] -- Added test 'pep257' to check Python code against some of the docstring style conventions in PEP 257
[2.141s] -- Added test 'uncrustify' to check C / C++ code style
[2.141s] -- Configured uncrustify additional arguments: 
[2.143s] -- Added test 'xmllint' to check XML markup files
[2.144s] -- Configuring done
[2.155s] -- Generating done
[2.160s] -- Build files have been written to: /home/shivam/code-masala/ros/missile/src/build/occupancy
[2.169s] Invoked command in '/home/shivam/code-masala/ros/missile/src/build/occupancy' returned '0': CMAKE_PREFIX_PATH=/opt/ros/humble /usr/bin/cmake /home/shivam/code-masala/ros/missile/src/occupancy -DCMAKE_INSTALL_PREFIX=/home/shivam/code-masala/ros/missile/src/install/occupancy
[2.171s] Invoking command in '/home/shivam/code-masala/ros/missile/src/build/occupancy': CMAKE_PREFIX_PATH=/opt/ros/humble /usr/bin/cmake --build /home/shivam/code-masala/ros/missile/src/build/occupancy -- -j16 -l16
[2.259s] [ 25%] [32mBuilding CXX object CMakeFiles/listener.dir/src/subscriber.cpp.o[0m
[2.261s] [ 50%] [32mBuilding CXX object CMakeFiles/talker.dir/src/occupancyPub.cpp.o[0m
[7.160s] [ 75%] [32m[1mLinking CXX executable talker[0m
[7.373s] [ 75%] Built target talker
[11.405s] [100%] [32m[1mLinking CXX executable listener[0m
[11.847s] [100%] Built target listener
[11.861s] Invoked command in '/home/shivam/code-masala/ros/missile/src/build/occupancy' returned '0': CMAKE_PREFIX_PATH=/opt/ros/humble /usr/bin/cmake --build /home/shivam/code-masala/ros/missile/src/build/occupancy -- -j16 -l16
[11.865s] Invoking command in '/home/shivam/code-masala/ros/missile/src/build/occupancy': CMAKE_PREFIX_PATH=/opt/ros/humble /usr/bin/cmake --install /home/shivam/code-masala/ros/missile/src/build/occupancy
[11.878s] -- Install configuration: ""
[11.879s] -- Installing: /home/shivam/code-masala/ros/missile/src/install/occupancy/lib/occupancy/talker
[11.881s] -- Set runtime path of "/home/shivam/code-masala/ros/missile/src/install/occupancy/lib/occupancy/talker" to ""
[11.881s] -- Installing: /home/shivam/code-masala/ros/missile/src/install/occupancy/lib/occupancy/listener
[11.887s] -- Set runtime path of "/home/shivam/code-masala/ros/missile/src/install/occupancy/lib/occupancy/listener" to ""
[11.887s] -- Installing: /home/shivam/code-masala/ros/missile/src/install/occupancy/share/ament_index/resource_index/package_run_dependencies/occupancy
[11.888s] -- Installing: /home/shivam/code-masala/ros/missile/src/install/occupancy/share/ament_index/resource_index/parent_prefix_path/occupancy
[11.888s] -- Installing: /home/shivam/code-masala/ros/missile/src/install/occupancy/share/occupancy/environment/ament_prefix_path.sh
[11.888s] -- Installing: /home/shivam/code-masala/ros/missile/src/install/occupancy/share/occupancy/environment/ament_prefix_path.dsv
[11.889s] -- Installing: /home/shivam/code-masala/ros/missile/src/install/occupancy/share/occupancy/environment/path.sh
[11.889s] -- Installing: /home/shivam/code-masala/ros/missile/src/install/occupancy/share/occupancy/environment/path.dsv
[11.889s] -- Installing: /home/shivam/code-masala/ros/missile/src/install/occupancy/share/occupancy/local_setup.bash
[11.889s] -- Installing: /home/shivam/code-masala/ros/missile/src/install/occupancy/share/occupancy/local_setup.sh
[11.890s] -- Installing: /home/shivam/code-masala/ros/missile/src/install/occupancy/share/occupancy/local_setup.zsh
[11.890s] -- Installing: /home/shivam/code-masala/ros/missile/src/install/occupancy/share/occupancy/local_setup.dsv
[11.890s] -- Installing: /home/shivam/code-masala/ros/missile/src/install/occupancy/share/occupancy/package.dsv
[11.890s] -- Installing: /home/shivam/code-masala/ros/missile/src/install/occupancy/share/ament_index/resource_index/packages/occupancy
[11.890s] -- Installing: /home/shivam/code-masala/ros/missile/src/install/occupancy/share/occupancy/cmake/occupancyConfig.cmake
[11.890s] -- Installing: /home/shivam/code-masala/ros/missile/src/install/occupancy/share/occupancy/cmake/occupancyConfig-version.cmake
[11.890s] -- Installing: /home/shivam/code-masala/ros/missile/src/install/occupancy/share/occupancy/package.xml
[11.895s] Invoked command in '/home/shivam/code-masala/ros/missile/src/build/occupancy' returned '0': CMAKE_PREFIX_PATH=/opt/ros/humble /usr/bin/cmake --install /home/shivam/code-masala/ros/missile/src/build/occupancy
