[0.014s] Invoking command in '/home/shivam/code-masala/ros/missile/src/build/occupancy': CMAKE_PREFIX_PATH=${CMAKE_PREFIX_PATH}:/opt/ros/humble /usr/bin/cmake --build /home/shivam/code-masala/ros/missile/src/build/occupancy -- -j16 -l16
[0.085s] [ 50%] Built target listener
[0.086s] [100%] Built target talker
[0.111s] Invoked command in '/home/shivam/code-masala/ros/missile/src/build/occupancy' returned '0': CMAKE_PREFIX_PATH=${CMAKE_PREFIX_PATH}:/opt/ros/humble /usr/bin/cmake --build /home/shivam/code-masala/ros/missile/src/build/occupancy -- -j16 -l16
[0.132s] Invoking command in '/home/shivam/code-masala/ros/missile/src/build/occupancy': CMAKE_PREFIX_PATH=${CMAKE_PREFIX_PATH}:/opt/ros/humble /usr/bin/cmake --install /home/shivam/code-masala/ros/missile/src/build/occupancy
[0.147s] -- Install configuration: ""
[0.148s] -- Up-to-date: /home/shivam/code-masala/ros/missile/src/install/occupancy/lib/occupancy/talker
[0.148s] -- Up-to-date: /home/shivam/code-masala/ros/missile/src/install/occupancy/lib/occupancy/listener
[0.148s] -- Up-to-date: /home/shivam/code-masala/ros/missile/src/install/occupancy/share/ament_index/resource_index/package_run_dependencies/occupancy
[0.149s] -- Up-to-date: /home/shivam/code-masala/ros/missile/src/install/occupancy/share/ament_index/resource_index/parent_prefix_path/occupancy
[0.149s] -- Up-to-date: /home/shivam/code-masala/ros/missile/src/install/occupancy/share/occupancy/environment/ament_prefix_path.sh
[0.149s] -- Up-to-date: /home/shivam/code-masala/ros/missile/src/install/occupancy/share/occupancy/environment/ament_prefix_path.dsv
[0.149s] -- Up-to-date: /home/shivam/code-masala/ros/missile/src/install/occupancy/share/occupancy/environment/path.sh
[0.149s] -- Up-to-date: /home/shivam/code-masala/ros/missile/src/install/occupancy/share/occupancy/environment/path.dsv
[0.150s] -- Up-to-date: /home/shivam/code-masala/ros/missile/src/install/occupancy/share/occupancy/local_setup.bash
[0.150s] -- Up-to-date: /home/shivam/code-masala/ros/missile/src/install/occupancy/share/occupancy/local_setup.sh
[0.150s] -- Up-to-date: /home/shivam/code-masala/ros/missile/src/install/occupancy/share/occupancy/local_setup.zsh
[0.150s] -- Up-to-date: /home/shivam/code-masala/ros/missile/src/install/occupancy/share/occupancy/local_setup.dsv
[0.150s] -- Installing: /home/shivam/code-masala/ros/missile/src/install/occupancy/share/occupancy/package.dsv
[0.150s] -- Up-to-date: /home/shivam/code-masala/ros/missile/src/install/occupancy/share/ament_index/resource_index/packages/occupancy
[0.151s] -- Up-to-date: /home/shivam/code-masala/ros/missile/src/install/occupancy/share/occupancy/cmake/occupancyConfig.cmake
[0.151s] -- Up-to-date: /home/shivam/code-masala/ros/missile/src/install/occupancy/share/occupancy/cmake/occupancyConfig-version.cmake
[0.151s] -- Up-to-date: /home/shivam/code-masala/ros/missile/src/install/occupancy/share/occupancy/package.xml
[0.154s] Invoked command in '/home/shivam/code-masala/ros/missile/src/build/occupancy' returned '0': CMAKE_PREFIX_PATH=${CMAKE_PREFIX_PATH}:/opt/ros/humble /usr/bin/cmake --install /home/shivam/code-masala/ros/missile/src/build/occupancy
