[0.007s] Invoking command in '/home/shivam/code-masala/ros/missile/src/occupancy/build/occupancy': CMAKE_PREFIX_PATH=${CMAKE_PREFIX_PATH}:/opt/ros/humble /usr/bin/cmake --build /home/shivam/code-masala/ros/missile/src/occupancy/build/occupancy -- -j16 -l16
[0.042s] [35m[1mConsolidate compiler generated dependencies of target talker[0m
[0.042s] [35m[1mConsolidate compiler generated dependencies of target listener[0m
[0.054s] [ 50%] Built target talker
[0.055s] [ 75%] [32mBuilding CXX object CMakeFiles/listener.dir/src/subscriber.cpp.o[0m
[1.550s] [01m[K/home/shivam/code-masala/ros/missile/src/occupancy/src/subscriber.cpp:[m[K In member function ‘[01m[Kvoid OccupancyMatrixSub::topic_callback(std_msgs::msg::String_<std::allocator<void> >::SharedPtr)[m[K’:
[1.550s] [01m[K/home/shivam/code-masala/ros/missile/src/occupancy/src/subscriber.cpp:24:54:[m[K [01;31m[Kerror: [m[K‘[01m[KfindSquareTargets[m[K’ was not declared in this scope
[1.550s]    24 |         vector<vector<pair<int, int>>> coordinates = [01;31m[KfindSquareTargets[m[K(msg->data.c_str());
[1.550s]       |                                                      [01;31m[K^~~~~~~~~~~~~~~~~[m[K
[1.557s] [01m[K/home/shivam/code-masala/ros/missile/src/occupancy/src/subscriber.cpp:[m[K In function ‘[01m[Kstd::vector<std::pair<int, int> > findSquareTargets(std::string)[m[K’:
[1.557s] [01m[K/home/shivam/code-masala/ros/missile/src/occupancy/src/subscriber.cpp:71:21:[m[K [01;31m[Kerror: [m[K‘[01m[Kcoordinates[m[K’ was not declared in this scope
[1.558s]    71 |                     [01;31m[Kcoordinates[m[K.push_back(row,col);
[1.558s]       |                     [01;31m[K^~~~~~~~~~~[m[K
[1.560s] [01m[K/home/shivam/code-masala/ros/missile/src/occupancy/src/subscriber.cpp:75:12:[m[K [01;31m[Kerror: [m[K‘[01m[Kcoordinates[m[K’ was not declared in this scope
[1.560s]    75 |     return [01;31m[Kcoordinates[m[K;
[1.560s]       |            [01;31m[K^~~~~~~~~~~[m[K
[3.159s] gmake[2]: *** [CMakeFiles/listener.dir/build.make:76: CMakeFiles/listener.dir/src/subscriber.cpp.o] Error 1
[3.159s] gmake[1]: *** [CMakeFiles/Makefile2:165: CMakeFiles/listener.dir/all] Error 2
[3.159s] gmake: *** [Makefile:146: all] Error 2
[3.161s] Invoked command in '/home/shivam/code-masala/ros/missile/src/occupancy/build/occupancy' returned '2': CMAKE_PREFIX_PATH=${CMAKE_PREFIX_PATH}:/opt/ros/humble /usr/bin/cmake --build /home/shivam/code-masala/ros/missile/src/occupancy/build/occupancy -- -j16 -l16
