[0.007s] Invoking command in '/home/shivam/code-masala/ros/missile/MpC/build/mycarsim': CMAKE_PREFIX_PATH=/opt/ros/humble VIRTUAL_ENV_PROMPT=(myenv) /usr/bin/cmake /home/shivam/code-masala/ros/missile/MpC/mycarsim -DCMAKE_INSTALL_PREFIX=/home/shivam/code-masala/ros/missile/MpC/install/mycarsim
[0.016s] -- Found ament_cmake: 1.3.11 (/opt/ros/humble/share/ament_cmake/cmake)
[0.097s] -- Found rclcpp: 16.0.11 (/opt/ros/humble/share/rclcpp/cmake)
[0.117s] -- Found rosidl_generator_c: 3.1.6 (/opt/ros/humble/share/rosidl_generator_c/cmake)
[0.118s] -- Found rosidl_adapter: 3.1.6 (/opt/ros/humble/share/rosidl_adapter/cmake)
[0.122s] -- Found rosidl_generator_cpp: 3.1.6 (/opt/ros/humble/share/rosidl_generator_cpp/cmake)
[0.128s] -- Using all available rosidl_typesupport_c: rosidl_typesupport_fastrtps_c;rosidl_typesupport_introspection_c
[0.136s] -- Using all available rosidl_typesupport_cpp: rosidl_typesupport_fastrtps_cpp;rosidl_typesupport_introspection_cpp
[0.156s] -- Found rmw_implementation_cmake: 6.1.2 (/opt/ros/humble/share/rmw_implementation_cmake/cmake)
[0.157s] -- Found rmw_fastrtps_cpp: 6.2.7 (/opt/ros/humble/share/rmw_fastrtps_cpp/cmake)
[0.221s] -- Using RMW implementation 'rmw_fastrtps_cpp' as default
[0.249s] -- Found geometry_msgs: 4.2.4 (/opt/ros/humble/share/geometry_msgs/cmake)
[0.272s] Traceback (most recent call last):
[0.272s]   File "/opt/ros/humble/share/ament_cmake_core/cmake/core/package_xml_2_cmake.py", line 22, in <module>
[0.272s]     from catkin_pkg.package import parse_package_string
[0.272s] ModuleNotFoundError: No module named 'catkin_pkg'
[0.274s] [31mCMake Error at /opt/ros/humble/share/ament_cmake_core/cmake/core/ament_package_xml.cmake:95 (message):
[0.274s]   
[0.274s]   execute_process(/home/shivam/code-masala/ros/missile/MpC/occupancy/src/myenv/bin/python3
[0.274s]   /opt/ros/humble/share/ament_cmake_core/cmake/core/package_xml_2_cmake.py
[0.274s]   /home/shivam/code-masala/ros/missile/MpC/mycarsim/package.xml
[0.274s]   /home/shivam/code-masala/ros/missile/MpC/build/mycarsim/ament_cmake_core/package.cmake)
[0.274s]   returned error code 1
[0.275s] Call Stack (most recent call first):
[0.275s]   /opt/ros/humble/share/ament_cmake_core/cmake/core/ament_package_xml.cmake:49 (_ament_package_xml)
[0.275s]   /opt/ros/humble/share/ament_cmake_core/cmake/core/ament_package.cmake:63 (ament_package_xml)
[0.275s]   CMakeLists.txt:24 (ament_package)
[0.275s] 
[0.275s] [0m
[0.275s] -- Configuring incomplete, errors occurred!
[0.275s] See also "/home/shivam/code-masala/ros/missile/MpC/build/mycarsim/CMakeFiles/CMakeOutput.log".
[0.281s] Invoked command in '/home/shivam/code-masala/ros/missile/MpC/build/mycarsim' returned '1': CMAKE_PREFIX_PATH=/opt/ros/humble VIRTUAL_ENV_PROMPT=(myenv) /usr/bin/cmake /home/shivam/code-masala/ros/missile/MpC/mycarsim -DCMAKE_INSTALL_PREFIX=/home/shivam/code-masala/ros/missile/MpC/install/mycarsim
