[0.011s] Invoking command in '/home/shivam/code-masala/ros/missile/src/build/occupancy': CMAKE_PREFIX_PATH=/opt/ros/humble /usr/bin/cmake --build /home/shivam/code-masala/ros/missile/src/build/occupancy -- -j16 -l16
[0.033s] -- Found ament_cmake: 1.3.11 (/opt/ros/humble/share/ament_cmake/cmake)
[0.145s] -- Found rclcpp: 16.0.11 (/opt/ros/humble/share/rclcpp/cmake)
[0.170s] -- Found rosidl_generator_c: 3.1.6 (/opt/ros/humble/share/rosidl_generator_c/cmake)
[0.171s] -- Found rosidl_adapter: 3.1.6 (/opt/ros/humble/share/rosidl_adapter/cmake)
[0.177s] -- Found rosidl_generator_cpp: 3.1.6 (/opt/ros/humble/share/rosidl_generator_cpp/cmake)
[0.185s] -- Using all available rosidl_typesupport_c: rosidl_typesupport_fastrtps_c;rosidl_typesupport_introspection_c
[0.195s] -- Using all available rosidl_typesupport_cpp: rosidl_typesupport_fastrtps_cpp;rosidl_typesupport_introspection_cpp
[0.223s] -- Found rmw_implementation_cmake: 6.1.2 (/opt/ros/humble/share/rmw_implementation_cmake/cmake)
[0.224s] -- Found rmw_fastrtps_cpp: 6.2.7 (/opt/ros/humble/share/rmw_fastrtps_cpp/cmake)
[0.322s] -- Using RMW implementation 'rmw_fastrtps_cpp' as default
[0.369s] -- Found ament_lint_auto: 0.12.11 (/opt/ros/humble/share/ament_lint_auto/cmake)
[0.431s] -- Added test 'copyright' to check source files copyright and LICENSE
[0.443s] -- Added test 'cppcheck' to perform static code analysis on C / C++ code
[0.443s] -- Configured cppcheck include dirs: 
[0.443s] -- Configured cppcheck exclude dirs and/or files: 
[0.452s] -- Added test 'cpplint' to check C / C++ code against the Google style
[0.452s] -- Configured cpplint exclude dirs and/or files: 
[0.453s] -- Added test 'flake8' to check Python code syntax and style conventions
[0.456s] -- Added test 'lint_cmake' to check CMake code style
[0.457s] -- Added test 'pep257' to check Python code against some of the docstring style conventions in PEP 257
[0.466s] -- Added test 'uncrustify' to check C / C++ code style
[0.466s] -- Configured uncrustify additional arguments: 
[0.468s] -- Added test 'xmllint' to check XML markup files
[0.468s] -- Configuring done
[0.480s] -- Generating done
[0.484s] -- Build files have been written to: /home/shivam/code-masala/ros/missile/src/build/occupancy
[0.507s] [35m[1mConsolidate compiler generated dependencies of target talker[0m
[0.508s] [35m[1mConsolidate compiler generated dependencies of target listener[0m
[0.521s] [ 50%] Built target listener
[0.522s] [100%] Built target talker
[0.531s] Invoked command in '/home/shivam/code-masala/ros/missile/src/build/occupancy' returned '0': CMAKE_PREFIX_PATH=/opt/ros/humble /usr/bin/cmake --build /home/shivam/code-masala/ros/missile/src/build/occupancy -- -j16 -l16
[0.540s] Invoking command in '/home/shivam/code-masala/ros/missile/src/build/occupancy': CMAKE_PREFIX_PATH=/opt/ros/humble /usr/bin/cmake --install /home/shivam/code-masala/ros/missile/src/build/occupancy
[0.546s] -- Install configuration: ""
[0.548s] -- Up-to-date: /home/shivam/code-masala/ros/missile/src/install/occupancy/lib/occupancy/talker
[0.548s] -- Up-to-date: /home/shivam/code-masala/ros/missile/src/install/occupancy/lib/occupancy/listener
[0.548s] -- Up-to-date: /home/shivam/code-masala/ros/missile/src/install/occupancy/share/ament_index/resource_index/package_run_dependencies/occupancy
[0.548s] -- Up-to-date: /home/shivam/code-masala/ros/missile/src/install/occupancy/share/ament_index/resource_index/parent_prefix_path/occupancy
[0.548s] -- Up-to-date: /home/shivam/code-masala/ros/missile/src/install/occupancy/share/occupancy/environment/ament_prefix_path.sh
[0.549s] -- Installing: /home/shivam/code-masala/ros/missile/src/install/occupancy/share/occupancy/environment/ament_prefix_path.dsv
[0.549s] -- Up-to-date: /home/shivam/code-masala/ros/missile/src/install/occupancy/share/occupancy/environment/path.sh
[0.549s] -- Installing: /home/shivam/code-masala/ros/missile/src/install/occupancy/share/occupancy/environment/path.dsv
[0.549s] -- Up-to-date: /home/shivam/code-masala/ros/missile/src/install/occupancy/share/occupancy/local_setup.bash
[0.549s] -- Up-to-date: /home/shivam/code-masala/ros/missile/src/install/occupancy/share/occupancy/local_setup.sh
[0.549s] -- Up-to-date: /home/shivam/code-masala/ros/missile/src/install/occupancy/share/occupancy/local_setup.zsh
[0.549s] -- Installing: /home/shivam/code-masala/ros/missile/src/install/occupancy/share/occupancy/local_setup.dsv
[0.549s] -- Installing: /home/shivam/code-masala/ros/missile/src/install/occupancy/share/occupancy/package.dsv
[0.549s] -- Up-to-date: /home/shivam/code-masala/ros/missile/src/install/occupancy/share/ament_index/resource_index/packages/occupancy
[0.549s] -- Up-to-date: /home/shivam/code-masala/ros/missile/src/install/occupancy/share/occupancy/cmake/occupancyConfig.cmake
[0.549s] -- Up-to-date: /home/shivam/code-masala/ros/missile/src/install/occupancy/share/occupancy/cmake/occupancyConfig-version.cmake
[0.549s] -- Up-to-date: /home/shivam/code-masala/ros/missile/src/install/occupancy/share/occupancy/package.xml
[0.551s] Invoked command in '/home/shivam/code-masala/ros/missile/src/build/occupancy' returned '0': CMAKE_PREFIX_PATH=/opt/ros/humble /usr/bin/cmake --install /home/shivam/code-masala/ros/missile/src/build/occupancy
