[0.007s] Invoking command in '/home/shivam/code-masala/ros/missile/src/occupancy/build/occupancy': CMAKE_PREFIX_PATH=${CMAKE_PREFIX_PATH}:/opt/ros/humble /usr/bin/cmake --build /home/shivam/code-masala/ros/missile/src/occupancy/build/occupancy -- -j16 -l16
[0.044s] [35m[1mConsolidate compiler generated dependencies of target listener[0m
[0.052s] [ 50%] Built target talker
[0.058s] [ 75%] [32mBuilding CXX object CMakeFiles/listener.dir/src/subscriber.cpp.o[0m
[1.622s] [01m[K/home/shivam/code-masala/ros/missile/src/occupancy/src/subscriber.cpp:[m[K In member function ‘[01m[Kvoid OccupancyMatrixSub::topic_callback(std_msgs::msg::String_<std::allocator<void> >::SharedPtr)[m[K’:
[1.622s] [01m[K/home/shivam/code-masala/ros/missile/src/occupancy/src/subscriber.cpp:24:54:[m[K [01;31m[Kerror: [m[K‘[01m[KfindSquareTargets[m[K’ was not declared in this scope
[1.622s]    24 |         vector<vector<pair<int, int>>> coordinates = [01;31m[KfindSquareTargets[m[K(msg->data.c_str());
[1.622s]       |                                                      [01;31m[K^~~~~~~~~~~~~~~~~[m[K
[1.627s] [01m[K/home/shivam/code-masala/ros/missile/src/occupancy/src/subscriber.cpp:[m[K In function ‘[01m[Kstd::vector<std::pair<int, int> > findSquareTargets(std::string)[m[K’:
[1.627s] [01m[K/home/shivam/code-masala/ros/missile/src/occupancy/src/subscriber.cpp:73:42:[m[K [01;31m[Kerror: [m[Kno matching function for call to ‘[01m[Kstd::vector<std::pair<int, int> >::push_back(int&, int&)[m[K’
[1.627s]    73 |                     [01;31m[Kcoordinates.push_back(row,col)[m[K;
[1.627s]       |                     [01;31m[K~~~~~~~~~~~~~~~~~~~~~^~~~~~~~~[m[K
[1.627s] In file included from [01m[K/usr/include/c++/11/vector:67[m[K,
[1.627s]                  from [01m[K/usr/include/c++/11/functional:62[m[K,
[1.627s]                  from [01m[K/usr/include/c++/11/pstl/glue_algorithm_defs.h:13[m[K,
[1.627s]                  from [01m[K/usr/include/c++/11/algorithm:74[m[K,
[1.627s]                  from [01m[K/opt/ros/humble/include/rclcpp/rclcpp/executor.hpp:18[m[K,
[1.627s]                  from [01m[K/opt/ros/humble/include/rclcpp/rclcpp/executors/multi_threaded_executor.hpp:25[m[K,
[1.627s]                  from [01m[K/opt/ros/humble/include/rclcpp/rclcpp/executors.hpp:21[m[K,
[1.627s]                  from [01m[K/opt/ros/humble/include/rclcpp/rclcpp/rclcpp.hpp:155[m[K,
[1.627s]                  from [01m[K/home/shivam/code-masala/ros/missile/src/occupancy/src/subscriber.cpp:1[m[K:
[1.627s] [01m[K/usr/include/c++/11/bits/stl_vector.h:1187:7:[m[K [01;36m[Knote: [m[Kcandidate: ‘[01m[Kvoid std::vector<_Tp, _Alloc>::push_back(const value_type&) [with _Tp = std::pair<int, int>; _Alloc = std::allocator<std::pair<int, int> >; std::vector<_Tp, _Alloc>::value_type = std::pair<int, int>][m[K’
[1.627s]  1187 |       [01;36m[Kpush_back[m[K(const value_type& __x)
[1.627s]       |       [01;36m[K^~~~~~~~~[m[K
[1.628s] [01m[K/usr/include/c++/11/bits/stl_vector.h:1187:7:[m[K [01;36m[Knote: [m[K  candidate expects 1 argument, 2 provided
[1.629s] [01m[K/usr/include/c++/11/bits/stl_vector.h:1203:7:[m[K [01;36m[Knote: [m[Kcandidate: ‘[01m[Kvoid std::vector<_Tp, _Alloc>::push_back(std::vector<_Tp, _Alloc>::value_type&&) [with _Tp = std::pair<int, int>; _Alloc = std::allocator<std::pair<int, int> >; std::vector<_Tp, _Alloc>::value_type = std::pair<int, int>][m[K’
[1.629s]  1203 |       [01;36m[Kpush_back[m[K(value_type&& __x)
[1.629s]       |       [01;36m[K^~~~~~~~~[m[K
[1.629s] [01m[K/usr/include/c++/11/bits/stl_vector.h:1203:7:[m[K [01;36m[Knote: [m[K  candidate expects 1 argument, 2 provided
[3.221s] gmake[2]: *** [CMakeFiles/listener.dir/build.make:76: CMakeFiles/listener.dir/src/subscriber.cpp.o] Error 1
[3.221s] gmake[1]: *** [CMakeFiles/Makefile2:165: CMakeFiles/listener.dir/all] Error 2
[3.221s] gmake: *** [Makefile:146: all] Error 2
[3.223s] Invoked command in '/home/shivam/code-masala/ros/missile/src/occupancy/build/occupancy' returned '2': CMAKE_PREFIX_PATH=${CMAKE_PREFIX_PATH}:/opt/ros/humble /usr/bin/cmake --build /home/shivam/code-masala/ros/missile/src/occupancy/build/occupancy -- -j16 -l16
