[35m[1mConsolidate compiler generated dependencies of target talker[0m
[35m[1mConsolidate compiler generated dependencies of target listener[0m
[ 75%] [32mBuilding CXX object CMakeFiles/talker.dir/src/occupancyPub.cpp.o[0m
[ 75%] Built target listener
[100%] [32m[1mLinking CXX executable talker[0m
[100%] Built target talker
-- Install configuration: ""
-- Installing: /home/shivam/code-masala/ros/missile/install/occupancy/lib/occupancy/talker
-- Set runtime path of "/home/shivam/code-masala/ros/missile/install/occupancy/lib/occupancy/talker" to ""
-- Installing: /home/shivam/code-masala/ros/missile/install/occupancy/lib/occupancy/listener
-- Set runtime path of "/home/shivam/code-masala/ros/missile/install/occupancy/lib/occupancy/listener" to ""
-- Up-to-date: /home/shivam/code-masala/ros/missile/install/occupancy/share/ament_index/resource_index/package_run_dependencies/occupancy
-- Up-to-date: /home/shivam/code-masala/ros/missile/install/occupancy/share/ament_index/resource_index/parent_prefix_path/occupancy
-- Up-to-date: /home/shivam/code-masala/ros/missile/install/occupancy/share/occupancy/environment/ament_prefix_path.sh
-- Up-to-date: /home/shivam/code-masala/ros/missile/install/occupancy/share/occupancy/environment/ament_prefix_path.dsv
-- Up-to-date: /home/shivam/code-masala/ros/missile/install/occupancy/share/occupancy/environment/path.sh
-- Up-to-date: /home/shivam/code-masala/ros/missile/install/occupancy/share/occupancy/environment/path.dsv
-- Up-to-date: /home/shivam/code-masala/ros/missile/install/occupancy/share/occupancy/local_setup.bash
-- Up-to-date: /home/shivam/code-masala/ros/missile/install/occupancy/share/occupancy/local_setup.sh
-- Up-to-date: /home/shivam/code-masala/ros/missile/install/occupancy/share/occupancy/local_setup.zsh
-- Up-to-date: /home/shivam/code-masala/ros/missile/install/occupancy/share/occupancy/local_setup.dsv
-- Installing: /home/shivam/code-masala/ros/missile/install/occupancy/share/occupancy/package.dsv
-- Up-to-date: /home/shivam/code-masala/ros/missile/install/occupancy/share/ament_index/resource_index/packages/occupancy
-- Up-to-date: /home/shivam/code-masala/ros/missile/install/occupancy/share/occupancy/cmake/occupancyConfig.cmake
-- Up-to-date: /home/shivam/code-masala/ros/missile/install/occupancy/share/occupancy/cmake/occupancyConfig-version.cmake
-- Up-to-date: /home/shivam/code-masala/ros/missile/install/occupancy/share/occupancy/package.xml
