[0.008s] Invoking command in '/home/shivam/code-masala/ros/missile/build/occupancy': CMAKE_PREFIX_PATH=/opt/ros/humble /usr/bin/cmake --build /home/shivam/code-masala/ros/missile/build/occupancy -- -j16 -l16
[0.045s] [35m[1mConsolidate compiler generated dependencies of target talker[0m
[0.045s] [35m[1mConsolidate compiler generated dependencies of target listener[0m
[0.060s] [ 75%] [32mBuilding CXX object CMakeFiles/talker.dir/src/occupancyPub.cpp.o[0m
[0.061s] [ 75%] Built target listener
[2.869s] [100%] [32m[1mLinking CXX executable talker[0m
[3.005s] [100%] Built target talker
[3.013s] Invoked command in '/home/shivam/code-masala/ros/missile/build/occupancy' returned '0': CMAKE_PREFIX_PATH=/opt/ros/humble /usr/bin/cmake --build /home/shivam/code-masala/ros/missile/build/occupancy -- -j16 -l16
[3.027s] Invoking command in '/home/shivam/code-masala/ros/missile/build/occupancy': CMAKE_PREFIX_PATH=/opt/ros/humble /usr/bin/cmake --install /home/shivam/code-masala/ros/missile/build/occupancy
[3.037s] -- Install configuration: ""
[3.037s] -- Installing: /home/shivam/code-masala/ros/missile/install/occupancy/lib/occupancy/talker
[3.039s] -- Set runtime path of "/home/shivam/code-masala/ros/missile/install/occupancy/lib/occupancy/talker" to ""
[3.039s] -- Installing: /home/shivam/code-masala/ros/missile/install/occupancy/lib/occupancy/listener
[3.043s] -- Set runtime path of "/home/shivam/code-masala/ros/missile/install/occupancy/lib/occupancy/listener" to ""
[3.043s] -- Up-to-date: /home/shivam/code-masala/ros/missile/install/occupancy/share/ament_index/resource_index/package_run_dependencies/occupancy
[3.043s] -- Up-to-date: /home/shivam/code-masala/ros/missile/install/occupancy/share/ament_index/resource_index/parent_prefix_path/occupancy
[3.043s] -- Up-to-date: /home/shivam/code-masala/ros/missile/install/occupancy/share/occupancy/environment/ament_prefix_path.sh
[3.043s] -- Up-to-date: /home/shivam/code-masala/ros/missile/install/occupancy/share/occupancy/environment/ament_prefix_path.dsv
[3.043s] -- Up-to-date: /home/shivam/code-masala/ros/missile/install/occupancy/share/occupancy/environment/path.sh
[3.044s] -- Up-to-date: /home/shivam/code-masala/ros/missile/install/occupancy/share/occupancy/environment/path.dsv
[3.044s] -- Up-to-date: /home/shivam/code-masala/ros/missile/install/occupancy/share/occupancy/local_setup.bash
[3.044s] -- Up-to-date: /home/shivam/code-masala/ros/missile/install/occupancy/share/occupancy/local_setup.sh
[3.044s] -- Up-to-date: /home/shivam/code-masala/ros/missile/install/occupancy/share/occupancy/local_setup.zsh
[3.044s] -- Up-to-date: /home/shivam/code-masala/ros/missile/install/occupancy/share/occupancy/local_setup.dsv
[3.044s] -- Installing: /home/shivam/code-masala/ros/missile/install/occupancy/share/occupancy/package.dsv
[3.044s] -- Up-to-date: /home/shivam/code-masala/ros/missile/install/occupancy/share/ament_index/resource_index/packages/occupancy
[3.044s] -- Up-to-date: /home/shivam/code-masala/ros/missile/install/occupancy/share/occupancy/cmake/occupancyConfig.cmake
[3.044s] -- Up-to-date: /home/shivam/code-masala/ros/missile/install/occupancy/share/occupancy/cmake/occupancyConfig-version.cmake
[3.044s] -- Up-to-date: /home/shivam/code-masala/ros/missile/install/occupancy/share/occupancy/package.xml
[3.046s] Invoked command in '/home/shivam/code-masala/ros/missile/build/occupancy' returned '0': CMAKE_PREFIX_PATH=/opt/ros/humble /usr/bin/cmake --install /home/shivam/code-masala/ros/missile/build/occupancy
