[ 50%] Built target listener
[100%] Built target talker
-- Install configuration: ""
-- Up-to-date: /home/shivam/code-masala/ros/missile/MpC/install/occupancy/lib/occupancy/talker
-- Up-to-date: /home/shivam/code-masala/ros/missile/MpC/install/occupancy/lib/occupancy/listener
-- Up-to-date: /home/shivam/code-masala/ros/missile/MpC/install/occupancy/share/ament_index/resource_index/package_run_dependencies/occupancy
-- Up-to-date: /home/shivam/code-masala/ros/missile/MpC/install/occupancy/share/ament_index/resource_index/parent_prefix_path/occupancy
-- Up-to-date: /home/shivam/code-masala/ros/missile/MpC/install/occupancy/share/occupancy/environment/ament_prefix_path.sh
-- Up-to-date: /home/shivam/code-masala/ros/missile/MpC/install/occupancy/share/occupancy/environment/ament_prefix_path.dsv
-- Up-to-date: /home/shivam/code-masala/ros/missile/MpC/install/occupancy/share/occupancy/environment/path.sh
-- Up-to-date: /home/shivam/code-masala/ros/missile/MpC/install/occupancy/share/occupancy/environment/path.dsv
-- Up-to-date: /home/shivam/code-masala/ros/missile/MpC/install/occupancy/share/occupancy/local_setup.bash
-- Up-to-date: /home/shivam/code-masala/ros/missile/MpC/install/occupancy/share/occupancy/local_setup.sh
-- Up-to-date: /home/shivam/code-masala/ros/missile/MpC/install/occupancy/share/occupancy/local_setup.zsh
-- Up-to-date: /home/shivam/code-masala/ros/missile/MpC/install/occupancy/share/occupancy/local_setup.dsv
-- Installing: /home/shivam/code-masala/ros/missile/MpC/install/occupancy/share/occupancy/package.dsv
-- Up-to-date: /home/shivam/code-masala/ros/missile/MpC/install/occupancy/share/ament_index/resource_index/packages/occupancy
-- Up-to-date: /home/shivam/code-masala/ros/missile/MpC/install/occupancy/share/occupancy/cmake/occupancyConfig.cmake
-- Up-to-date: /home/shivam/code-masala/ros/missile/MpC/install/occupancy/share/occupancy/cmake/occupancyConfig-version.cmake
-- Up-to-date: /home/shivam/code-masala/ros/missile/MpC/install/occupancy/share/occupancy/package.xml
