[0.080s] DEBUG:colcon:Command line arguments: ['/usr/bin/colcon', 'build']
[0.080s] DEBUG:colcon:Parsed command line arguments: Namespace(log_base=None, log_level=None, verb_name='build', build_base='build', install_base='install', merge_install=False, symlink_install=False, test_result_base=None, continue_on_error=False, executor='parallel', parallel_workers=16, event_handlers=None, ignore_user_meta=False, metas=['./colcon.meta'], base_paths=['.'], packages_ignore=None, packages_ignore_regex=None, paths=None, packages_up_to=None, packages_up_to_regex=None, packages_above=None, packages_above_and_dependencies=None, packages_above_depth=None, packages_select_by_dep=None, packages_skip_by_dep=None, packages_skip_up_to=None, packages_select_build_failed=False, packages_skip_build_finished=False, packages_select_test_failures=False, packages_skip_test_passed=False, packages_select=None, packages_skip=None, packages_select_regex=None, packages_skip_regex=None, packages_start=None, packages_end=None, allow_overriding=[], cmake_args=None, cmake_target=None, cmake_target_skip_unavailable=False, cmake_clean_cache=False, cmake_clean_first=False, cmake_force_configure=False, ament_cmake_args=None, catkin_cmake_args=None, catkin_skip_building_tests=False, verb_parser=<colcon_defaults.argument_parser.defaults.DefaultArgumentsDecorator object at 0x702d972b2a40>, verb_extension=<colcon_core.verb.build.BuildVerb object at 0x702d972b2140>, main=<bound method BuildVerb.main of <colcon_core.verb.build.BuildVerb object at 0x702d972b2140>>)
[0.193s] Level 1:colcon.colcon_core.package_discovery:discover_packages(colcon_meta) check parameters
[0.193s] Level 1:colcon.colcon_core.package_discovery:discover_packages(recursive) check parameters
[0.193s] Level 1:colcon.colcon_core.package_discovery:discover_packages(ignore) check parameters
[0.193s] Level 1:colcon.colcon_core.package_discovery:discover_packages(path) check parameters
[0.193s] Level 1:colcon.colcon_core.package_discovery:discover_packages(colcon_meta) discover
[0.193s] Level 1:colcon.colcon_core.package_discovery:discover_packages(recursive) discover
[0.193s] INFO:colcon.colcon_core.package_discovery:Crawling recursively for packages in '/home/shivam/code-masala/ros/missile/MpC'
[0.193s] Level 1:colcon.colcon_core.package_identification:_identify(.) by extensions ['ignore', 'ignore_ament_install']
[0.193s] Level 1:colcon.colcon_core.package_identification:_identify(.) by extension 'ignore'
[0.193s] Level 1:colcon.colcon_core.package_identification:_identify(.) by extension 'ignore_ament_install'
[0.193s] Level 1:colcon.colcon_core.package_identification:_identify(.) by extensions ['colcon_pkg']
[0.193s] Level 1:colcon.colcon_core.package_identification:_identify(.) by extension 'colcon_pkg'
[0.193s] Level 1:colcon.colcon_core.package_identification:_identify(.) by extensions ['colcon_meta']
[0.193s] Level 1:colcon.colcon_core.package_identification:_identify(.) by extension 'colcon_meta'
[0.193s] Level 1:colcon.colcon_core.package_identification:_identify(.) by extensions ['ros']
[0.193s] Level 1:colcon.colcon_core.package_identification:_identify(.) by extension 'ros'
[0.202s] Level 1:colcon.colcon_core.package_identification:_identify(.) by extensions ['cmake', 'python']
[0.203s] Level 1:colcon.colcon_core.package_identification:_identify(.) by extension 'cmake'
[0.203s] Level 1:colcon.colcon_core.package_identification:_identify(.) by extension 'python'
[0.203s] Level 1:colcon.colcon_core.package_identification:_identify(.) by extensions ['python_setup_py']
[0.203s] Level 1:colcon.colcon_core.package_identification:_identify(.) by extension 'python_setup_py'
[0.203s] Level 1:colcon.colcon_core.package_identification:_identify(build) by extensions ['ignore', 'ignore_ament_install']
[0.203s] Level 1:colcon.colcon_core.package_identification:_identify(build) by extension 'ignore'
[0.203s] Level 1:colcon.colcon_core.package_identification:_identify(build) ignored
[0.203s] Level 1:colcon.colcon_core.package_identification:_identify(car_path_simulation) by extensions ['ignore', 'ignore_ament_install']
[0.203s] Level 1:colcon.colcon_core.package_identification:_identify(car_path_simulation) by extension 'ignore'
[0.203s] Level 1:colcon.colcon_core.package_identification:_identify(car_path_simulation) by extension 'ignore_ament_install'
[0.203s] Level 1:colcon.colcon_core.package_identification:_identify(car_path_simulation) by extensions ['colcon_pkg']
[0.203s] Level 1:colcon.colcon_core.package_identification:_identify(car_path_simulation) by extension 'colcon_pkg'
[0.203s] Level 1:colcon.colcon_core.package_identification:_identify(car_path_simulation) by extensions ['colcon_meta']
[0.203s] Level 1:colcon.colcon_core.package_identification:_identify(car_path_simulation) by extension 'colcon_meta'
[0.203s] Level 1:colcon.colcon_core.package_identification:_identify(car_path_simulation) by extensions ['ros']
[0.203s] Level 1:colcon.colcon_core.package_identification:_identify(car_path_simulation) by extension 'ros'
[0.205s] DEBUG:colcon.colcon_core.package_identification:Package 'car_path_simulation' with type 'ros.ament_cmake' and name 'car_path_simulation'
[0.205s] Level 1:colcon.colcon_core.package_identification:_identify(install) by extensions ['ignore', 'ignore_ament_install']
[0.205s] Level 1:colcon.colcon_core.package_identification:_identify(install) by extension 'ignore'
[0.205s] Level 1:colcon.colcon_core.package_identification:_identify(install) ignored
[0.206s] Level 1:colcon.colcon_core.package_identification:_identify(log) by extensions ['ignore', 'ignore_ament_install']
[0.206s] Level 1:colcon.colcon_core.package_identification:_identify(log) by extension 'ignore'
[0.206s] Level 1:colcon.colcon_core.package_identification:_identify(log) ignored
[0.206s] Level 1:colcon.colcon_core.package_identification:_identify(occupancy) by extensions ['ignore', 'ignore_ament_install']
[0.206s] Level 1:colcon.colcon_core.package_identification:_identify(occupancy) by extension 'ignore'
[0.206s] Level 1:colcon.colcon_core.package_identification:_identify(occupancy) by extension 'ignore_ament_install'
[0.206s] Level 1:colcon.colcon_core.package_identification:_identify(occupancy) by extensions ['colcon_pkg']
[0.206s] Level 1:colcon.colcon_core.package_identification:_identify(occupancy) by extension 'colcon_pkg'
[0.206s] Level 1:colcon.colcon_core.package_identification:_identify(occupancy) by extensions ['colcon_meta']
[0.206s] Level 1:colcon.colcon_core.package_identification:_identify(occupancy) by extension 'colcon_meta'
[0.206s] Level 1:colcon.colcon_core.package_identification:_identify(occupancy) by extensions ['ros']
[0.206s] Level 1:colcon.colcon_core.package_identification:_identify(occupancy) by extension 'ros'
[0.206s] DEBUG:colcon.colcon_core.package_identification:Package 'occupancy' with type 'ros.ament_cmake' and name 'occupancy'
[0.207s] Level 1:colcon.colcon_core.package_identification:_identify(visualization_package) by extensions ['ignore', 'ignore_ament_install']
[0.207s] Level 1:colcon.colcon_core.package_identification:_identify(visualization_package) by extension 'ignore'
[0.207s] Level 1:colcon.colcon_core.package_identification:_identify(visualization_package) by extension 'ignore_ament_install'
[0.207s] Level 1:colcon.colcon_core.package_identification:_identify(visualization_package) by extensions ['colcon_pkg']
[0.207s] Level 1:colcon.colcon_core.package_identification:_identify(visualization_package) by extension 'colcon_pkg'
[0.207s] Level 1:colcon.colcon_core.package_identification:_identify(visualization_package) by extensions ['colcon_meta']
[0.207s] Level 1:colcon.colcon_core.package_identification:_identify(visualization_package) by extension 'colcon_meta'
[0.207s] Level 1:colcon.colcon_core.package_identification:_identify(visualization_package) by extensions ['ros']
[0.207s] Level 1:colcon.colcon_core.package_identification:_identify(visualization_package) by extension 'ros'
[0.207s] DEBUG:colcon.colcon_core.package_identification:Package 'visualization_package' with type 'ros.ament_cmake' and name 'visualization_package'
[0.207s] Level 1:colcon.colcon_core.package_discovery:discover_packages(recursive) using defaults
[0.207s] Level 1:colcon.colcon_core.package_discovery:discover_packages(ignore) discover
[0.207s] Level 1:colcon.colcon_core.package_discovery:discover_packages(ignore) using defaults
[0.207s] Level 1:colcon.colcon_core.package_discovery:discover_packages(path) discover
[0.207s] Level 1:colcon.colcon_core.package_discovery:discover_packages(path) using defaults
[0.223s] Level 1:colcon.colcon_core.package_discovery:discover_packages(prefix_path) check parameters
[0.223s] Level 1:colcon.colcon_core.package_discovery:discover_packages(prefix_path) discover
[0.225s] DEBUG:colcon.colcon_installed_package_information.package_discovery:Found 3 installed packages in /home/shivam/code-masala/ros/missile/MpC/install
[0.226s] DEBUG:colcon.colcon_installed_package_information.package_discovery:Found 286 installed packages in /opt/ros/humble
[0.234s] Level 1:colcon.colcon_core.package_discovery:discover_packages(prefix_path) using defaults
[0.260s] Level 5:colcon.colcon_core.verb:set package 'car_path_simulation' build argument 'cmake_args' from command line to 'None'
[0.260s] Level 5:colcon.colcon_core.verb:set package 'car_path_simulation' build argument 'cmake_target' from command line to 'None'
[0.260s] Level 5:colcon.colcon_core.verb:set package 'car_path_simulation' build argument 'cmake_target_skip_unavailable' from command line to 'False'
[0.260s] Level 5:colcon.colcon_core.verb:set package 'car_path_simulation' build argument 'cmake_clean_cache' from command line to 'False'
[0.260s] Level 5:colcon.colcon_core.verb:set package 'car_path_simulation' build argument 'cmake_clean_first' from command line to 'False'
[0.260s] Level 5:colcon.colcon_core.verb:set package 'car_path_simulation' build argument 'cmake_force_configure' from command line to 'False'
[0.260s] Level 5:colcon.colcon_core.verb:set package 'car_path_simulation' build argument 'ament_cmake_args' from command line to 'None'
[0.260s] Level 5:colcon.colcon_core.verb:set package 'car_path_simulation' build argument 'catkin_cmake_args' from command line to 'None'
[0.260s] Level 5:colcon.colcon_core.verb:set package 'car_path_simulation' build argument 'catkin_skip_building_tests' from command line to 'False'
[0.260s] DEBUG:colcon.colcon_core.verb:Building package 'car_path_simulation' with the following arguments: {'ament_cmake_args': None, 'build_base': '/home/shivam/code-masala/ros/missile/MpC/build/car_path_simulation', 'catkin_cmake_args': None, 'catkin_skip_building_tests': False, 'cmake_args': None, 'cmake_clean_cache': False, 'cmake_clean_first': False, 'cmake_force_configure': False, 'cmake_target': None, 'cmake_target_skip_unavailable': False, 'install_base': '/home/shivam/code-masala/ros/missile/MpC/install/car_path_simulation', 'merge_install': False, 'path': '/home/shivam/code-masala/ros/missile/MpC/car_path_simulation', 'symlink_install': False, 'test_result_base': None}
[0.260s] Level 5:colcon.colcon_core.verb:set package 'occupancy' build argument 'cmake_args' from command line to 'None'
[0.260s] Level 5:colcon.colcon_core.verb:set package 'occupancy' build argument 'cmake_target' from command line to 'None'
[0.260s] Level 5:colcon.colcon_core.verb:set package 'occupancy' build argument 'cmake_target_skip_unavailable' from command line to 'False'
[0.260s] Level 5:colcon.colcon_core.verb:set package 'occupancy' build argument 'cmake_clean_cache' from command line to 'False'
[0.260s] Level 5:colcon.colcon_core.verb:set package 'occupancy' build argument 'cmake_clean_first' from command line to 'False'
[0.260s] Level 5:colcon.colcon_core.verb:set package 'occupancy' build argument 'cmake_force_configure' from command line to 'False'
[0.260s] Level 5:colcon.colcon_core.verb:set package 'occupancy' build argument 'ament_cmake_args' from command line to 'None'
[0.260s] Level 5:colcon.colcon_core.verb:set package 'occupancy' build argument 'catkin_cmake_args' from command line to 'None'
[0.260s] Level 5:colcon.colcon_core.verb:set package 'occupancy' build argument 'catkin_skip_building_tests' from command line to 'False'
[0.261s] DEBUG:colcon.colcon_core.verb:Building package 'occupancy' with the following arguments: {'ament_cmake_args': None, 'build_base': '/home/shivam/code-masala/ros/missile/MpC/build/occupancy', 'catkin_cmake_args': None, 'catkin_skip_building_tests': False, 'cmake_args': None, 'cmake_clean_cache': False, 'cmake_clean_first': False, 'cmake_force_configure': False, 'cmake_target': None, 'cmake_target_skip_unavailable': False, 'install_base': '/home/shivam/code-masala/ros/missile/MpC/install/occupancy', 'merge_install': False, 'path': '/home/shivam/code-masala/ros/missile/MpC/occupancy', 'symlink_install': False, 'test_result_base': None}
[0.261s] Level 5:colcon.colcon_core.verb:set package 'visualization_package' build argument 'cmake_args' from command line to 'None'
[0.261s] Level 5:colcon.colcon_core.verb:set package 'visualization_package' build argument 'cmake_target' from command line to 'None'
[0.261s] Level 5:colcon.colcon_core.verb:set package 'visualization_package' build argument 'cmake_target_skip_unavailable' from command line to 'False'
[0.261s] Level 5:colcon.colcon_core.verb:set package 'visualization_package' build argument 'cmake_clean_cache' from command line to 'False'
[0.261s] Level 5:colcon.colcon_core.verb:set package 'visualization_package' build argument 'cmake_clean_first' from command line to 'False'
[0.261s] Level 5:colcon.colcon_core.verb:set package 'visualization_package' build argument 'cmake_force_configure' from command line to 'False'
[0.261s] Level 5:colcon.colcon_core.verb:set package 'visualization_package' build argument 'ament_cmake_args' from command line to 'None'
[0.261s] Level 5:colcon.colcon_core.verb:set package 'visualization_package' build argument 'catkin_cmake_args' from command line to 'None'
[0.261s] Level 5:colcon.colcon_core.verb:set package 'visualization_package' build argument 'catkin_skip_building_tests' from command line to 'False'
[0.261s] DEBUG:colcon.colcon_core.verb:Building package 'visualization_package' with the following arguments: {'ament_cmake_args': None, 'build_base': '/home/shivam/code-masala/ros/missile/MpC/build/visualization_package', 'catkin_cmake_args': None, 'catkin_skip_building_tests': False, 'cmake_args': None, 'cmake_clean_cache': False, 'cmake_clean_first': False, 'cmake_force_configure': False, 'cmake_target': None, 'cmake_target_skip_unavailable': False, 'install_base': '/home/shivam/code-masala/ros/missile/MpC/install/visualization_package', 'merge_install': False, 'path': '/home/shivam/code-masala/ros/missile/MpC/visualization_package', 'symlink_install': False, 'test_result_base': None}
[0.261s] INFO:colcon.colcon_core.executor:Executing jobs using 'parallel' executor
[0.262s] DEBUG:colcon.colcon_parallel_executor.executor.parallel:run_until_complete
[0.262s] INFO:colcon.colcon_ros.task.ament_cmake.build:Building ROS package in '/home/shivam/code-masala/ros/missile/MpC/car_path_simulation' with build type 'ament_cmake'
[0.262s] INFO:colcon.colcon_cmake.task.cmake.build:Building CMake package in '/home/shivam/code-masala/ros/missile/MpC/car_path_simulation'
[0.263s] INFO:colcon.colcon_core.plugin_system:Skipping extension 'colcon_core.shell.bat': Not used on non-Windows systems
[0.264s] INFO:colcon.colcon_core.shell:Skip shell extension 'powershell' for command environment: Not usable outside of PowerShell
[0.264s] DEBUG:colcon.colcon_core.shell:Skip shell extension 'dsv' for command environment
[0.268s] INFO:colcon.colcon_ros.task.ament_cmake.build:Building ROS package in '/home/shivam/code-masala/ros/missile/MpC/occupancy' with build type 'ament_cmake'
[0.268s] INFO:colcon.colcon_cmake.task.cmake.build:Building CMake package in '/home/shivam/code-masala/ros/missile/MpC/occupancy'
[0.268s] INFO:colcon.colcon_core.shell:Skip shell extension 'powershell' for command environment: Not usable outside of PowerShell
[0.268s] DEBUG:colcon.colcon_core.shell:Skip shell extension 'dsv' for command environment
[0.271s] INFO:colcon.colcon_ros.task.ament_cmake.build:Building ROS package in '/home/shivam/code-masala/ros/missile/MpC/visualization_package' with build type 'ament_cmake'
[0.271s] INFO:colcon.colcon_cmake.task.cmake.build:Building CMake package in '/home/shivam/code-masala/ros/missile/MpC/visualization_package'
[0.271s] INFO:colcon.colcon_core.shell:Skip shell extension 'powershell' for command environment: Not usable outside of PowerShell
[0.271s] DEBUG:colcon.colcon_core.shell:Skip shell extension 'dsv' for command environment
[0.277s] DEBUG:colcon.colcon_core.event_handler.log_command:Invoking command in '/home/shivam/code-masala/ros/missile/MpC/build/car_path_simulation': CMAKE_PREFIX_PATH=${CMAKE_PREFIX_PATH}:/opt/ros/humble /usr/bin/cmake --build /home/shivam/code-masala/ros/missile/MpC/build/car_path_simulation -- -j16 -l16
[0.280s] DEBUG:colcon.colcon_core.event_handler.log_command:Invoking command in '/home/shivam/code-masala/ros/missile/MpC/build/occupancy': CMAKE_PREFIX_PATH=${CMAKE_PREFIX_PATH}:/opt/ros/humble /usr/bin/cmake --build /home/shivam/code-masala/ros/missile/MpC/build/occupancy -- -j16 -l16
[0.283s] DEBUG:colcon.colcon_core.event_handler.log_command:Invoking command in '/home/shivam/code-masala/ros/missile/MpC/build/visualization_package': CMAKE_PREFIX_PATH=${CMAKE_PREFIX_PATH}:/opt/ros/humble /usr/bin/cmake --build /home/shivam/code-masala/ros/missile/MpC/build/visualization_package -- -j16 -l16
[0.334s] DEBUG:colcon.colcon_core.event_handler.log_command:Invoked command in '/home/shivam/code-masala/ros/missile/MpC/build/occupancy' returned '0': CMAKE_PREFIX_PATH=${CMAKE_PREFIX_PATH}:/opt/ros/humble /usr/bin/cmake --build /home/shivam/code-masala/ros/missile/MpC/build/occupancy -- -j16 -l16
[0.340s] DEBUG:colcon.colcon_core.event_handler.log_command:Invoking command in '/home/shivam/code-masala/ros/missile/MpC/build/occupancy': CMAKE_PREFIX_PATH=${CMAKE_PREFIX_PATH}:/opt/ros/humble /usr/bin/cmake --install /home/shivam/code-masala/ros/missile/MpC/build/occupancy
[0.342s] DEBUG:colcon.colcon_core.event_handler.log_command:Invoked command in '/home/shivam/code-masala/ros/missile/MpC/build/visualization_package' returned '0': CMAKE_PREFIX_PATH=${CMAKE_PREFIX_PATH}:/opt/ros/humble /usr/bin/cmake --build /home/shivam/code-masala/ros/missile/MpC/build/visualization_package -- -j16 -l16
[0.343s] DEBUG:colcon.colcon_core.event_handler.log_command:Invoking command in '/home/shivam/code-masala/ros/missile/MpC/build/visualization_package': CMAKE_PREFIX_PATH=${CMAKE_PREFIX_PATH}:/opt/ros/humble /usr/bin/cmake --install /home/shivam/code-masala/ros/missile/MpC/build/visualization_package
[0.344s] DEBUG:colcon.colcon_core.event_handler.log_command:Invoked command in '/home/shivam/code-masala/ros/missile/MpC/build/car_path_simulation' returned '0': CMAKE_PREFIX_PATH=${CMAKE_PREFIX_PATH}:/opt/ros/humble /usr/bin/cmake --build /home/shivam/code-masala/ros/missile/MpC/build/car_path_simulation -- -j16 -l16
[0.345s] DEBUG:colcon.colcon_core.event_handler.log_command:Invoking command in '/home/shivam/code-masala/ros/missile/MpC/build/car_path_simulation': CMAKE_PREFIX_PATH=${CMAKE_PREFIX_PATH}:/opt/ros/humble /usr/bin/cmake --install /home/shivam/code-masala/ros/missile/MpC/build/car_path_simulation
[0.350s] Level 1:colcon.colcon_core.environment:create_environment_scripts_only(occupancy)
[0.351s] DEBUG:colcon.colcon_core.event_handler.log_command:Invoked command in '/home/shivam/code-masala/ros/missile/MpC/build/occupancy' returned '0': CMAKE_PREFIX_PATH=${CMAKE_PREFIX_PATH}:/opt/ros/humble /usr/bin/cmake --install /home/shivam/code-masala/ros/missile/MpC/build/occupancy
[0.354s] Level 1:colcon.colcon_core.environment:checking '/home/shivam/code-masala/ros/missile/MpC/install/occupancy' for CMake module files
[0.359s] Level 1:colcon.colcon_core.environment:checking '/home/shivam/code-masala/ros/missile/MpC/install/occupancy' for CMake config files
[0.360s] Level 1:colcon.colcon_core.shell:create_environment_hook('occupancy', 'cmake_prefix_path')
[0.360s] INFO:colcon.colcon_core.shell:Creating environment hook '/home/shivam/code-masala/ros/missile/MpC/install/occupancy/share/occupancy/hook/cmake_prefix_path.ps1'
[0.360s] INFO:colcon.colcon_core.shell:Creating environment descriptor '/home/shivam/code-masala/ros/missile/MpC/install/occupancy/share/occupancy/hook/cmake_prefix_path.dsv'
[0.361s] INFO:colcon.colcon_core.shell:Creating environment hook '/home/shivam/code-masala/ros/missile/MpC/install/occupancy/share/occupancy/hook/cmake_prefix_path.sh'
[0.361s] Level 1:colcon.colcon_core.environment:checking '/home/shivam/code-masala/ros/missile/MpC/install/occupancy/lib'
[0.361s] Level 1:colcon.colcon_core.environment:checking '/home/shivam/code-masala/ros/missile/MpC/install/occupancy/bin'
[0.361s] Level 1:colcon.colcon_core.environment:checking '/home/shivam/code-masala/ros/missile/MpC/install/occupancy/lib/pkgconfig/occupancy.pc'
[0.361s] Level 1:colcon.colcon_core.environment:checking '/home/shivam/code-masala/ros/missile/MpC/install/occupancy/lib/python3.10/site-packages'
[0.362s] Level 1:colcon.colcon_core.environment:checking '/home/shivam/code-masala/ros/missile/MpC/install/occupancy/bin'
[0.362s] INFO:colcon.colcon_core.shell:Creating package script '/home/shivam/code-masala/ros/missile/MpC/install/occupancy/share/occupancy/package.ps1'
[0.362s] INFO:colcon.colcon_core.shell:Creating package descriptor '/home/shivam/code-masala/ros/missile/MpC/install/occupancy/share/occupancy/package.dsv'
[0.363s] INFO:colcon.colcon_core.shell:Creating package script '/home/shivam/code-masala/ros/missile/MpC/install/occupancy/share/occupancy/package.sh'
[0.363s] INFO:colcon.colcon_core.shell:Creating package script '/home/shivam/code-masala/ros/missile/MpC/install/occupancy/share/occupancy/package.bash'
[0.363s] INFO:colcon.colcon_core.shell:Creating package script '/home/shivam/code-masala/ros/missile/MpC/install/occupancy/share/occupancy/package.zsh'
[0.364s] Level 1:colcon.colcon_core.environment:create_file_with_runtime_dependencies(/home/shivam/code-masala/ros/missile/MpC/install/occupancy/share/colcon-core/packages/occupancy)
[0.364s] Level 1:colcon.colcon_core.environment:create_environment_scripts_only(occupancy)
[0.364s] Level 1:colcon.colcon_core.environment:checking '/home/shivam/code-masala/ros/missile/MpC/install/occupancy' for CMake module files
[0.365s] Level 1:colcon.colcon_core.environment:checking '/home/shivam/code-masala/ros/missile/MpC/install/occupancy' for CMake config files
[0.365s] Level 1:colcon.colcon_core.shell:create_environment_hook('occupancy', 'cmake_prefix_path')
[0.365s] INFO:colcon.colcon_core.shell:Creating environment hook '/home/shivam/code-masala/ros/missile/MpC/install/occupancy/share/occupancy/hook/cmake_prefix_path.ps1'
[0.365s] INFO:colcon.colcon_core.shell:Creating environment descriptor '/home/shivam/code-masala/ros/missile/MpC/install/occupancy/share/occupancy/hook/cmake_prefix_path.dsv'
[0.365s] INFO:colcon.colcon_core.shell:Creating environment hook '/home/shivam/code-masala/ros/missile/MpC/install/occupancy/share/occupancy/hook/cmake_prefix_path.sh'
[0.366s] Level 1:colcon.colcon_core.environment:checking '/home/shivam/code-masala/ros/missile/MpC/install/occupancy/lib'
[0.366s] Level 1:colcon.colcon_core.environment:checking '/home/shivam/code-masala/ros/missile/MpC/install/occupancy/bin'
[0.366s] Level 1:colcon.colcon_core.environment:checking '/home/shivam/code-masala/ros/missile/MpC/install/occupancy/lib/pkgconfig/occupancy.pc'
[0.366s] Level 1:colcon.colcon_core.environment:checking '/home/shivam/code-masala/ros/missile/MpC/install/occupancy/lib/python3.10/site-packages'
[0.366s] Level 1:colcon.colcon_core.environment:checking '/home/shivam/code-masala/ros/missile/MpC/install/occupancy/bin'
[0.366s] INFO:colcon.colcon_core.shell:Creating package script '/home/shivam/code-masala/ros/missile/MpC/install/occupancy/share/occupancy/package.ps1'
[0.366s] INFO:colcon.colcon_core.shell:Creating package descriptor '/home/shivam/code-masala/ros/missile/MpC/install/occupancy/share/occupancy/package.dsv'
[0.367s] INFO:colcon.colcon_core.shell:Creating package script '/home/shivam/code-masala/ros/missile/MpC/install/occupancy/share/occupancy/package.sh'
[0.367s] INFO:colcon.colcon_core.shell:Creating package script '/home/shivam/code-masala/ros/missile/MpC/install/occupancy/share/occupancy/package.bash'
[0.367s] INFO:colcon.colcon_core.shell:Creating package script '/home/shivam/code-masala/ros/missile/MpC/install/occupancy/share/occupancy/package.zsh'
[0.367s] Level 1:colcon.colcon_core.environment:create_file_with_runtime_dependencies(/home/shivam/code-masala/ros/missile/MpC/install/occupancy/share/colcon-core/packages/occupancy)
[0.368s] Level 1:colcon.colcon_core.environment:create_environment_scripts_only(car_path_simulation)
[0.368s] Level 1:colcon.colcon_core.environment:checking '/home/shivam/code-masala/ros/missile/MpC/install/car_path_simulation' for CMake module files
[0.369s] DEBUG:colcon.colcon_core.event_handler.log_command:Invoked command in '/home/shivam/code-masala/ros/missile/MpC/build/car_path_simulation' returned '0': CMAKE_PREFIX_PATH=${CMAKE_PREFIX_PATH}:/opt/ros/humble /usr/bin/cmake --install /home/shivam/code-masala/ros/missile/MpC/build/car_path_simulation
[0.369s] Level 1:colcon.colcon_core.environment:checking '/home/shivam/code-masala/ros/missile/MpC/install/car_path_simulation' for CMake config files
[0.369s] Level 1:colcon.colcon_core.shell:create_environment_hook('car_path_simulation', 'cmake_prefix_path')
[0.369s] INFO:colcon.colcon_core.shell:Creating environment hook '/home/shivam/code-masala/ros/missile/MpC/install/car_path_simulation/share/car_path_simulation/hook/cmake_prefix_path.ps1'
[0.370s] INFO:colcon.colcon_core.shell:Creating environment descriptor '/home/shivam/code-masala/ros/missile/MpC/install/car_path_simulation/share/car_path_simulation/hook/cmake_prefix_path.dsv'
[0.370s] INFO:colcon.colcon_core.shell:Creating environment hook '/home/shivam/code-masala/ros/missile/MpC/install/car_path_simulation/share/car_path_simulation/hook/cmake_prefix_path.sh'
[0.370s] Level 1:colcon.colcon_core.environment:checking '/home/shivam/code-masala/ros/missile/MpC/install/car_path_simulation/lib'
[0.370s] Level 1:colcon.colcon_core.environment:checking '/home/shivam/code-masala/ros/missile/MpC/install/car_path_simulation/bin'
[0.370s] Level 1:colcon.colcon_core.environment:checking '/home/shivam/code-masala/ros/missile/MpC/install/car_path_simulation/lib/pkgconfig/car_path_simulation.pc'
[0.370s] Level 1:colcon.colcon_core.environment:checking '/home/shivam/code-masala/ros/missile/MpC/install/car_path_simulation/lib/python3.10/site-packages'
[0.370s] Level 1:colcon.colcon_core.environment:checking '/home/shivam/code-masala/ros/missile/MpC/install/car_path_simulation/bin'
[0.371s] INFO:colcon.colcon_core.shell:Creating package script '/home/shivam/code-masala/ros/missile/MpC/install/car_path_simulation/share/car_path_simulation/package.ps1'
[0.371s] INFO:colcon.colcon_core.shell:Creating package descriptor '/home/shivam/code-masala/ros/missile/MpC/install/car_path_simulation/share/car_path_simulation/package.dsv'
[0.371s] INFO:colcon.colcon_core.shell:Creating package script '/home/shivam/code-masala/ros/missile/MpC/install/car_path_simulation/share/car_path_simulation/package.sh'
[0.371s] INFO:colcon.colcon_core.shell:Creating package script '/home/shivam/code-masala/ros/missile/MpC/install/car_path_simulation/share/car_path_simulation/package.bash'
[0.371s] INFO:colcon.colcon_core.shell:Creating package script '/home/shivam/code-masala/ros/missile/MpC/install/car_path_simulation/share/car_path_simulation/package.zsh'
[0.372s] Level 1:colcon.colcon_core.environment:create_file_with_runtime_dependencies(/home/shivam/code-masala/ros/missile/MpC/install/car_path_simulation/share/colcon-core/packages/car_path_simulation)
[0.372s] Level 1:colcon.colcon_core.environment:create_environment_scripts_only(car_path_simulation)
[0.372s] Level 1:colcon.colcon_core.environment:checking '/home/shivam/code-masala/ros/missile/MpC/install/car_path_simulation' for CMake module files
[0.372s] Level 1:colcon.colcon_core.environment:checking '/home/shivam/code-masala/ros/missile/MpC/install/car_path_simulation' for CMake config files
[0.372s] Level 1:colcon.colcon_core.shell:create_environment_hook('car_path_simulation', 'cmake_prefix_path')
[0.373s] INFO:colcon.colcon_core.shell:Creating environment hook '/home/shivam/code-masala/ros/missile/MpC/install/car_path_simulation/share/car_path_simulation/hook/cmake_prefix_path.ps1'
[0.373s] INFO:colcon.colcon_core.shell:Creating environment descriptor '/home/shivam/code-masala/ros/missile/MpC/install/car_path_simulation/share/car_path_simulation/hook/cmake_prefix_path.dsv'
[0.373s] INFO:colcon.colcon_core.shell:Creating environment hook '/home/shivam/code-masala/ros/missile/MpC/install/car_path_simulation/share/car_path_simulation/hook/cmake_prefix_path.sh'
[0.373s] Level 1:colcon.colcon_core.environment:checking '/home/shivam/code-masala/ros/missile/MpC/install/car_path_simulation/lib'
[0.373s] Level 1:colcon.colcon_core.environment:checking '/home/shivam/code-masala/ros/missile/MpC/install/car_path_simulation/bin'
[0.373s] Level 1:colcon.colcon_core.environment:checking '/home/shivam/code-masala/ros/missile/MpC/install/car_path_simulation/lib/pkgconfig/car_path_simulation.pc'
[0.373s] Level 1:colcon.colcon_core.environment:checking '/home/shivam/code-masala/ros/missile/MpC/install/car_path_simulation/lib/python3.10/site-packages'
[0.374s] Level 1:colcon.colcon_core.environment:checking '/home/shivam/code-masala/ros/missile/MpC/install/car_path_simulation/bin'
[0.374s] INFO:colcon.colcon_core.shell:Creating package script '/home/shivam/code-masala/ros/missile/MpC/install/car_path_simulation/share/car_path_simulation/package.ps1'
[0.374s] INFO:colcon.colcon_core.shell:Creating package descriptor '/home/shivam/code-masala/ros/missile/MpC/install/car_path_simulation/share/car_path_simulation/package.dsv'
[0.374s] INFO:colcon.colcon_core.shell:Creating package script '/home/shivam/code-masala/ros/missile/MpC/install/car_path_simulation/share/car_path_simulation/package.sh'
[0.375s] INFO:colcon.colcon_core.shell:Creating package script '/home/shivam/code-masala/ros/missile/MpC/install/car_path_simulation/share/car_path_simulation/package.bash'
[0.375s] INFO:colcon.colcon_core.shell:Creating package script '/home/shivam/code-masala/ros/missile/MpC/install/car_path_simulation/share/car_path_simulation/package.zsh'
[0.375s] Level 1:colcon.colcon_core.environment:create_file_with_runtime_dependencies(/home/shivam/code-masala/ros/missile/MpC/install/car_path_simulation/share/colcon-core/packages/car_path_simulation)
[0.375s] Level 1:colcon.colcon_core.environment:create_environment_scripts_only(visualization_package)
[0.375s] Level 1:colcon.colcon_core.environment:checking '/home/shivam/code-masala/ros/missile/MpC/install/visualization_package' for CMake module files
[0.376s] DEBUG:colcon.colcon_core.event_handler.log_command:Invoked command in '/home/shivam/code-masala/ros/missile/MpC/build/visualization_package' returned '0': CMAKE_PREFIX_PATH=${CMAKE_PREFIX_PATH}:/opt/ros/humble /usr/bin/cmake --install /home/shivam/code-masala/ros/missile/MpC/build/visualization_package
[0.376s] Level 1:colcon.colcon_core.environment:checking '/home/shivam/code-masala/ros/missile/MpC/install/visualization_package' for CMake config files
[0.376s] Level 1:colcon.colcon_core.shell:create_environment_hook('visualization_package', 'cmake_prefix_path')
[0.376s] INFO:colcon.colcon_core.shell:Creating environment hook '/home/shivam/code-masala/ros/missile/MpC/install/visualization_package/share/visualization_package/hook/cmake_prefix_path.ps1'
[0.377s] INFO:colcon.colcon_core.shell:Creating environment descriptor '/home/shivam/code-masala/ros/missile/MpC/install/visualization_package/share/visualization_package/hook/cmake_prefix_path.dsv'
[0.377s] INFO:colcon.colcon_core.shell:Creating environment hook '/home/shivam/code-masala/ros/missile/MpC/install/visualization_package/share/visualization_package/hook/cmake_prefix_path.sh'
[0.377s] Level 1:colcon.colcon_core.environment:checking '/home/shivam/code-masala/ros/missile/MpC/install/visualization_package/lib'
[0.377s] Level 1:colcon.colcon_core.environment:checking '/home/shivam/code-masala/ros/missile/MpC/install/visualization_package/bin'
[0.377s] Level 1:colcon.colcon_core.environment:checking '/home/shivam/code-masala/ros/missile/MpC/install/visualization_package/lib/pkgconfig/visualization_package.pc'
[0.377s] Level 1:colcon.colcon_core.environment:checking '/home/shivam/code-masala/ros/missile/MpC/install/visualization_package/lib/python3.10/site-packages'
[0.377s] Level 1:colcon.colcon_core.environment:checking '/home/shivam/code-masala/ros/missile/MpC/install/visualization_package/bin'
[0.378s] INFO:colcon.colcon_core.shell:Creating package script '/home/shivam/code-masala/ros/missile/MpC/install/visualization_package/share/visualization_package/package.ps1'
[0.378s] INFO:colcon.colcon_core.shell:Creating package descriptor '/home/shivam/code-masala/ros/missile/MpC/install/visualization_package/share/visualization_package/package.dsv'
[0.378s] INFO:colcon.colcon_core.shell:Creating package script '/home/shivam/code-masala/ros/missile/MpC/install/visualization_package/share/visualization_package/package.sh'
[0.378s] INFO:colcon.colcon_core.shell:Creating package script '/home/shivam/code-masala/ros/missile/MpC/install/visualization_package/share/visualization_package/package.bash'
[0.378s] INFO:colcon.colcon_core.shell:Creating package script '/home/shivam/code-masala/ros/missile/MpC/install/visualization_package/share/visualization_package/package.zsh'
[0.379s] Level 1:colcon.colcon_core.environment:create_file_with_runtime_dependencies(/home/shivam/code-masala/ros/missile/MpC/install/visualization_package/share/colcon-core/packages/visualization_package)
[0.379s] Level 1:colcon.colcon_core.environment:create_environment_scripts_only(visualization_package)
[0.379s] Level 1:colcon.colcon_core.environment:checking '/home/shivam/code-masala/ros/missile/MpC/install/visualization_package' for CMake module files
[0.379s] Level 1:colcon.colcon_core.environment:checking '/home/shivam/code-masala/ros/missile/MpC/install/visualization_package' for CMake config files
[0.379s] Level 1:colcon.colcon_core.shell:create_environment_hook('visualization_package', 'cmake_prefix_path')
[0.380s] INFO:colcon.colcon_core.shell:Creating environment hook '/home/shivam/code-masala/ros/missile/MpC/install/visualization_package/share/visualization_package/hook/cmake_prefix_path.ps1'
[0.380s] INFO:colcon.colcon_core.shell:Creating environment descriptor '/home/shivam/code-masala/ros/missile/MpC/install/visualization_package/share/visualization_package/hook/cmake_prefix_path.dsv'
[0.380s] INFO:colcon.colcon_core.shell:Creating environment hook '/home/shivam/code-masala/ros/missile/MpC/install/visualization_package/share/visualization_package/hook/cmake_prefix_path.sh'
[0.380s] Level 1:colcon.colcon_core.environment:checking '/home/shivam/code-masala/ros/missile/MpC/install/visualization_package/lib'
[0.380s] Level 1:colcon.colcon_core.environment:checking '/home/shivam/code-masala/ros/missile/MpC/install/visualization_package/bin'
[0.380s] Level 1:colcon.colcon_core.environment:checking '/home/shivam/code-masala/ros/missile/MpC/install/visualization_package/lib/pkgconfig/visualization_package.pc'
[0.380s] Level 1:colcon.colcon_core.environment:checking '/home/shivam/code-masala/ros/missile/MpC/install/visualization_package/lib/python3.10/site-packages'
[0.381s] Level 1:colcon.colcon_core.environment:checking '/home/shivam/code-masala/ros/missile/MpC/install/visualization_package/bin'
[0.381s] INFO:colcon.colcon_core.shell:Creating package script '/home/shivam/code-masala/ros/missile/MpC/install/visualization_package/share/visualization_package/package.ps1'
[0.381s] INFO:colcon.colcon_core.shell:Creating package descriptor '/home/shivam/code-masala/ros/missile/MpC/install/visualization_package/share/visualization_package/package.dsv'
[0.381s] INFO:colcon.colcon_core.shell:Creating package script '/home/shivam/code-masala/ros/missile/MpC/install/visualization_package/share/visualization_package/package.sh'
[0.382s] INFO:colcon.colcon_core.shell:Creating package script '/home/shivam/code-masala/ros/missile/MpC/install/visualization_package/share/visualization_package/package.bash'
[0.382s] INFO:colcon.colcon_core.shell:Creating package script '/home/shivam/code-masala/ros/missile/MpC/install/visualization_package/share/visualization_package/package.zsh'
[0.382s] Level 1:colcon.colcon_core.environment:create_file_with_runtime_dependencies(/home/shivam/code-masala/ros/missile/MpC/install/visualization_package/share/colcon-core/packages/visualization_package)
[0.382s] DEBUG:colcon.colcon_parallel_executor.executor.parallel:closing loop
[0.382s] DEBUG:colcon.colcon_parallel_executor.executor.parallel:loop closed
[0.382s] DEBUG:colcon.colcon_parallel_executor.executor.parallel:run_until_complete finished with '0'
[0.382s] DEBUG:colcon.colcon_core.event_reactor:joining thread
[0.386s] INFO:colcon.colcon_core.plugin_system:Skipping extension 'colcon_notification.desktop_notification.terminal_notifier': Not used on non-Darwin systems
[0.386s] INFO:colcon.colcon_core.plugin_system:Skipping extension 'colcon_notification.desktop_notification.win32': Not used on non-Windows systems
[0.386s] INFO:colcon.colcon_notification.desktop_notification:Sending desktop notification using 'notify2'
[0.393s] DEBUG:colcon.colcon_core.event_reactor:joined thread
[0.393s] INFO:colcon.colcon_core.shell:Creating prefix script '/home/shivam/code-masala/ros/missile/MpC/install/local_setup.ps1'
[0.394s] INFO:colcon.colcon_core.shell:Creating prefix util module '/home/shivam/code-masala/ros/missile/MpC/install/_local_setup_util_ps1.py'
[0.395s] INFO:colcon.colcon_core.shell:Creating prefix chain script '/home/shivam/code-masala/ros/missile/MpC/install/setup.ps1'
[0.396s] INFO:colcon.colcon_core.shell:Creating prefix script '/home/shivam/code-masala/ros/missile/MpC/install/local_setup.sh'
[0.396s] INFO:colcon.colcon_core.shell:Creating prefix util module '/home/shivam/code-masala/ros/missile/MpC/install/_local_setup_util_sh.py'
[0.396s] INFO:colcon.colcon_core.shell:Creating prefix chain script '/home/shivam/code-masala/ros/missile/MpC/install/setup.sh'
[0.397s] INFO:colcon.colcon_core.shell:Creating prefix script '/home/shivam/code-masala/ros/missile/MpC/install/local_setup.bash'
[0.397s] INFO:colcon.colcon_core.shell:Creating prefix chain script '/home/shivam/code-masala/ros/missile/MpC/install/setup.bash'
[0.398s] INFO:colcon.colcon_core.shell:Creating prefix script '/home/shivam/code-masala/ros/missile/MpC/install/local_setup.zsh'
[0.398s] INFO:colcon.colcon_core.shell:Creating prefix chain script '/home/shivam/code-masala/ros/missile/MpC/install/setup.zsh'
