-- Found ament_cmake: 1.3.11 (/opt/ros/humble/share/ament_cmake/cmake)
-- Found ament_lint_auto: 0.12.11 (/opt/ros/humble/share/ament_lint_auto/cmake)
-- Found rclcpp: 16.0.11 (/opt/ros/humble/share/rclcpp/cmake)
-- Found rosidl_generator_c: 3.1.6 (/opt/ros/humble/share/rosidl_generator_c/cmake)
-- Found rosidl_adapter: 3.1.6 (/opt/ros/humble/share/rosidl_adapter/cmake)
-- Found rosidl_generator_cpp: 3.1.6 (/opt/ros/humble/share/rosidl_generator_cpp/cmake)
-- Using all available rosidl_typesupport_c: rosidl_typesupport_fastrtps_c;rosidl_typesupport_introspection_c
-- Using all available rosidl_typesupport_cpp: rosidl_typesupport_fastrtps_cpp;rosidl_typesupport_introspection_cpp
-- Found rmw_implementation_cmake: 6.1.2 (/opt/ros/humble/share/rmw_implementation_cmake/cmake)
-- Found rmw_fastrtps_cpp: 6.2.7 (/opt/ros/humble/share/rmw_fastrtps_cpp/cmake)
-- Found OpenSSL: /usr/lib/x86_64-linux-gnu/libcrypto.so (found version "3.0.2")  
-- Found FastRTPS: /opt/ros/humble/include  
-- Using RMW implementation 'rmw_fastrtps_cpp' as default
-- Looking for pthread.h
-- Looking for pthread.h - found
-- Performing Test CMAKE_HAVE_LIBC_PTHREAD
-- Performing Test CMAKE_HAVE_LIBC_PTHREAD - Success
-- Found Threads: TRUE  
-- Added test 'lint_cmake' to check CMake code style
-- Added test 'xmllint' to check XML markup files
-- Configuring done
-- Generating done
-- Build files have been written to: /home/shivam/code-masala/ros/missile/build/occupancy
-- Install configuration: ""
-- Installing: /home/shivam/code-masala/ros/missile/install/occupancy/share/ament_index/resource_index/package_run_dependencies/occupancy
-- Up-to-date: /home/shivam/code-masala/ros/missile/install/occupancy/share/ament_index/resource_index/parent_prefix_path/occupancy
-- Up-to-date: /home/shivam/code-masala/ros/missile/install/occupancy/share/occupancy/environment/ament_prefix_path.sh
-- Installing: /home/shivam/code-masala/ros/missile/install/occupancy/share/occupancy/environment/ament_prefix_path.dsv
-- Up-to-date: /home/shivam/code-masala/ros/missile/install/occupancy/share/occupancy/environment/path.sh
-- Installing: /home/shivam/code-masala/ros/missile/install/occupancy/share/occupancy/environment/path.dsv
-- Up-to-date: /home/shivam/code-masala/ros/missile/install/occupancy/share/occupancy/local_setup.bash
-- Up-to-date: /home/shivam/code-masala/ros/missile/install/occupancy/share/occupancy/local_setup.sh
-- Up-to-date: /home/shivam/code-masala/ros/missile/install/occupancy/share/occupancy/local_setup.zsh
-- Installing: /home/shivam/code-masala/ros/missile/install/occupancy/share/occupancy/local_setup.dsv
-- Installing: /home/shivam/code-masala/ros/missile/install/occupancy/share/occupancy/package.dsv
-- Up-to-date: /home/shivam/code-masala/ros/missile/install/occupancy/share/ament_index/resource_index/packages/occupancy
-- Up-to-date: /home/shivam/code-masala/ros/missile/install/occupancy/share/occupancy/cmake/occupancyConfig.cmake
-- Up-to-date: /home/shivam/code-masala/ros/missile/install/occupancy/share/occupancy/cmake/occupancyConfig-version.cmake
-- Installing: /home/shivam/code-masala/ros/missile/install/occupancy/share/occupancy/package.xml
