[0.008s] Invoking command in '/home/shivam/code-masala/ros/missile/src/build/visualization_package': CMAKE_PREFIX_PATH=${CMAKE_PREFIX_PATH}:/opt/ros/humble /usr/bin/cmake --build /home/shivam/code-masala/ros/missile/src/build/visualization_package -- -j16 -l16
[0.024s] -- Found ament_cmake: 1.3.11 (/opt/ros/humble/share/ament_cmake/cmake)
[0.115s] -- Found rclcpp: 16.0.11 (/opt/ros/humble/share/rclcpp/cmake)
[0.140s] -- Found rosidl_generator_c: 3.1.6 (/opt/ros/humble/share/rosidl_generator_c/cmake)
[0.143s] -- Found rosidl_adapter: 3.1.6 (/opt/ros/humble/share/rosidl_adapter/cmake)
[0.148s] -- Found rosidl_generator_cpp: 3.1.6 (/opt/ros/humble/share/rosidl_generator_cpp/cmake)
[0.156s] -- Using all available rosidl_typesupport_c: rosidl_typesupport_fastrtps_c;rosidl_typesupport_introspection_c
[0.166s] -- Using all available rosidl_typesupport_cpp: rosidl_typesupport_fastrtps_cpp;rosidl_typesupport_introspection_cpp
[0.193s] -- Found rmw_implementation_cmake: 6.1.2 (/opt/ros/humble/share/rmw_implementation_cmake/cmake)
[0.194s] -- Found rmw_fastrtps_cpp: 6.2.7 (/opt/ros/humble/share/rmw_fastrtps_cpp/cmake)
[0.259s] -- Found OpenSSL: /usr/lib/x86_64-linux-gnu/libcrypto.so (found version "3.0.2")  
[0.279s] -- Found FastRTPS: /opt/ros/humble/include  
[0.312s] -- Using RMW implementation 'rmw_fastrtps_cpp' as default
[0.316s] -- Looking for pthread.h
[0.378s] -- Looking for pthread.h - found
[0.378s] -- Performing Test CMAKE_HAVE_LIBC_PTHREAD
[0.446s] -- Performing Test CMAKE_HAVE_LIBC_PTHREAD - Success
[0.447s] -- Found Threads: TRUE  
[0.482s] -- Found nav_msgs: 4.2.4 (/opt/ros/humble/share/nav_msgs/cmake)
[0.505s] -- Found ament_lint_auto: 0.12.11 (/opt/ros/humble/share/ament_lint_auto/cmake)
[0.553s] -- Added test 'cppcheck' to perform static code analysis on C / C++ code
[0.554s] -- Configured cppcheck include dirs: 
[0.554s] -- Configured cppcheck exclude dirs and/or files: 
[0.554s] -- Added test 'flake8' to check Python code syntax and style conventions
[0.554s] -- Added test 'lint_cmake' to check CMake code style
[0.554s] -- Added test 'pep257' to check Python code against some of the docstring style conventions in PEP 257
[0.555s] -- Added test 'uncrustify' to check C / C++ code style
[0.555s] -- Configured uncrustify additional arguments: 
[0.555s] -- Added test 'xmllint' to check XML markup files
[0.555s] -- Configuring done
[0.557s] [31mCMake Error at CMakeLists.txt:13 (add_executable):
[0.557s]   Cannot find source file:
[0.557s] 
[0.557s]     src/path_visualizer.cpp
[0.557s] 
[0.557s]   Tried extensions .c .C .c++ .cc .cpp .cxx .cu .mpp .m .M .mm .ixx .cppm .h
[0.557s]   .hh .h++ .hm .hpp .hxx .in .txx .f .F .for .f77 .f90 .f95 .f03 .hip .ispc
[0.557s] 
[0.557s] [0m
[0.558s] [31mCMake Error at CMakeLists.txt:13 (add_executable):
[0.558s]   No SOURCES given to target: path_visualizer
[0.558s] 
[0.558s] [0m
[0.558s] [0mCMake Generate step failed.  Build files cannot be regenerated correctly.[0m
[0.563s] gmake: *** [Makefile:226: cmake_check_build_system] Error 1
[0.564s] Invoked command in '/home/shivam/code-masala/ros/missile/src/build/visualization_package' returned '2': CMAKE_PREFIX_PATH=${CMAKE_PREFIX_PATH}:/opt/ros/humble /usr/bin/cmake --build /home/shivam/code-masala/ros/missile/src/build/visualization_package -- -j16 -l16
