[0.062s] DEBUG:colcon:Command line arguments: ['/usr/bin/colcon', 'build', '--packages-select', 'mycarsim']
[0.062s] DEBUG:colcon:Parsed command line arguments: Namespace(log_base=None, log_level=None, verb_name='build', build_base='build', install_base='install', merge_install=False, symlink_install=False, test_result_base=None, continue_on_error=False, executor='parallel', parallel_workers=16, event_handlers=None, ignore_user_meta=False, metas=['./colcon.meta'], base_paths=['.'], packages_ignore=None, packages_ignore_regex=None, paths=None, packages_up_to=None, packages_up_to_regex=None, packages_above=None, packages_above_and_dependencies=None, packages_above_depth=None, packages_select_by_dep=None, packages_skip_by_dep=None, packages_skip_up_to=None, packages_select_build_failed=False, packages_skip_build_finished=False, packages_select_test_failures=False, packages_skip_test_passed=False, packages_select=['mycarsim'], packages_skip=None, packages_select_regex=None, packages_skip_regex=None, packages_start=None, packages_end=None, allow_overriding=[], cmake_args=None, cmake_target=None, cmake_target_skip_unavailable=False, cmake_clean_cache=False, cmake_clean_first=False, cmake_force_configure=False, ament_cmake_args=None, catkin_cmake_args=None, catkin_skip_building_tests=False, verb_parser=<colcon_defaults.argument_parser.defaults.DefaultArgumentsDecorator object at 0x7ece03f36f80>, verb_extension=<colcon_core.verb.build.BuildVerb object at 0x7ece03f36680>, main=<bound method BuildVerb.main of <colcon_core.verb.build.BuildVerb object at 0x7ece03f36680>>)
[0.156s] Level 1:colcon.colcon_core.package_discovery:discover_packages(colcon_meta) check parameters
[0.156s] Level 1:colcon.colcon_core.package_discovery:discover_packages(recursive) check parameters
[0.157s] Level 1:colcon.colcon_core.package_discovery:discover_packages(ignore) check parameters
[0.157s] Level 1:colcon.colcon_core.package_discovery:discover_packages(path) check parameters
[0.157s] Level 1:colcon.colcon_core.package_discovery:discover_packages(colcon_meta) discover
[0.157s] Level 1:colcon.colcon_core.package_discovery:discover_packages(recursive) discover
[0.157s] INFO:colcon.colcon_core.package_discovery:Crawling recursively for packages in '/home/shivam/code-masala/ros/missile/MpC'
[0.157s] Level 1:colcon.colcon_core.package_identification:_identify(.) by extensions ['ignore', 'ignore_ament_install']
[0.157s] Level 1:colcon.colcon_core.package_identification:_identify(.) by extension 'ignore'
[0.157s] Level 1:colcon.colcon_core.package_identification:_identify(.) by extension 'ignore_ament_install'
[0.157s] Level 1:colcon.colcon_core.package_identification:_identify(.) by extensions ['colcon_pkg']
[0.157s] Level 1:colcon.colcon_core.package_identification:_identify(.) by extension 'colcon_pkg'
[0.157s] Level 1:colcon.colcon_core.package_identification:_identify(.) by extensions ['colcon_meta']
[0.157s] Level 1:colcon.colcon_core.package_identification:_identify(.) by extension 'colcon_meta'
[0.157s] Level 1:colcon.colcon_core.package_identification:_identify(.) by extensions ['ros']
[0.157s] Level 1:colcon.colcon_core.package_identification:_identify(.) by extension 'ros'
[0.165s] Level 1:colcon.colcon_core.package_identification:_identify(.) by extensions ['cmake', 'python']
[0.165s] Level 1:colcon.colcon_core.package_identification:_identify(.) by extension 'cmake'
[0.165s] Level 1:colcon.colcon_core.package_identification:_identify(.) by extension 'python'
[0.165s] Level 1:colcon.colcon_core.package_identification:_identify(.) by extensions ['python_setup_py']
[0.165s] Level 1:colcon.colcon_core.package_identification:_identify(.) by extension 'python_setup_py'
[0.165s] Level 1:colcon.colcon_core.package_identification:_identify(PID) by extensions ['ignore', 'ignore_ament_install']
[0.165s] Level 1:colcon.colcon_core.package_identification:_identify(PID) by extension 'ignore'
[0.165s] Level 1:colcon.colcon_core.package_identification:_identify(PID) by extension 'ignore_ament_install'
[0.165s] Level 1:colcon.colcon_core.package_identification:_identify(PID) by extensions ['colcon_pkg']
[0.165s] Level 1:colcon.colcon_core.package_identification:_identify(PID) by extension 'colcon_pkg'
[0.165s] Level 1:colcon.colcon_core.package_identification:_identify(PID) by extensions ['colcon_meta']
[0.165s] Level 1:colcon.colcon_core.package_identification:_identify(PID) by extension 'colcon_meta'
[0.165s] Level 1:colcon.colcon_core.package_identification:_identify(PID) by extensions ['ros']
[0.165s] Level 1:colcon.colcon_core.package_identification:_identify(PID) by extension 'ros'
[0.165s] Level 1:colcon.colcon_core.package_identification:_identify(PID) by extensions ['cmake', 'python']
[0.165s] Level 1:colcon.colcon_core.package_identification:_identify(PID) by extension 'cmake'
[0.165s] Level 1:colcon.colcon_core.package_identification:_identify(PID) by extension 'python'
[0.165s] Level 1:colcon.colcon_core.package_identification:_identify(PID) by extensions ['python_setup_py']
[0.165s] Level 1:colcon.colcon_core.package_identification:_identify(PID) by extension 'python_setup_py'
[0.165s] Level 1:colcon.colcon_core.package_identification:_identify(build) by extensions ['ignore', 'ignore_ament_install']
[0.165s] Level 1:colcon.colcon_core.package_identification:_identify(build) by extension 'ignore'
[0.165s] Level 1:colcon.colcon_core.package_identification:_identify(build) ignored
[0.165s] Level 1:colcon.colcon_core.package_identification:_identify(car_path_simulation) by extensions ['ignore', 'ignore_ament_install']
[0.165s] Level 1:colcon.colcon_core.package_identification:_identify(car_path_simulation) by extension 'ignore'
[0.165s] Level 1:colcon.colcon_core.package_identification:_identify(car_path_simulation) by extension 'ignore_ament_install'
[0.166s] Level 1:colcon.colcon_core.package_identification:_identify(car_path_simulation) by extensions ['colcon_pkg']
[0.166s] Level 1:colcon.colcon_core.package_identification:_identify(car_path_simulation) by extension 'colcon_pkg'
[0.166s] Level 1:colcon.colcon_core.package_identification:_identify(car_path_simulation) by extensions ['colcon_meta']
[0.166s] Level 1:colcon.colcon_core.package_identification:_identify(car_path_simulation) by extension 'colcon_meta'
[0.166s] Level 1:colcon.colcon_core.package_identification:_identify(car_path_simulation) by extensions ['ros']
[0.166s] Level 1:colcon.colcon_core.package_identification:_identify(car_path_simulation) by extension 'ros'
[0.167s] DEBUG:colcon.colcon_core.package_identification:Package 'car_path_simulation' with type 'ros.ament_cmake' and name 'car_path_simulation'
[0.167s] Level 1:colcon.colcon_core.package_identification:_identify(install) by extensions ['ignore', 'ignore_ament_install']
[0.167s] Level 1:colcon.colcon_core.package_identification:_identify(install) by extension 'ignore'
[0.168s] Level 1:colcon.colcon_core.package_identification:_identify(install) ignored
[0.168s] Level 1:colcon.colcon_core.package_identification:_identify(log) by extensions ['ignore', 'ignore_ament_install']
[0.168s] Level 1:colcon.colcon_core.package_identification:_identify(log) by extension 'ignore'
[0.168s] Level 1:colcon.colcon_core.package_identification:_identify(log) ignored
[0.168s] Level 1:colcon.colcon_core.package_identification:_identify(mycarsim) by extensions ['ignore', 'ignore_ament_install']
[0.168s] Level 1:colcon.colcon_core.package_identification:_identify(mycarsim) by extension 'ignore'
[0.168s] Level 1:colcon.colcon_core.package_identification:_identify(mycarsim) by extension 'ignore_ament_install'
[0.168s] Level 1:colcon.colcon_core.package_identification:_identify(mycarsim) by extensions ['colcon_pkg']
[0.168s] Level 1:colcon.colcon_core.package_identification:_identify(mycarsim) by extension 'colcon_pkg'
[0.168s] Level 1:colcon.colcon_core.package_identification:_identify(mycarsim) by extensions ['colcon_meta']
[0.168s] Level 1:colcon.colcon_core.package_identification:_identify(mycarsim) by extension 'colcon_meta'
[0.168s] Level 1:colcon.colcon_core.package_identification:_identify(mycarsim) by extensions ['ros']
[0.168s] Level 1:colcon.colcon_core.package_identification:_identify(mycarsim) by extension 'ros'
[0.169s] DEBUG:colcon.colcon_core.package_identification:Package 'mycarsim' with type 'ros.ament_cmake' and name 'mycarsim'
[0.169s] Level 1:colcon.colcon_core.package_identification:_identify(occupancy) by extensions ['ignore', 'ignore_ament_install']
[0.169s] Level 1:colcon.colcon_core.package_identification:_identify(occupancy) by extension 'ignore'
[0.169s] Level 1:colcon.colcon_core.package_identification:_identify(occupancy) by extension 'ignore_ament_install'
[0.169s] Level 1:colcon.colcon_core.package_identification:_identify(occupancy) by extensions ['colcon_pkg']
[0.169s] Level 1:colcon.colcon_core.package_identification:_identify(occupancy) by extension 'colcon_pkg'
[0.169s] Level 1:colcon.colcon_core.package_identification:_identify(occupancy) by extensions ['colcon_meta']
[0.169s] Level 1:colcon.colcon_core.package_identification:_identify(occupancy) by extension 'colcon_meta'
[0.169s] Level 1:colcon.colcon_core.package_identification:_identify(occupancy) by extensions ['ros']
[0.169s] Level 1:colcon.colcon_core.package_identification:_identify(occupancy) by extension 'ros'
[0.169s] DEBUG:colcon.colcon_core.package_identification:Package 'occupancy' with type 'ros.ament_cmake' and name 'occupancy'
[0.169s] Level 1:colcon.colcon_core.package_identification:_identify(visualization_package) by extensions ['ignore', 'ignore_ament_install']
[0.169s] Level 1:colcon.colcon_core.package_identification:_identify(visualization_package) by extension 'ignore'
[0.169s] Level 1:colcon.colcon_core.package_identification:_identify(visualization_package) by extension 'ignore_ament_install'
[0.170s] Level 1:colcon.colcon_core.package_identification:_identify(visualization_package) by extensions ['colcon_pkg']
[0.170s] Level 1:colcon.colcon_core.package_identification:_identify(visualization_package) by extension 'colcon_pkg'
[0.170s] Level 1:colcon.colcon_core.package_identification:_identify(visualization_package) by extensions ['colcon_meta']
[0.170s] Level 1:colcon.colcon_core.package_identification:_identify(visualization_package) by extension 'colcon_meta'
[0.170s] Level 1:colcon.colcon_core.package_identification:_identify(visualization_package) by extensions ['ros']
[0.170s] Level 1:colcon.colcon_core.package_identification:_identify(visualization_package) by extension 'ros'
[0.170s] DEBUG:colcon.colcon_core.package_identification:Package 'visualization_package' with type 'ros.ament_cmake' and name 'visualization_package'
[0.170s] Level 1:colcon.colcon_core.package_discovery:discover_packages(recursive) using defaults
[0.170s] Level 1:colcon.colcon_core.package_discovery:discover_packages(ignore) discover
[0.170s] Level 1:colcon.colcon_core.package_discovery:discover_packages(ignore) using defaults
[0.170s] Level 1:colcon.colcon_core.package_discovery:discover_packages(path) discover
[0.170s] Level 1:colcon.colcon_core.package_discovery:discover_packages(path) using defaults
[0.190s] INFO:colcon.colcon_core.package_selection:Skipping not selected package 'car_path_simulation' in 'car_path_simulation'
[0.191s] INFO:colcon.colcon_core.package_selection:Skipping not selected package 'occupancy' in 'occupancy'
[0.191s] INFO:colcon.colcon_core.package_selection:Skipping not selected package 'visualization_package' in 'visualization_package'
[0.191s] Level 1:colcon.colcon_core.package_discovery:discover_packages(prefix_path) check parameters
[0.191s] Level 1:colcon.colcon_core.package_discovery:discover_packages(prefix_path) discover
[0.192s] DEBUG:colcon.colcon_installed_package_information.package_discovery:Found 287 installed packages in /opt/ros/humble
[0.193s] Level 1:colcon.colcon_core.package_discovery:discover_packages(prefix_path) using defaults
[0.215s] Level 5:colcon.colcon_core.verb:set package 'mycarsim' build argument 'cmake_args' from command line to 'None'
[0.215s] Level 5:colcon.colcon_core.verb:set package 'mycarsim' build argument 'cmake_target' from command line to 'None'
[0.215s] Level 5:colcon.colcon_core.verb:set package 'mycarsim' build argument 'cmake_target_skip_unavailable' from command line to 'False'
[0.215s] Level 5:colcon.colcon_core.verb:set package 'mycarsim' build argument 'cmake_clean_cache' from command line to 'False'
[0.215s] Level 5:colcon.colcon_core.verb:set package 'mycarsim' build argument 'cmake_clean_first' from command line to 'False'
[0.215s] Level 5:colcon.colcon_core.verb:set package 'mycarsim' build argument 'cmake_force_configure' from command line to 'False'
[0.215s] Level 5:colcon.colcon_core.verb:set package 'mycarsim' build argument 'ament_cmake_args' from command line to 'None'
[0.215s] Level 5:colcon.colcon_core.verb:set package 'mycarsim' build argument 'catkin_cmake_args' from command line to 'None'
[0.215s] Level 5:colcon.colcon_core.verb:set package 'mycarsim' build argument 'catkin_skip_building_tests' from command line to 'False'
[0.215s] DEBUG:colcon.colcon_core.verb:Building package 'mycarsim' with the following arguments: {'ament_cmake_args': None, 'build_base': '/home/shivam/code-masala/ros/missile/MpC/build/mycarsim', 'catkin_cmake_args': None, 'catkin_skip_building_tests': False, 'cmake_args': None, 'cmake_clean_cache': False, 'cmake_clean_first': False, 'cmake_force_configure': False, 'cmake_target': None, 'cmake_target_skip_unavailable': False, 'install_base': '/home/shivam/code-masala/ros/missile/MpC/install/mycarsim', 'merge_install': False, 'path': '/home/shivam/code-masala/ros/missile/MpC/mycarsim', 'symlink_install': False, 'test_result_base': None}
[0.215s] INFO:colcon.colcon_core.executor:Executing jobs using 'parallel' executor
[0.216s] DEBUG:colcon.colcon_parallel_executor.executor.parallel:run_until_complete
[0.221s] INFO:colcon.colcon_ros.task.ament_cmake.build:Building ROS package in '/home/shivam/code-masala/ros/missile/MpC/mycarsim' with build type 'ament_cmake'
[0.221s] INFO:colcon.colcon_cmake.task.cmake.build:Building CMake package in '/home/shivam/code-masala/ros/missile/MpC/mycarsim'
[0.223s] INFO:colcon.colcon_core.plugin_system:Skipping extension 'colcon_core.shell.bat': Not used on non-Windows systems
[0.223s] INFO:colcon.colcon_core.shell:Skip shell extension 'powershell' for command environment: Not usable outside of PowerShell
[0.223s] DEBUG:colcon.colcon_core.shell:Skip shell extension 'dsv' for command environment
[0.229s] DEBUG:colcon.colcon_core.event_handler.log_command:Invoking command in '/home/shivam/code-masala/ros/missile/MpC/build/mycarsim': CMAKE_PREFIX_PATH=/opt/ros/humble VIRTUAL_ENV_PROMPT=(myenv) /usr/bin/cmake /home/shivam/code-masala/ros/missile/MpC/mycarsim -DCMAKE_INSTALL_PREFIX=/home/shivam/code-masala/ros/missile/MpC/install/mycarsim
[0.502s] DEBUG:colcon.colcon_core.event_handler.log_command:Invoked command in '/home/shivam/code-masala/ros/missile/MpC/build/mycarsim' returned '1': CMAKE_PREFIX_PATH=/opt/ros/humble VIRTUAL_ENV_PROMPT=(myenv) /usr/bin/cmake /home/shivam/code-masala/ros/missile/MpC/mycarsim -DCMAKE_INSTALL_PREFIX=/home/shivam/code-masala/ros/missile/MpC/install/mycarsim
[0.508s] Level 1:colcon.colcon_core.environment:create_environment_scripts_only(mycarsim)
[0.510s] Level 1:colcon.colcon_core.environment:checking '/home/shivam/code-masala/ros/missile/MpC/install/mycarsim' for CMake module files
[0.510s] Level 1:colcon.colcon_core.environment:checking '/home/shivam/code-masala/ros/missile/MpC/install/mycarsim' for CMake config files
[0.510s] Level 1:colcon.colcon_core.environment:checking '/home/shivam/code-masala/ros/missile/MpC/install/mycarsim/bin'
[0.510s] Level 1:colcon.colcon_core.environment:checking '/home/shivam/code-masala/ros/missile/MpC/install/mycarsim/lib/pkgconfig/mycarsim.pc'
[0.511s] Level 1:colcon.colcon_core.environment:checking '/home/shivam/code-masala/ros/missile/MpC/install/mycarsim/lib/python3.10/site-packages'
[0.511s] Level 1:colcon.colcon_core.environment:checking '/home/shivam/code-masala/ros/missile/MpC/install/mycarsim/bin'
[0.511s] INFO:colcon.colcon_core.shell:Creating package script '/home/shivam/code-masala/ros/missile/MpC/install/mycarsim/share/mycarsim/package.ps1'
[0.511s] INFO:colcon.colcon_core.shell:Creating package descriptor '/home/shivam/code-masala/ros/missile/MpC/install/mycarsim/share/mycarsim/package.dsv'
[0.512s] INFO:colcon.colcon_core.shell:Creating package script '/home/shivam/code-masala/ros/missile/MpC/install/mycarsim/share/mycarsim/package.sh'
[0.512s] INFO:colcon.colcon_core.shell:Creating package script '/home/shivam/code-masala/ros/missile/MpC/install/mycarsim/share/mycarsim/package.bash'
[0.512s] INFO:colcon.colcon_core.shell:Creating package script '/home/shivam/code-masala/ros/missile/MpC/install/mycarsim/share/mycarsim/package.zsh'
[0.513s] Level 1:colcon.colcon_core.environment:create_file_with_runtime_dependencies(/home/shivam/code-masala/ros/missile/MpC/install/mycarsim/share/colcon-core/packages/mycarsim)
[0.523s] DEBUG:colcon.colcon_parallel_executor.executor.parallel:closing loop
[0.523s] DEBUG:colcon.colcon_parallel_executor.executor.parallel:loop closed
[0.523s] DEBUG:colcon.colcon_parallel_executor.executor.parallel:run_until_complete finished with '1'
[0.523s] DEBUG:colcon.colcon_core.event_reactor:joining thread
[0.527s] INFO:colcon.colcon_core.plugin_system:Skipping extension 'colcon_notification.desktop_notification.terminal_notifier': Not used on non-Darwin systems
[0.527s] INFO:colcon.colcon_core.plugin_system:Skipping extension 'colcon_notification.desktop_notification.win32': Not used on non-Windows systems
[0.527s] INFO:colcon.colcon_notification.desktop_notification:Sending desktop notification using 'notify2'
[0.535s] DEBUG:colcon.colcon_core.event_reactor:joined thread
[0.535s] INFO:colcon.colcon_core.shell:Creating prefix script '/home/shivam/code-masala/ros/missile/MpC/install/local_setup.ps1'
[0.536s] INFO:colcon.colcon_core.shell:Creating prefix util module '/home/shivam/code-masala/ros/missile/MpC/install/_local_setup_util_ps1.py'
[0.537s] INFO:colcon.colcon_core.shell:Creating prefix chain script '/home/shivam/code-masala/ros/missile/MpC/install/setup.ps1'
[0.538s] INFO:colcon.colcon_core.shell:Creating prefix script '/home/shivam/code-masala/ros/missile/MpC/install/local_setup.sh'
[0.538s] INFO:colcon.colcon_core.shell:Creating prefix util module '/home/shivam/code-masala/ros/missile/MpC/install/_local_setup_util_sh.py'
[0.538s] INFO:colcon.colcon_core.shell:Creating prefix chain script '/home/shivam/code-masala/ros/missile/MpC/install/setup.sh'
[0.539s] INFO:colcon.colcon_core.shell:Creating prefix script '/home/shivam/code-masala/ros/missile/MpC/install/local_setup.bash'
[0.539s] INFO:colcon.colcon_core.shell:Creating prefix chain script '/home/shivam/code-masala/ros/missile/MpC/install/setup.bash'
[0.540s] INFO:colcon.colcon_core.shell:Creating prefix script '/home/shivam/code-masala/ros/missile/MpC/install/local_setup.zsh'
[0.540s] INFO:colcon.colcon_core.shell:Creating prefix chain script '/home/shivam/code-masala/ros/missile/MpC/install/setup.zsh'
