[0.010s] Invoking command in '/home/shivam/code-masala/ros/missile/MpC/build/visualization_package': CMAKE_PREFIX_PATH=${CMAKE_PREFIX_PATH}:/opt/ros/humble /usr/bin/cmake /home/shivam/code-masala/ros/missile/MpC/visualization_package -DCMAKE_INSTALL_PREFIX=/home/shivam/code-masala/ros/missile/MpC/install/visualization_package
[0.046s] -- The C compiler identification is GNU 11.4.0
[0.088s] -- The CXX compiler identification is GNU 11.4.0
[0.094s] -- Detecting C compiler ABI info
[0.143s] -- Detecting C compiler ABI info - done
[0.148s] -- Check for working C compiler: /usr/bin/cc - skipped
[0.148s] -- Detecting C compile features
[0.149s] -- Detecting C compile features - done
[0.151s] -- Detecting CXX compiler ABI info
[0.211s] -- Detecting CXX compiler ABI info - done
[0.216s] -- Check for working CXX compiler: /usr/bin/c++ - skipped
[0.216s] -- Detecting CXX compile features
[0.216s] -- Detecting CXX compile features - done
[0.217s] -- Found ament_cmake: 1.3.11 (/opt/ros/humble/share/ament_cmake/cmake)
[0.325s] -- Found Python3: /usr/bin/python3 (found version "3.10.12") found components: Interpreter 
[0.381s] -- Found rclcpp: 16.0.11 (/opt/ros/humble/share/rclcpp/cmake)
[0.405s] -- Found rosidl_generator_c: 3.1.6 (/opt/ros/humble/share/rosidl_generator_c/cmake)
[0.408s] -- Found rosidl_adapter: 3.1.6 (/opt/ros/humble/share/rosidl_adapter/cmake)
[0.413s] -- Found rosidl_generator_cpp: 3.1.6 (/opt/ros/humble/share/rosidl_generator_cpp/cmake)
[0.420s] -- Using all available rosidl_typesupport_c: rosidl_typesupport_fastrtps_c;rosidl_typesupport_introspection_c
[0.430s] -- Using all available rosidl_typesupport_cpp: rosidl_typesupport_fastrtps_cpp;rosidl_typesupport_introspection_cpp
[0.456s] -- Found rmw_implementation_cmake: 6.1.2 (/opt/ros/humble/share/rmw_implementation_cmake/cmake)
[0.457s] -- Found rmw_fastrtps_cpp: 6.2.7 (/opt/ros/humble/share/rmw_fastrtps_cpp/cmake)
[0.514s] -- Found OpenSSL: /usr/lib/x86_64-linux-gnu/libcrypto.so (found version "3.0.2")  
[0.535s] -- Found FastRTPS: /opt/ros/humble/include  
[0.563s] -- Using RMW implementation 'rmw_fastrtps_cpp' as default
[0.567s] -- Looking for pthread.h
[0.627s] -- Looking for pthread.h - found
[0.627s] -- Performing Test CMAKE_HAVE_LIBC_PTHREAD
[0.685s] -- Performing Test CMAKE_HAVE_LIBC_PTHREAD - Success
[0.686s] -- Found Threads: TRUE  
[0.721s] -- Found nav_msgs: 4.2.4 (/opt/ros/humble/share/nav_msgs/cmake)
[0.746s] -- Found ament_lint_auto: 0.12.11 (/opt/ros/humble/share/ament_lint_auto/cmake)
[0.795s] -- Added test 'cppcheck' to perform static code analysis on C / C++ code
[0.795s] -- Configured cppcheck include dirs: 
[0.795s] -- Configured cppcheck exclude dirs and/or files: 
[0.796s] -- Added test 'flake8' to check Python code syntax and style conventions
[0.796s] -- Added test 'lint_cmake' to check CMake code style
[0.796s] -- Added test 'pep257' to check Python code against some of the docstring style conventions in PEP 257
[0.797s] -- Added test 'uncrustify' to check C / C++ code style
[0.797s] -- Configured uncrustify additional arguments: 
[0.797s] -- Added test 'xmllint' to check XML markup files
[0.798s] -- Configuring done
[0.803s] -- Generating done
[0.806s] -- Build files have been written to: /home/shivam/code-masala/ros/missile/MpC/build/visualization_package
[0.812s] Invoked command in '/home/shivam/code-masala/ros/missile/MpC/build/visualization_package' returned '0': CMAKE_PREFIX_PATH=${CMAKE_PREFIX_PATH}:/opt/ros/humble /usr/bin/cmake /home/shivam/code-masala/ros/missile/MpC/visualization_package -DCMAKE_INSTALL_PREFIX=/home/shivam/code-masala/ros/missile/MpC/install/visualization_package
[0.814s] Invoking command in '/home/shivam/code-masala/ros/missile/MpC/build/visualization_package': CMAKE_PREFIX_PATH=${CMAKE_PREFIX_PATH}:/opt/ros/humble /usr/bin/cmake --build /home/shivam/code-masala/ros/missile/MpC/build/visualization_package -- -j16 -l16
[0.856s] [ 50%] [32mBuilding CXX object CMakeFiles/path_visualizer.dir/src/simu.cpp.o[0m
[3.937s] [100%] [32m[1mLinking CXX executable path_visualizer[0m
[4.120s] [100%] Built target path_visualizer
[4.129s] Invoked command in '/home/shivam/code-masala/ros/missile/MpC/build/visualization_package' returned '0': CMAKE_PREFIX_PATH=${CMAKE_PREFIX_PATH}:/opt/ros/humble /usr/bin/cmake --build /home/shivam/code-masala/ros/missile/MpC/build/visualization_package -- -j16 -l16
[4.130s] Invoking command in '/home/shivam/code-masala/ros/missile/MpC/build/visualization_package': CMAKE_PREFIX_PATH=${CMAKE_PREFIX_PATH}:/opt/ros/humble /usr/bin/cmake --install /home/shivam/code-masala/ros/missile/MpC/build/visualization_package
[4.137s] -- Install configuration: ""
[4.137s] -- Installing: /home/shivam/code-masala/ros/missile/MpC/install/visualization_package/lib/visualization_package/path_visualizer
[4.137s] -- Set runtime path of "/home/shivam/code-masala/ros/missile/MpC/install/visualization_package/lib/visualization_package/path_visualizer" to ""
[4.137s] -- Installing: /home/shivam/code-masala/ros/missile/MpC/install/visualization_package/share/visualization_package/
[4.137s] -- Installing: /home/shivam/code-masala/ros/missile/MpC/install/visualization_package/share/visualization_package//path_visualizer.launch.py
[4.138s] -- Installing: /home/shivam/code-masala/ros/missile/MpC/install/visualization_package/share/ament_index/resource_index/package_run_dependencies/visualization_package
[4.138s] -- Installing: /home/shivam/code-masala/ros/missile/MpC/install/visualization_package/share/ament_index/resource_index/parent_prefix_path/visualization_package
[4.138s] -- Installing: /home/shivam/code-masala/ros/missile/MpC/install/visualization_package/share/visualization_package/environment/ament_prefix_path.sh
[4.138s] -- Installing: /home/shivam/code-masala/ros/missile/MpC/install/visualization_package/share/visualization_package/environment/ament_prefix_path.dsv
[4.138s] -- Installing: /home/shivam/code-masala/ros/missile/MpC/install/visualization_package/share/visualization_package/environment/path.sh
[4.138s] -- Installing: /home/shivam/code-masala/ros/missile/MpC/install/visualization_package/share/visualization_package/environment/path.dsv
[4.138s] -- Installing: /home/shivam/code-masala/ros/missile/MpC/install/visualization_package/share/visualization_package/local_setup.bash
[4.138s] -- Installing: /home/shivam/code-masala/ros/missile/MpC/install/visualization_package/share/visualization_package/local_setup.sh
[4.138s] -- Installing: /home/shivam/code-masala/ros/missile/MpC/install/visualization_package/share/visualization_package/local_setup.zsh
[4.138s] -- Installing: /home/shivam/code-masala/ros/missile/MpC/install/visualization_package/share/visualization_package/local_setup.dsv
[4.138s] -- Installing: /home/shivam/code-masala/ros/missile/MpC/install/visualization_package/share/visualization_package/package.dsv
[4.138s] -- Installing: /home/shivam/code-masala/ros/missile/MpC/install/visualization_package/share/ament_index/resource_index/packages/visualization_package
[4.138s] -- Installing: /home/shivam/code-masala/ros/missile/MpC/install/visualization_package/share/visualization_package/cmake/visualization_packageConfig.cmake
[4.138s] -- Installing: /home/shivam/code-masala/ros/missile/MpC/install/visualization_package/share/visualization_package/cmake/visualization_packageConfig-version.cmake
[4.138s] -- Installing: /home/shivam/code-masala/ros/missile/MpC/install/visualization_package/share/visualization_package/package.xml
[4.140s] Invoked command in '/home/shivam/code-masala/ros/missile/MpC/build/visualization_package' returned '0': CMAKE_PREFIX_PATH=${CMAKE_PREFIX_PATH}:/opt/ros/humble /usr/bin/cmake --install /home/shivam/code-masala/ros/missile/MpC/build/visualization_package
