-- Found ament_cmake: 1.3.11 (/opt/ros/humble/share/ament_cmake/cmake)
-- Found rclcpp: 16.0.11 (/opt/ros/humble/share/rclcpp/cmake)
-- Found rosidl_generator_c: 3.1.6 (/opt/ros/humble/share/rosidl_generator_c/cmake)
-- Found rosidl_adapter: 3.1.6 (/opt/ros/humble/share/rosidl_adapter/cmake)
-- Found rosidl_generator_cpp: 3.1.6 (/opt/ros/humble/share/rosidl_generator_cpp/cmake)
-- Using all available rosidl_typesupport_c: rosidl_typesupport_fastrtps_c;rosidl_typesupport_introspection_c
-- Using all available rosidl_typesupport_cpp: rosidl_typesupport_fastrtps_cpp;rosidl_typesupport_introspection_cpp
-- Found rmw_implementation_cmake: 6.1.2 (/opt/ros/humble/share/rmw_implementation_cmake/cmake)
-- Found rmw_fastrtps_cpp: 6.2.7 (/opt/ros/humble/share/rmw_fastrtps_cpp/cmake)
-- Using RMW implementation 'rmw_fastrtps_cpp' as default
-- Found visualization_msgs: 4.2.4 (/opt/ros/humble/share/visualization_msgs/cmake)
-- Found ament_lint_auto: 0.12.11 (/opt/ros/humble/share/ament_lint_auto/cmake)
-- Added test 'cppcheck' to perform static code analysis on C / C++ code
-- Configured cppcheck include dirs: 
-- Configured cppcheck exclude dirs and/or files: 
-- Added test 'flake8' to check Python code syntax and style conventions
-- Added test 'lint_cmake' to check CMake code style
-- Added test 'pep257' to check Python code against some of the docstring style conventions in PEP 257
-- Added test 'uncrustify' to check C / C++ code style
-- Configured uncrustify additional arguments: 
-- Added test 'xmllint' to check XML markup files
-- Configuring done
-- Generating done
-- Build files have been written to: /home/shivam/code-masala/ros/missile/MpC/build/car_path_simulation
[ 50%] [32mBuilding CXX object CMakeFiles/path_publisher.dir/src/path_publisher.cpp.o[0m
[100%] [32m[1mLinking CXX executable path_publisher[0m
[100%] Built target path_publisher
-- Install configuration: ""
-- Installing: /home/shivam/code-masala/ros/missile/MpC/install/car_path_simulation/lib/car_path_simulation/path_publisher
-- Set runtime path of "/home/shivam/code-masala/ros/missile/MpC/install/car_path_simulation/lib/car_path_simulation/path_publisher" to ""
-- Up-to-date: /home/shivam/code-masala/ros/missile/MpC/install/car_path_simulation/share/ament_index/resource_index/package_run_dependencies/car_path_simulation
-- Installing: /home/shivam/code-masala/ros/missile/MpC/install/car_path_simulation/share/ament_index/resource_index/parent_prefix_path/car_path_simulation
-- Up-to-date: /home/shivam/code-masala/ros/missile/MpC/install/car_path_simulation/share/car_path_simulation/environment/ament_prefix_path.sh
-- Installing: /home/shivam/code-masala/ros/missile/MpC/install/car_path_simulation/share/car_path_simulation/environment/ament_prefix_path.dsv
-- Up-to-date: /home/shivam/code-masala/ros/missile/MpC/install/car_path_simulation/share/car_path_simulation/environment/path.sh
-- Installing: /home/shivam/code-masala/ros/missile/MpC/install/car_path_simulation/share/car_path_simulation/environment/path.dsv
-- Up-to-date: /home/shivam/code-masala/ros/missile/MpC/install/car_path_simulation/share/car_path_simulation/local_setup.bash
-- Up-to-date: /home/shivam/code-masala/ros/missile/MpC/install/car_path_simulation/share/car_path_simulation/local_setup.sh
-- Up-to-date: /home/shivam/code-masala/ros/missile/MpC/install/car_path_simulation/share/car_path_simulation/local_setup.zsh
-- Installing: /home/shivam/code-masala/ros/missile/MpC/install/car_path_simulation/share/car_path_simulation/local_setup.dsv
-- Installing: /home/shivam/code-masala/ros/missile/MpC/install/car_path_simulation/share/car_path_simulation/package.dsv
-- Up-to-date: /home/shivam/code-masala/ros/missile/MpC/install/car_path_simulation/share/ament_index/resource_index/packages/car_path_simulation
-- Up-to-date: /home/shivam/code-masala/ros/missile/MpC/install/car_path_simulation/share/car_path_simulation/cmake/car_path_simulationConfig.cmake
-- Up-to-date: /home/shivam/code-masala/ros/missile/MpC/install/car_path_simulation/share/car_path_simulation/cmake/car_path_simulationConfig-version.cmake
-- Up-to-date: /home/shivam/code-masala/ros/missile/MpC/install/car_path_simulation/share/car_path_simulation/package.xml
