[0.010s] Invoking command in '/home/shivam/code-masala/ros/missile/MpC/build/visualization_package': CMAKE_PREFIX_PATH=${CMAKE_PREFIX_PATH}:/opt/ros/humble /usr/bin/cmake --build /home/shivam/code-masala/ros/missile/MpC/build/visualization_package -- -j16 -l16
[0.050s] [100%] Built target path_visualizer
[0.066s] Invoked command in '/home/shivam/code-masala/ros/missile/MpC/build/visualization_package' returned '0': CMAKE_PREFIX_PATH=${CMAKE_PREFIX_PATH}:/opt/ros/humble /usr/bin/cmake --build /home/shivam/code-masala/ros/missile/MpC/build/visualization_package -- -j16 -l16
[0.067s] Invoking command in '/home/shivam/code-masala/ros/missile/MpC/build/visualization_package': CMAKE_PREFIX_PATH=${CMAKE_PREFIX_PATH}:/opt/ros/humble /usr/bin/cmake --install /home/shivam/code-masala/ros/missile/MpC/build/visualization_package
[0.072s] -- Install configuration: ""
[0.072s] -- Up-to-date: /home/shivam/code-masala/ros/missile/MpC/install/visualization_package/lib/visualization_package/path_visualizer
[0.072s] -- Up-to-date: /home/shivam/code-masala/ros/missile/MpC/install/visualization_package/share/visualization_package/
[0.073s] -- Up-to-date: /home/shivam/code-masala/ros/missile/MpC/install/visualization_package/share/visualization_package//path_visualizer.launch.py
[0.073s] -- Up-to-date: /home/shivam/code-masala/ros/missile/MpC/install/visualization_package/share/ament_index/resource_index/package_run_dependencies/visualization_package
[0.073s] -- Up-to-date: /home/shivam/code-masala/ros/missile/MpC/install/visualization_package/share/ament_index/resource_index/parent_prefix_path/visualization_package
[0.073s] -- Up-to-date: /home/shivam/code-masala/ros/missile/MpC/install/visualization_package/share/visualization_package/environment/ament_prefix_path.sh
[0.073s] -- Up-to-date: /home/shivam/code-masala/ros/missile/MpC/install/visualization_package/share/visualization_package/environment/ament_prefix_path.dsv
[0.073s] -- Up-to-date: /home/shivam/code-masala/ros/missile/MpC/install/visualization_package/share/visualization_package/environment/path.sh
[0.073s] -- Up-to-date: /home/shivam/code-masala/ros/missile/MpC/install/visualization_package/share/visualization_package/environment/path.dsv
[0.073s] -- Up-to-date: /home/shivam/code-masala/ros/missile/MpC/install/visualization_package/share/visualization_package/local_setup.bash
[0.073s] -- Up-to-date: /home/shivam/code-masala/ros/missile/MpC/install/visualization_package/share/visualization_package/local_setup.sh
[0.073s] -- Up-to-date: /home/shivam/code-masala/ros/missile/MpC/install/visualization_package/share/visualization_package/local_setup.zsh
[0.073s] -- Up-to-date: /home/shivam/code-masala/ros/missile/MpC/install/visualization_package/share/visualization_package/local_setup.dsv
[0.074s] -- Installing: /home/shivam/code-masala/ros/missile/MpC/install/visualization_package/share/visualization_package/package.dsv
[0.074s] -- Up-to-date: /home/shivam/code-masala/ros/missile/MpC/install/visualization_package/share/ament_index/resource_index/packages/visualization_package
[0.074s] -- Up-to-date: /home/shivam/code-masala/ros/missile/MpC/install/visualization_package/share/visualization_package/cmake/visualization_packageConfig.cmake
[0.074s] -- Up-to-date: /home/shivam/code-masala/ros/missile/MpC/install/visualization_package/share/visualization_package/cmake/visualization_packageConfig-version.cmake
[0.074s] -- Up-to-date: /home/shivam/code-masala/ros/missile/MpC/install/visualization_package/share/visualization_package/package.xml
[0.084s] Invoked command in '/home/shivam/code-masala/ros/missile/MpC/build/visualization_package' returned '0': CMAKE_PREFIX_PATH=${CMAKE_PREFIX_PATH}:/opt/ros/humble /usr/bin/cmake --install /home/shivam/code-masala/ros/missile/MpC/build/visualization_package
