[01m[K/home/shivam/code-masala/ros/missile/src/occupancy/src/subscriber.cpp:[m[K In member function ‘[01m[Kvoid OccupancyMatrixSub::topic_callback(std_msgs::msg::String_<std::allocator<void> >::SharedPtr)[m[K’:
[01m[K/home/shivam/code-masala/ros/missile/src/occupancy/src/subscriber.cpp:24:54:[m[K [01;31m[Kerror: [m[K‘[01m[KfindSquareTargets[m[K’ was not declared in this scope
   24 |         vector<vector<pair<int, int>>> coordinates = [01;31m[KfindSquareTargets[m[K(msg->data.c_str());
      |                                                      [01;31m[K^~~~~~~~~~~~~~~~~[m[K
In file included from [01m[K/opt/ros/humble/include/rclcpp/rclcpp/client.hpp:40[m[K,
                 from [01m[K/opt/ros/humble/include/rclcpp/rclcpp/callback_group.hpp:24[m[K,
                 from [01m[K/opt/ros/humble/include/rclcpp/rclcpp/any_executable.hpp:20[m[K,
                 from [01m[K/opt/ros/humble/include/rclcpp/rclcpp/memory_strategy.hpp:25[m[K,
                 from [01m[K/opt/ros/humble/include/rclcpp/rclcpp/memory_strategies.hpp:18[m[K,
                 from [01m[K/opt/ros/humble/include/rclcpp/rclcpp/executor_options.hpp:20[m[K,
                 from [01m[K/opt/ros/humble/include/rclcpp/rclcpp/executor.hpp:37[m[K,
                 from [01m[K/opt/ros/humble/include/rclcpp/rclcpp/executors/multi_threaded_executor.hpp:25[m[K,
                 from [01m[K/opt/ros/humble/include/rclcpp/rclcpp/executors.hpp:21[m[K,
                 from [01m[K/opt/ros/humble/include/rclcpp/rclcpp/rclcpp.hpp:155[m[K,
                 from [01m[K/home/shivam/code-masala/ros/missile/src/occupancy/src/subscriber.cpp:1[m[K:
[01m[K/home/shivam/code-masala/ros/missile/src/occupancy/src/subscriber.cpp:[m[K In function ‘[01m[Kstd::vector<std::pair<int, int> > findSquareTargets(std::string)[m[K’:
[01m[K/home/shivam/code-masala/ros/missile/src/occupancy/src/subscriber.cpp:53:17:[m[K [01;31m[Kerror: [m[Kinvalid use of ‘[01m[Kthis[m[K’ in non-member function
   53 |     RCLCPP_INFO([01;31m[Kthis[m[K->get_logger(), "continous occupancy grid:\n%s", grid.c_str());
      |                 [01;31m[K^~~~[m[K
[01m[K/home/shivam/code-masala/ros/missile/src/occupancy/src/subscriber.cpp:53:17:[m[K [01;31m[Kerror: [m[Kinvalid use of ‘[01m[Kthis[m[K’ in non-member function
[01m[K/home/shivam/code-masala/ros/missile/src/occupancy/src/subscriber.cpp:53:5:[m[K [01;31m[Kerror: [m[Ktemplate argument 1 is invalid
   53 |     [01;31m[KRCLCPP_INFO[m[K(this->get_logger(), "continous occupancy grid:\n%s", grid.c_str());
      |     [01;31m[K^~~~~~~~~~~[m[K
[01m[K/home/shivam/code-masala/ros/missile/src/occupancy/src/subscriber.cpp:53:5:[m[K [01;31m[Kerror: [m[Ktemplate argument 1 is invalid
   53 |     [01;31m[KRCLCPP_INFO[m[K(this->get_logger(), "continous occupancy grid:\n%s", grid.c_str());
      |     [01;31m[K^~~~~~~~~~~[m[K
[01m[K/home/shivam/code-masala/ros/missile/src/occupancy/src/subscriber.cpp:53:5:[m[K [01;31m[Kerror: [m[Ktemplate argument 1 is invalid
   53 |     [01;31m[KRCLCPP_INFO[m[K(this->get_logger(), "continous occupancy grid:\n%s", grid.c_str());
      |     [01;31m[K^~~~~~~~~~~[m[K
In file included from [01m[K/opt/ros/humble/include/rclcpp/rclcpp/logging.hpp:24[m[K,
                 from [01m[K/opt/ros/humble/include/rclcpp/rclcpp/client.hpp:40[m[K,
                 from [01m[K/opt/ros/humble/include/rclcpp/rclcpp/callback_group.hpp:24[m[K,
                 from [01m[K/opt/ros/humble/include/rclcpp/rclcpp/any_executable.hpp:20[m[K,
                 from [01m[K/opt/ros/humble/include/rclcpp/rclcpp/memory_strategy.hpp:25[m[K,
                 from [01m[K/opt/ros/humble/include/rclcpp/rclcpp/memory_strategies.hpp:18[m[K,
                 from [01m[K/opt/ros/humble/include/rclcpp/rclcpp/executor_options.hpp:20[m[K,
                 from [01m[K/opt/ros/humble/include/rclcpp/rclcpp/executor.hpp:37[m[K,
                 from [01m[K/opt/ros/humble/include/rclcpp/rclcpp/executors/multi_threaded_executor.hpp:25[m[K,
                 from [01m[K/opt/ros/humble/include/rclcpp/rclcpp/executors.hpp:21[m[K,
                 from [01m[K/opt/ros/humble/include/rclcpp/rclcpp/rclcpp.hpp:155[m[K,
                 from [01m[K/home/shivam/code-masala/ros/missile/src/occupancy/src/subscriber.cpp:1[m[K:
[01m[K/home/shivam/code-masala/ros/missile/src/occupancy/src/subscriber.cpp:53:17:[m[K [01;31m[Kerror: [m[Kinvalid use of ‘[01m[Kthis[m[K’ in non-member function
   53 |     RCLCPP_INFO([01;31m[Kthis[m[K->get_logger(), "continous occupancy grid:\n%s", grid.c_str());
      |                 [01;31m[K^~~~[m[K
[01m[K/home/shivam/code-masala/ros/missile/src/occupancy/src/subscriber.cpp:53:17:[m[K [01;31m[Kerror: [m[Kinvalid use of ‘[01m[Kthis[m[K’ in non-member function
   53 |     RCLCPP_INFO([01;31m[Kthis[m[K->get_logger(), "continous occupancy grid:\n%s", grid.c_str());
      |                 [01;31m[K^~~~[m[K
In file included from [01m[K/opt/ros/humble/include/rclcpp/rclcpp/client.hpp:40[m[K,
                 from [01m[K/opt/ros/humble/include/rclcpp/rclcpp/callback_group.hpp:24[m[K,
                 from [01m[K/opt/ros/humble/include/rclcpp/rclcpp/any_executable.hpp:20[m[K,
                 from [01m[K/opt/ros/humble/include/rclcpp/rclcpp/memory_strategy.hpp:25[m[K,
                 from [01m[K/opt/ros/humble/include/rclcpp/rclcpp/memory_strategies.hpp:18[m[K,
                 from [01m[K/opt/ros/humble/include/rclcpp/rclcpp/executor_options.hpp:20[m[K,
                 from [01m[K/opt/ros/humble/include/rclcpp/rclcpp/executor.hpp:37[m[K,
                 from [01m[K/opt/ros/humble/include/rclcpp/rclcpp/executors/multi_threaded_executor.hpp:25[m[K,
                 from [01m[K/opt/ros/humble/include/rclcpp/rclcpp/executors.hpp:21[m[K,
                 from [01m[K/opt/ros/humble/include/rclcpp/rclcpp/rclcpp.hpp:155[m[K,
                 from [01m[K/home/shivam/code-masala/ros/missile/src/occupancy/src/subscriber.cpp:1[m[K:
[01m[K/home/shivam/code-masala/ros/missile/src/occupancy/src/subscriber.cpp:54:17:[m[K [01;31m[Kerror: [m[Kinvalid use of ‘[01m[Kthis[m[K’ in non-member function
   54 |     RCLCPP_INFO([01;31m[Kthis[m[K->get_logger(), "grid size is :%s", grid..size());
      |                 [01;31m[K^~~~[m[K
[01m[K/home/shivam/code-masala/ros/missile/src/occupancy/src/subscriber.cpp:54:17:[m[K [01;31m[Kerror: [m[Kinvalid use of ‘[01m[Kthis[m[K’ in non-member function
[01m[K/home/shivam/code-masala/ros/missile/src/occupancy/src/subscriber.cpp:54:5:[m[K [01;31m[Kerror: [m[Ktemplate argument 1 is invalid
   54 |     [01;31m[KRCLCPP_INFO[m[K(this->get_logger(), "grid size is :%s", grid..size());
      |     [01;31m[K^~~~~~~~~~~[m[K
[01m[K/home/shivam/code-masala/ros/missile/src/occupancy/src/subscriber.cpp:54:5:[m[K [01;31m[Kerror: [m[Ktemplate argument 1 is invalid
   54 |     [01;31m[KRCLCPP_INFO[m[K(this->get_logger(), "grid size is :%s", grid..size());
      |     [01;31m[K^~~~~~~~~~~[m[K
[01m[K/home/shivam/code-masala/ros/missile/src/occupancy/src/subscriber.cpp:54:5:[m[K [01;31m[Kerror: [m[Ktemplate argument 1 is invalid
   54 |     [01;31m[KRCLCPP_INFO[m[K(this->get_logger(), "grid size is :%s", grid..size());
      |     [01;31m[K^~~~~~~~~~~[m[K
In file included from [01m[K/opt/ros/humble/include/rclcpp/rclcpp/logging.hpp:24[m[K,
                 from [01m[K/opt/ros/humble/include/rclcpp/rclcpp/client.hpp:40[m[K,
                 from [01m[K/opt/ros/humble/include/rclcpp/rclcpp/callback_group.hpp:24[m[K,
                 from [01m[K/opt/ros/humble/include/rclcpp/rclcpp/any_executable.hpp:20[m[K,
                 from [01m[K/opt/ros/humble/include/rclcpp/rclcpp/memory_strategy.hpp:25[m[K,
                 from [01m[K/opt/ros/humble/include/rclcpp/rclcpp/memory_strategies.hpp:18[m[K,
                 from [01m[K/opt/ros/humble/include/rclcpp/rclcpp/executor_options.hpp:20[m[K,
                 from [01m[K/opt/ros/humble/include/rclcpp/rclcpp/executor.hpp:37[m[K,
                 from [01m[K/opt/ros/humble/include/rclcpp/rclcpp/executors/multi_threaded_executor.hpp:25[m[K,
                 from [01m[K/opt/ros/humble/include/rclcpp/rclcpp/executors.hpp:21[m[K,
                 from [01m[K/opt/ros/humble/include/rclcpp/rclcpp/rclcpp.hpp:155[m[K,
                 from [01m[K/home/shivam/code-masala/ros/missile/src/occupancy/src/subscriber.cpp:1[m[K:
[01m[K/home/shivam/code-masala/ros/missile/src/occupancy/src/subscriber.cpp:54:17:[m[K [01;31m[Kerror: [m[Kinvalid use of ‘[01m[Kthis[m[K’ in non-member function
   54 |     RCLCPP_INFO([01;31m[Kthis[m[K->get_logger(), "grid size is :%s", grid..size());
      |                 [01;31m[K^~~~[m[K
[01m[K/home/shivam/code-masala/ros/missile/src/occupancy/src/subscriber.cpp:54:17:[m[K [01;31m[Kerror: [m[Kinvalid use of ‘[01m[Kthis[m[K’ in non-member function
   54 |     RCLCPP_INFO([01;31m[Kthis[m[K->get_logger(), "grid size is :%s", grid..size());
      |                 [01;31m[K^~~~[m[K
[01m[K/home/shivam/code-masala/ros/missile/src/occupancy/src/subscriber.cpp:54:62:[m[K [01;31m[Kerror: [m[Kexpected unqualified-id before ‘[01m[K.[m[K’ token
   54 |     RCLCPP_INFO(this->get_logger(), "grid size is :%s", grid.[01;31m[K.[m[Ksize());
      |                                                              [01;31m[K^[m[K
[01m[K/home/shivam/code-masala/ros/missile/src/occupancy/src/subscriber.cpp:73:21:[m[K [01;31m[Kerror: [m[K‘[01m[Kcoordinates[m[K’ was not declared in this scope
   73 |                     [01;31m[Kcoordinates[m[K.push_back(row,col);
      |                     [01;31m[K^~~~~~~~~~~[m[K
[01m[K/home/shivam/code-masala/ros/missile/src/occupancy/src/subscriber.cpp:77:1:[m[K [01;35m[Kwarning: [m[Kno return statement in function returning non-void [[01;35m[K]8;;https://gcc.gnu.org/onlinedocs/gcc/Warning-Options.html#index-Wreturn-type-Wreturn-type]8;;[m[K]
   77 | [01;35m[K}[m[K
      | [01;35m[K^[m[K
gmake[2]: *** [CMakeFiles/listener.dir/build.make:76: CMakeFiles/listener.dir/src/subscriber.cpp.o] Error 1
gmake[1]: *** [CMakeFiles/Makefile2:165: CMakeFiles/listener.dir/all] Error 2
gmake: *** [Makefile:146: all] Error 2
