[0.007s] Invoking command in '/home/shivam/code-masala/ros/missile/src/occupancy/build/occupancy': CMAKE_PREFIX_PATH=${CMAKE_PREFIX_PATH}:/opt/ros/humble /usr/bin/cmake /home/shivam/code-masala/ros/missile/src/occupancy -DCMAKE_INSTALL_PREFIX=/home/shivam/code-masala/ros/missile/src/occupancy/install/occupancy
[0.080s] -- The C compiler identification is GNU 11.4.0
[0.141s] -- The CXX compiler identification is GNU 11.4.0
[0.149s] -- Detecting C compiler ABI info
[0.231s] -- Detecting C compiler ABI info - done
[0.236s] -- Check for working C compiler: /usr/bin/cc - skipped
[0.237s] -- Detecting C compile features
[0.238s] -- Detecting C compile features - done
[0.241s] -- Detecting CXX compiler ABI info
[0.328s] -- Detecting CXX compiler ABI info - done
[0.335s] -- Check for working CXX compiler: /usr/bin/c++ - skipped
[0.335s] -- Detecting CXX compile features
[0.336s] -- Detecting CXX compile features - done
[0.339s] -- Found ament_cmake: 1.3.11 (/opt/ros/humble/share/ament_cmake/cmake)
[0.449s] -- Found Python3: /usr/bin/python3 (found version "3.10.12") found components: Interpreter 
[0.523s] -- Found rclcpp: 16.0.11 (/opt/ros/humble/share/rclcpp/cmake)
[0.554s] -- Found rosidl_generator_c: 3.1.6 (/opt/ros/humble/share/rosidl_generator_c/cmake)
[0.558s] -- Found rosidl_adapter: 3.1.6 (/opt/ros/humble/share/rosidl_adapter/cmake)
[0.564s] -- Found rosidl_generator_cpp: 3.1.6 (/opt/ros/humble/share/rosidl_generator_cpp/cmake)
[0.573s] -- Using all available rosidl_typesupport_c: rosidl_typesupport_fastrtps_c;rosidl_typesupport_introspection_c
[0.585s] -- Using all available rosidl_typesupport_cpp: rosidl_typesupport_fastrtps_cpp;rosidl_typesupport_introspection_cpp
[0.618s] -- Found rmw_implementation_cmake: 6.1.2 (/opt/ros/humble/share/rmw_implementation_cmake/cmake)
[0.620s] -- Found rmw_fastrtps_cpp: 6.2.7 (/opt/ros/humble/share/rmw_fastrtps_cpp/cmake)
[0.698s] -- Found OpenSSL: /usr/lib/x86_64-linux-gnu/libcrypto.so (found version "3.0.2")  
[0.724s] -- Found FastRTPS: /opt/ros/humble/include  
[0.755s] -- Using RMW implementation 'rmw_fastrtps_cpp' as default
[0.766s] -- Looking for pthread.h
[0.840s] -- Looking for pthread.h - found
[0.840s] -- Performing Test CMAKE_HAVE_LIBC_PTHREAD
[0.918s] -- Performing Test CMAKE_HAVE_LIBC_PTHREAD - Success
[0.919s] -- Found Threads: TRUE  
[0.961s] -- Found ament_lint_auto: 0.12.11 (/opt/ros/humble/share/ament_lint_auto/cmake)
[1.020s] -- Added test 'copyright' to check source files copyright and LICENSE
[1.023s] -- Added test 'cppcheck' to perform static code analysis on C / C++ code
[1.023s] -- Configured cppcheck include dirs: 
[1.023s] -- Configured cppcheck exclude dirs and/or files: 
[1.027s] -- Added test 'cpplint' to check C / C++ code against the Google style
[1.027s] -- Configured cpplint exclude dirs and/or files: 
[1.028s] -- Added test 'lint_cmake' to check CMake code style
[1.031s] -- Added test 'uncrustify' to check C / C++ code style
[1.031s] -- Configured uncrustify additional arguments: 
[1.032s] -- Added test 'xmllint' to check XML markup files
[1.033s] -- Configuring done
[1.040s] -- Generating done
[1.043s] -- Build files have been written to: /home/shivam/code-masala/ros/missile/src/occupancy/build/occupancy
[1.050s] Invoked command in '/home/shivam/code-masala/ros/missile/src/occupancy/build/occupancy' returned '0': CMAKE_PREFIX_PATH=${CMAKE_PREFIX_PATH}:/opt/ros/humble /usr/bin/cmake /home/shivam/code-masala/ros/missile/src/occupancy -DCMAKE_INSTALL_PREFIX=/home/shivam/code-masala/ros/missile/src/occupancy/install/occupancy
[1.051s] Invoking command in '/home/shivam/code-masala/ros/missile/src/occupancy/build/occupancy': CMAKE_PREFIX_PATH=${CMAKE_PREFIX_PATH}:/opt/ros/humble /usr/bin/cmake --build /home/shivam/code-masala/ros/missile/src/occupancy/build/occupancy -- -j16 -l16
[1.108s] [ 25%] [32mBuilding CXX object CMakeFiles/listener.dir/src/subscriber.cpp.o[0m
[1.108s] [ 50%] [32mBuilding CXX object CMakeFiles/talker.dir/src/occupancyPub.cpp.o[0m
[2.645s] [01m[K/home/shivam/code-masala/ros/missile/src/occupancy/src/subscriber.cpp:[m[K In member function ‘[01m[Kvoid OccupancyMatrixSub::topic_callback(std_msgs::msg::String_<std::allocator<void> >::SharedPtr)[m[K’:
[2.645s] [01m[K/home/shivam/code-masala/ros/missile/src/occupancy/src/subscriber.cpp:24:54:[m[K [01;31m[Kerror: [m[K‘[01m[KfindSquareTargets[m[K’ was not declared in this scope
[2.645s]    24 |         vector<vector<pair<int, int>>> coordinates = [01;31m[KfindSquareTargets[m[K(msg->data.c_str());
[2.645s]       |                                                      [01;31m[K^~~~~~~~~~~~~~~~~[m[K
[2.649s] In file included from [01m[K/opt/ros/humble/include/rclcpp/rclcpp/client.hpp:40[m[K,
[2.649s]                  from [01m[K/opt/ros/humble/include/rclcpp/rclcpp/callback_group.hpp:24[m[K,
[2.650s]                  from [01m[K/opt/ros/humble/include/rclcpp/rclcpp/any_executable.hpp:20[m[K,
[2.650s]                  from [01m[K/opt/ros/humble/include/rclcpp/rclcpp/memory_strategy.hpp:25[m[K,
[2.650s]                  from [01m[K/opt/ros/humble/include/rclcpp/rclcpp/memory_strategies.hpp:18[m[K,
[2.650s]                  from [01m[K/opt/ros/humble/include/rclcpp/rclcpp/executor_options.hpp:20[m[K,
[2.650s]                  from [01m[K/opt/ros/humble/include/rclcpp/rclcpp/executor.hpp:37[m[K,
[2.650s]                  from [01m[K/opt/ros/humble/include/rclcpp/rclcpp/executors/multi_threaded_executor.hpp:25[m[K,
[2.650s]                  from [01m[K/opt/ros/humble/include/rclcpp/rclcpp/executors.hpp:21[m[K,
[2.650s]                  from [01m[K/opt/ros/humble/include/rclcpp/rclcpp/rclcpp.hpp:155[m[K,
[2.650s]                  from [01m[K/home/shivam/code-masala/ros/missile/src/occupancy/src/subscriber.cpp:1[m[K:
[2.650s] [01m[K/home/shivam/code-masala/ros/missile/src/occupancy/src/subscriber.cpp:[m[K In function ‘[01m[Kstd::vector<std::pair<int, int> > findSquareTargets(std::string)[m[K’:
[2.650s] [01m[K/home/shivam/code-masala/ros/missile/src/occupancy/src/subscriber.cpp:53:17:[m[K [01;31m[Kerror: [m[Kinvalid use of ‘[01m[Kthis[m[K’ in non-member function
[2.650s]    53 |     RCLCPP_INFO([01;31m[Kthis[m[K->get_logger(), "continous occupancy grid:\n%s", grid.c_str());
[2.650s]       |                 [01;31m[K^~~~[m[K
[2.650s] [01m[K/home/shivam/code-masala/ros/missile/src/occupancy/src/subscriber.cpp:53:17:[m[K [01;31m[Kerror: [m[Kinvalid use of ‘[01m[Kthis[m[K’ in non-member function
[2.650s] [01m[K/home/shivam/code-masala/ros/missile/src/occupancy/src/subscriber.cpp:53:5:[m[K [01;31m[Kerror: [m[Ktemplate argument 1 is invalid
[2.650s]    53 |     [01;31m[KRCLCPP_INFO[m[K(this->get_logger(), "continous occupancy grid:\n%s", grid.c_str());
[2.651s]       |     [01;31m[K^~~~~~~~~~~[m[K
[2.651s] [01m[K/home/shivam/code-masala/ros/missile/src/occupancy/src/subscriber.cpp:53:5:[m[K [01;31m[Kerror: [m[Ktemplate argument 1 is invalid
[2.651s]    53 |     [01;31m[KRCLCPP_INFO[m[K(this->get_logger(), "continous occupancy grid:\n%s", grid.c_str());
[2.651s]       |     [01;31m[K^~~~~~~~~~~[m[K
[2.651s] [01m[K/home/shivam/code-masala/ros/missile/src/occupancy/src/subscriber.cpp:53:5:[m[K [01;31m[Kerror: [m[Ktemplate argument 1 is invalid
[2.651s]    53 |     [01;31m[KRCLCPP_INFO[m[K(this->get_logger(), "continous occupancy grid:\n%s", grid.c_str());
[2.651s]       |     [01;31m[K^~~~~~~~~~~[m[K
[2.651s] In file included from [01m[K/opt/ros/humble/include/rclcpp/rclcpp/logging.hpp:24[m[K,
[2.651s]                  from [01m[K/opt/ros/humble/include/rclcpp/rclcpp/client.hpp:40[m[K,
[2.651s]                  from [01m[K/opt/ros/humble/include/rclcpp/rclcpp/callback_group.hpp:24[m[K,
[2.651s]                  from [01m[K/opt/ros/humble/include/rclcpp/rclcpp/any_executable.hpp:20[m[K,
[2.651s]                  from [01m[K/opt/ros/humble/include/rclcpp/rclcpp/memory_strategy.hpp:25[m[K,
[2.651s]                  from [01m[K/opt/ros/humble/include/rclcpp/rclcpp/memory_strategies.hpp:18[m[K,
[2.651s]                  from [01m[K/opt/ros/humble/include/rclcpp/rclcpp/executor_options.hpp:20[m[K,
[2.651s]                  from [01m[K/opt/ros/humble/include/rclcpp/rclcpp/executor.hpp:37[m[K,
[2.651s]                  from [01m[K/opt/ros/humble/include/rclcpp/rclcpp/executors/multi_threaded_executor.hpp:25[m[K,
[2.651s]                  from [01m[K/opt/ros/humble/include/rclcpp/rclcpp/executors.hpp:21[m[K,
[2.652s]                  from [01m[K/opt/ros/humble/include/rclcpp/rclcpp/rclcpp.hpp:155[m[K,
[2.652s]                  from [01m[K/home/shivam/code-masala/ros/missile/src/occupancy/src/subscriber.cpp:1[m[K:
[2.652s] [01m[K/home/shivam/code-masala/ros/missile/src/occupancy/src/subscriber.cpp:53:17:[m[K [01;31m[Kerror: [m[Kinvalid use of ‘[01m[Kthis[m[K’ in non-member function
[2.652s]    53 |     RCLCPP_INFO([01;31m[Kthis[m[K->get_logger(), "continous occupancy grid:\n%s", grid.c_str());
[2.652s]       |                 [01;31m[K^~~~[m[K
[2.652s] [01m[K/home/shivam/code-masala/ros/missile/src/occupancy/src/subscriber.cpp:53:17:[m[K [01;31m[Kerror: [m[Kinvalid use of ‘[01m[Kthis[m[K’ in non-member function
[2.652s]    53 |     RCLCPP_INFO([01;31m[Kthis[m[K->get_logger(), "continous occupancy grid:\n%s", grid.c_str());
[2.652s]       |                 [01;31m[K^~~~[m[K
[2.652s] In file included from [01m[K/opt/ros/humble/include/rclcpp/rclcpp/client.hpp:40[m[K,
[2.652s]                  from [01m[K/opt/ros/humble/include/rclcpp/rclcpp/callback_group.hpp:24[m[K,
[2.652s]                  from [01m[K/opt/ros/humble/include/rclcpp/rclcpp/any_executable.hpp:20[m[K,
[2.652s]                  from [01m[K/opt/ros/humble/include/rclcpp/rclcpp/memory_strategy.hpp:25[m[K,
[2.652s]                  from [01m[K/opt/ros/humble/include/rclcpp/rclcpp/memory_strategies.hpp:18[m[K,
[2.652s]                  from [01m[K/opt/ros/humble/include/rclcpp/rclcpp/executor_options.hpp:20[m[K,
[2.652s]                  from [01m[K/opt/ros/humble/include/rclcpp/rclcpp/executor.hpp:37[m[K,
[2.652s]                  from [01m[K/opt/ros/humble/include/rclcpp/rclcpp/executors/multi_threaded_executor.hpp:25[m[K,
[2.652s]                  from [01m[K/opt/ros/humble/include/rclcpp/rclcpp/executors.hpp:21[m[K,
[2.653s]                  from [01m[K/opt/ros/humble/include/rclcpp/rclcpp/rclcpp.hpp:155[m[K,
[2.653s]                  from [01m[K/home/shivam/code-masala/ros/missile/src/occupancy/src/subscriber.cpp:1[m[K:
[2.653s] [01m[K/home/shivam/code-masala/ros/missile/src/occupancy/src/subscriber.cpp:54:17:[m[K [01;31m[Kerror: [m[Kinvalid use of ‘[01m[Kthis[m[K’ in non-member function
[2.653s]    54 |     RCLCPP_INFO([01;31m[Kthis[m[K->get_logger(), "grid size is :%s", grid..size());
[2.653s]       |                 [01;31m[K^~~~[m[K
[2.653s] [01m[K/home/shivam/code-masala/ros/missile/src/occupancy/src/subscriber.cpp:54:17:[m[K [01;31m[Kerror: [m[Kinvalid use of ‘[01m[Kthis[m[K’ in non-member function
[2.653s] [01m[K/home/shivam/code-masala/ros/missile/src/occupancy/src/subscriber.cpp:54:5:[m[K [01;31m[Kerror: [m[Ktemplate argument 1 is invalid
[2.653s]    54 |     [01;31m[KRCLCPP_INFO[m[K(this->get_logger(), "grid size is :%s", grid..size());
[2.653s]       |     [01;31m[K^~~~~~~~~~~[m[K
[2.653s] [01m[K/home/shivam/code-masala/ros/missile/src/occupancy/src/subscriber.cpp:54:5:[m[K [01;31m[Kerror: [m[Ktemplate argument 1 is invalid
[2.653s]    54 |     [01;31m[KRCLCPP_INFO[m[K(this->get_logger(), "grid size is :%s", grid..size());
[2.653s]       |     [01;31m[K^~~~~~~~~~~[m[K
[2.653s] [01m[K/home/shivam/code-masala/ros/missile/src/occupancy/src/subscriber.cpp:54:5:[m[K [01;31m[Kerror: [m[Ktemplate argument 1 is invalid
[2.653s]    54 |     [01;31m[KRCLCPP_INFO[m[K(this->get_logger(), "grid size is :%s", grid..size());
[2.653s]       |     [01;31m[K^~~~~~~~~~~[m[K
[2.653s] In file included from [01m[K/opt/ros/humble/include/rclcpp/rclcpp/logging.hpp:24[m[K,
[2.653s]                  from [01m[K/opt/ros/humble/include/rclcpp/rclcpp/client.hpp:40[m[K,
[2.653s]                  from [01m[K/opt/ros/humble/include/rclcpp/rclcpp/callback_group.hpp:24[m[K,
[2.653s]                  from [01m[K/opt/ros/humble/include/rclcpp/rclcpp/any_executable.hpp:20[m[K,
[2.653s]                  from [01m[K/opt/ros/humble/include/rclcpp/rclcpp/memory_strategy.hpp:25[m[K,
[2.653s]                  from [01m[K/opt/ros/humble/include/rclcpp/rclcpp/memory_strategies.hpp:18[m[K,
[2.653s]                  from [01m[K/opt/ros/humble/include/rclcpp/rclcpp/executor_options.hpp:20[m[K,
[2.653s]                  from [01m[K/opt/ros/humble/include/rclcpp/rclcpp/executor.hpp:37[m[K,
[2.653s]                  from [01m[K/opt/ros/humble/include/rclcpp/rclcpp/executors/multi_threaded_executor.hpp:25[m[K,
[2.653s]                  from [01m[K/opt/ros/humble/include/rclcpp/rclcpp/executors.hpp:21[m[K,
[2.653s]                  from [01m[K/opt/ros/humble/include/rclcpp/rclcpp/rclcpp.hpp:155[m[K,
[2.653s]                  from [01m[K/home/shivam/code-masala/ros/missile/src/occupancy/src/subscriber.cpp:1[m[K:
[2.653s] [01m[K/home/shivam/code-masala/ros/missile/src/occupancy/src/subscriber.cpp:54:17:[m[K [01;31m[Kerror: [m[Kinvalid use of ‘[01m[Kthis[m[K’ in non-member function
[2.653s]    54 |     RCLCPP_INFO([01;31m[Kthis[m[K->get_logger(), "grid size is :%s", grid..size());
[2.653s]       |                 [01;31m[K^~~~[m[K
[2.653s] [01m[K/home/shivam/code-masala/ros/missile/src/occupancy/src/subscriber.cpp:54:17:[m[K [01;31m[Kerror: [m[Kinvalid use of ‘[01m[Kthis[m[K’ in non-member function
[2.653s]    54 |     RCLCPP_INFO([01;31m[Kthis[m[K->get_logger(), "grid size is :%s", grid..size());
[2.653s]       |                 [01;31m[K^~~~[m[K
[2.653s] [01m[K/home/shivam/code-masala/ros/missile/src/occupancy/src/subscriber.cpp:54:62:[m[K [01;31m[Kerror: [m[Kexpected unqualified-id before ‘[01m[K.[m[K’ token
[2.653s]    54 |     RCLCPP_INFO(this->get_logger(), "grid size is :%s", grid.[01;31m[K.[m[Ksize());
[2.654s]       |                                                              [01;31m[K^[m[K
[2.654s] [01m[K/home/shivam/code-masala/ros/missile/src/occupancy/src/subscriber.cpp:73:21:[m[K [01;31m[Kerror: [m[K‘[01m[Kcoordinates[m[K’ was not declared in this scope
[2.654s]    73 |                     [01;31m[Kcoordinates[m[K.push_back(row,col);
[2.654s]       |                     [01;31m[K^~~~~~~~~~~[m[K
[2.654s] [01m[K/home/shivam/code-masala/ros/missile/src/occupancy/src/subscriber.cpp:77:1:[m[K [01;35m[Kwarning: [m[Kno return statement in function returning non-void [[01;35m[K]8;;https://gcc.gnu.org/onlinedocs/gcc/Warning-Options.html#index-Wreturn-type-Wreturn-type]8;;[m[K]
[2.654s]    77 | [01;35m[K}[m[K
[2.654s]       | [01;35m[K^[m[K
[3.838s] [ 75%] [32m[1mLinking CXX executable talker[0m
[3.958s] [ 75%] Built target talker
[4.230s] gmake[2]: *** [CMakeFiles/listener.dir/build.make:76: CMakeFiles/listener.dir/src/subscriber.cpp.o] Error 1
[4.230s] gmake[1]: *** [CMakeFiles/Makefile2:165: CMakeFiles/listener.dir/all] Error 2
[4.230s] gmake: *** [Makefile:146: all] Error 2
[4.232s] Invoked command in '/home/shivam/code-masala/ros/missile/src/occupancy/build/occupancy' returned '2': CMAKE_PREFIX_PATH=${CMAKE_PREFIX_PATH}:/opt/ros/humble /usr/bin/cmake --build /home/shivam/code-masala/ros/missile/src/occupancy/build/occupancy -- -j16 -l16
