[0.011s] Invoking command in '/home/shivam/code-masala/ros/missile/MpC/build/car_path_simulation': CMAKE_PREFIX_PATH=${CMAKE_PREFIX_PATH}:/opt/ros/humble VIRTUAL_ENV_PROMPT=(myenv) /usr/bin/cmake --build /home/shivam/code-masala/ros/missile/MpC/build/car_path_simulation -- -j16 -l16
[0.043s] [35m[1mConsolidate compiler generated dependencies of target path_publisher[0m
[0.053s] [100%] Built target path_publisher
[0.069s] Invoked command in '/home/shivam/code-masala/ros/missile/MpC/build/car_path_simulation' returned '0': CMAKE_PREFIX_PATH=${CMAKE_PREFIX_PATH}:/opt/ros/humble VIRTUAL_ENV_PROMPT=(myenv) /usr/bin/cmake --build /home/shivam/code-masala/ros/missile/MpC/build/car_path_simulation -- -j16 -l16
[0.071s] Invoking command in '/home/shivam/code-masala/ros/missile/MpC/build/car_path_simulation': CMAKE_PREFIX_PATH=${CMAKE_PREFIX_PATH}:/opt/ros/humble VIRTUAL_ENV_PROMPT=(myenv) /usr/bin/cmake --install /home/shivam/code-masala/ros/missile/MpC/build/car_path_simulation
[0.074s] -- Install configuration: ""
[0.074s] -- Up-to-date: /home/shivam/code-masala/ros/missile/MpC/install/car_path_simulation/lib/car_path_simulation/path_publisher
[0.074s] -- Up-to-date: /home/shivam/code-masala/ros/missile/MpC/install/car_path_simulation/share/car_path_simulation/launch
[0.074s] -- Up-to-date: /home/shivam/code-masala/ros/missile/MpC/install/car_path_simulation/share/car_path_simulation/launch/path_publisher.launch.py
[0.074s] -- Up-to-date: /home/shivam/code-masala/ros/missile/MpC/install/car_path_simulation/share/car_path_simulation/share
[0.074s] -- Up-to-date: /home/shivam/code-masala/ros/missile/MpC/install/car_path_simulation/share/car_path_simulation/share/path_display.rviz
[0.074s] -- Up-to-date: /home/shivam/code-masala/ros/missile/MpC/install/car_path_simulation/share/ament_index/resource_index/package_run_dependencies/car_path_simulation
[0.074s] -- Up-to-date: /home/shivam/code-masala/ros/missile/MpC/install/car_path_simulation/share/ament_index/resource_index/parent_prefix_path/car_path_simulation
[0.074s] -- Up-to-date: /home/shivam/code-masala/ros/missile/MpC/install/car_path_simulation/share/car_path_simulation/environment/ament_prefix_path.sh
[0.074s] -- Up-to-date: /home/shivam/code-masala/ros/missile/MpC/install/car_path_simulation/share/car_path_simulation/environment/ament_prefix_path.dsv
[0.074s] -- Up-to-date: /home/shivam/code-masala/ros/missile/MpC/install/car_path_simulation/share/car_path_simulation/environment/path.sh
[0.074s] -- Up-to-date: /home/shivam/code-masala/ros/missile/MpC/install/car_path_simulation/share/car_path_simulation/environment/path.dsv
[0.074s] -- Up-to-date: /home/shivam/code-masala/ros/missile/MpC/install/car_path_simulation/share/car_path_simulation/local_setup.bash
[0.074s] -- Up-to-date: /home/shivam/code-masala/ros/missile/MpC/install/car_path_simulation/share/car_path_simulation/local_setup.sh
[0.074s] -- Up-to-date: /home/shivam/code-masala/ros/missile/MpC/install/car_path_simulation/share/car_path_simulation/local_setup.zsh
[0.075s] -- Up-to-date: /home/shivam/code-masala/ros/missile/MpC/install/car_path_simulation/share/car_path_simulation/local_setup.dsv
[0.075s] -- Installing: /home/shivam/code-masala/ros/missile/MpC/install/car_path_simulation/share/car_path_simulation/package.dsv
[0.075s] -- Up-to-date: /home/shivam/code-masala/ros/missile/MpC/install/car_path_simulation/share/ament_index/resource_index/packages/car_path_simulation
[0.075s] -- Up-to-date: /home/shivam/code-masala/ros/missile/MpC/install/car_path_simulation/share/car_path_simulation/cmake/car_path_simulationConfig.cmake
[0.075s] -- Up-to-date: /home/shivam/code-masala/ros/missile/MpC/install/car_path_simulation/share/car_path_simulation/cmake/car_path_simulationConfig-version.cmake
[0.075s] -- Up-to-date: /home/shivam/code-masala/ros/missile/MpC/install/car_path_simulation/share/car_path_simulation/package.xml
[0.093s] Invoked command in '/home/shivam/code-masala/ros/missile/MpC/build/car_path_simulation' returned '0': CMAKE_PREFIX_PATH=${CMAKE_PREFIX_PATH}:/opt/ros/humble VIRTUAL_ENV_PROMPT=(myenv) /usr/bin/cmake --install /home/shivam/code-masala/ros/missile/MpC/build/car_path_simulation
