[0.007s] Invoking command in '/home/shivam/code-masala/ros/missile/src/occupancy/build/occupancy': CMAKE_PREFIX_PATH=${CMAKE_PREFIX_PATH}:/opt/ros/humble /usr/bin/cmake --build /home/shivam/code-masala/ros/missile/src/occupancy/build/occupancy -- -j16 -l16
[0.042s] [35m[1mConsolidate compiler generated dependencies of target listener[0m
[0.053s] [ 50%] Built target talker
[0.055s] [ 75%] [32mBuilding CXX object CMakeFiles/listener.dir/src/subscriber.cpp.o[0m
[1.583s] [01m[K/home/shivam/code-masala/ros/missile/src/occupancy/src/subscriber.cpp:[m[K In member function ‘[01m[Kstd::vector<std::pair<int, int> > OccupancyMatrixSub::findSquareTargets(std::string)[m[K’:
[1.583s] [01m[K/home/shivam/code-masala/ros/missile/src/occupancy/src/subscriber.cpp:44:38:[m[K [01;31m[Kerror: [m[K‘[01m[Kbegin[m[K’ was not declared in this scope; did you mean ‘[01m[Kstd::begin[m[K’?
[1.583s]    44 |             for (char c : grid.c_str([01;31m[K)[m[K) {
[1.583s]       |                                      [01;31m[K^[m[K
[1.583s]       |                                      [32m[Kstd::begin[m[K
[1.583s] In file included from [01m[K/usr/include/c++/11/array:41[m[K,
[1.583s]                  from [01m[K/usr/include/c++/11/tuple:39[m[K,
[1.583s]                  from [01m[K/usr/include/c++/11/bits/unique_ptr.h:37[m[K,
[1.583s]                  from [01m[K/usr/include/c++/11/memory:76[m[K,
[1.583s]                  from [01m[K/opt/ros/humble/include/rclcpp/rclcpp/rclcpp.hpp:153[m[K,
[1.583s]                  from [01m[K/home/shivam/code-masala/ros/missile/src/occupancy/src/subscriber.cpp:1[m[K:
[1.583s] [01m[K/usr/include/c++/11/bits/range_access.h:108:37:[m[K [01;36m[Knote: [m[K‘[01m[Kstd::begin[m[K’ declared here
[1.583s]   108 |   template<typename _Tp> const _Tp* [01;36m[Kbegin[m[K(const valarray<_Tp>&) noexcept;
[1.584s]       |                                     [01;36m[K^~~~~[m[K
[1.584s] [01m[K/home/shivam/code-masala/ros/missile/src/occupancy/src/subscriber.cpp:44:38:[m[K [01;31m[Kerror: [m[K‘[01m[Kend[m[K’ was not declared in this scope; did you mean ‘[01m[Kstd::end[m[K’?
[1.584s]    44 |             for (char c : grid.c_str([01;31m[K)[m[K) {
[1.584s]       |                                      [01;31m[K^[m[K
[1.584s]       |                                      [32m[Kstd::end[m[K
[1.584s] In file included from [01m[K/usr/include/c++/11/array:41[m[K,
[1.584s]                  from [01m[K/usr/include/c++/11/tuple:39[m[K,
[1.584s]                  from [01m[K/usr/include/c++/11/bits/unique_ptr.h:37[m[K,
[1.584s]                  from [01m[K/usr/include/c++/11/memory:76[m[K,
[1.584s]                  from [01m[K/opt/ros/humble/include/rclcpp/rclcpp/rclcpp.hpp:153[m[K,
[1.584s]                  from [01m[K/home/shivam/code-masala/ros/missile/src/occupancy/src/subscriber.cpp:1[m[K:
[1.584s] [01m[K/usr/include/c++/11/bits/range_access.h:110:37:[m[K [01;36m[Knote: [m[K‘[01m[Kstd::end[m[K’ declared here
[1.584s]   110 |   template<typename _Tp> const _Tp* [01;36m[Kend[m[K(const valarray<_Tp>&) noexcept;
[1.584s]       |                                     [01;36m[K^~~[m[K
[3.219s] gmake[2]: *** [CMakeFiles/listener.dir/build.make:76: CMakeFiles/listener.dir/src/subscriber.cpp.o] Error 1
[3.219s] gmake[1]: *** [CMakeFiles/Makefile2:165: CMakeFiles/listener.dir/all] Error 2
[3.220s] gmake: *** [Makefile:146: all] Error 2
[3.222s] Invoked command in '/home/shivam/code-masala/ros/missile/src/occupancy/build/occupancy' returned '2': CMAKE_PREFIX_PATH=${CMAKE_PREFIX_PATH}:/opt/ros/humble /usr/bin/cmake --build /home/shivam/code-masala/ros/missile/src/occupancy/build/occupancy -- -j16 -l16
