[0.048s] Invoking command in '/home/shivam/code-masala/ros/missile/MpC/build/occupancy': CMAKE_PREFIX_PATH=/opt/ros/humble VIRTUAL_ENV_PROMPT=(myenv) /usr/bin/cmake --build /home/shivam/code-masala/ros/missile/MpC/build/occupancy -- -j16 -l16
[0.199s] [ 50%] Built target talker
[0.203s] [100%] Built target listener
[0.228s] Invoked command in '/home/shivam/code-masala/ros/missile/MpC/build/occupancy' returned '0': CMAKE_PREFIX_PATH=/opt/ros/humble VIRTUAL_ENV_PROMPT=(myenv) /usr/bin/cmake --build /home/shivam/code-masala/ros/missile/MpC/build/occupancy -- -j16 -l16
[0.253s] Invoking command in '/home/shivam/code-masala/ros/missile/MpC/build/occupancy': CMAKE_PREFIX_PATH=/opt/ros/humble VIRTUAL_ENV_PROMPT=(myenv) /usr/bin/cmake --install /home/shivam/code-masala/ros/missile/MpC/build/occupancy
[0.267s] -- Install configuration: ""
[0.268s] -- Up-to-date: /home/shivam/code-masala/ros/missile/MpC/install/occupancy/lib/occupancy/talker
[0.269s] -- Up-to-date: /home/shivam/code-masala/ros/missile/MpC/install/occupancy/lib/occupancy/listener
[0.269s] -- Up-to-date: /home/shivam/code-masala/ros/missile/MpC/install/occupancy/share/ament_index/resource_index/package_run_dependencies/occupancy
[0.270s] -- Up-to-date: /home/shivam/code-masala/ros/missile/MpC/install/occupancy/share/ament_index/resource_index/parent_prefix_path/occupancy
[0.270s] -- Up-to-date: /home/shivam/code-masala/ros/missile/MpC/install/occupancy/share/occupancy/environment/ament_prefix_path.sh
[0.271s] -- Up-to-date: /home/shivam/code-masala/ros/missile/MpC/install/occupancy/share/occupancy/environment/ament_prefix_path.dsv
[0.271s] -- Up-to-date: /home/shivam/code-masala/ros/missile/MpC/install/occupancy/share/occupancy/environment/path.sh
[0.271s] -- Up-to-date: /home/shivam/code-masala/ros/missile/MpC/install/occupancy/share/occupancy/environment/path.dsv
[0.271s] -- Up-to-date: /home/shivam/code-masala/ros/missile/MpC/install/occupancy/share/occupancy/local_setup.bash
[0.271s] -- Up-to-date: /home/shivam/code-masala/ros/missile/MpC/install/occupancy/share/occupancy/local_setup.sh
[0.272s] -- Up-to-date: /home/shivam/code-masala/ros/missile/MpC/install/occupancy/share/occupancy/local_setup.zsh
[0.272s] -- Up-to-date: /home/shivam/code-masala/ros/missile/MpC/install/occupancy/share/occupancy/local_setup.dsv
[0.273s] -- Installing: /home/shivam/code-masala/ros/missile/MpC/install/occupancy/share/occupancy/package.dsv
[0.273s] -- Up-to-date: /home/shivam/code-masala/ros/missile/MpC/install/occupancy/share/ament_index/resource_index/packages/occupancy
[0.273s] -- Up-to-date: /home/shivam/code-masala/ros/missile/MpC/install/occupancy/share/occupancy/cmake/occupancyConfig.cmake
[0.273s] -- Up-to-date: /home/shivam/code-masala/ros/missile/MpC/install/occupancy/share/occupancy/cmake/occupancyConfig-version.cmake
[0.273s] -- Up-to-date: /home/shivam/code-masala/ros/missile/MpC/install/occupancy/share/occupancy/package.xml
[0.275s] Invoked command in '/home/shivam/code-masala/ros/missile/MpC/build/occupancy' returned '0': CMAKE_PREFIX_PATH=/opt/ros/humble VIRTUAL_ENV_PROMPT=(myenv) /usr/bin/cmake --install /home/shivam/code-masala/ros/missile/MpC/build/occupancy
