[0.009s] Invoking command in '/home/shivam/code-masala/ros/missile/MpC/build/car_path_simulation': CMAKE_PREFIX_PATH=${CMAKE_PREFIX_PATH}:/opt/ros/humble VIRTUAL_ENV_PROMPT=(myenv) /usr/bin/cmake --build /home/shivam/code-masala/ros/missile/MpC/build/car_path_simulation -- -j16 -l16
[0.045s] [35m[1mConsolidate compiler generated dependencies of target path_publisher[0m
[0.060s] [100%] Built target path_publisher
[0.070s] Invoked command in '/home/shivam/code-masala/ros/missile/MpC/build/car_path_simulation' returned '0': CMAKE_PREFIX_PATH=${CMAKE_PREFIX_PATH}:/opt/ros/humble VIRTUAL_ENV_PROMPT=(myenv) /usr/bin/cmake --build /home/shivam/code-masala/ros/missile/MpC/build/car_path_simulation -- -j16 -l16
[0.079s] Invoking command in '/home/shivam/code-masala/ros/missile/MpC/build/car_path_simulation': CMAKE_PREFIX_PATH=${CMAKE_PREFIX_PATH}:/opt/ros/humble VIRTUAL_ENV_PROMPT=(myenv) /usr/bin/cmake --install /home/shivam/code-masala/ros/missile/MpC/build/car_path_simulation
[0.086s] -- Install configuration: ""
[0.087s] -- Up-to-date: /home/shivam/code-masala/ros/missile/MpC/install/car_path_simulation/lib/car_path_simulation/path_publisher
[0.087s] -- Up-to-date: /home/shivam/code-masala/ros/missile/MpC/install/car_path_simulation/share/car_path_simulation/launch
[0.087s] -- Up-to-date: /home/shivam/code-masala/ros/missile/MpC/install/car_path_simulation/share/car_path_simulation/launch/path_publisher.launch.py
[0.087s] -- Up-to-date: /home/shivam/code-masala/ros/missile/MpC/install/car_path_simulation/share/car_path_simulation/share
[0.087s] -- Up-to-date: /home/shivam/code-masala/ros/missile/MpC/install/car_path_simulation/share/car_path_simulation/share/rviz
[0.087s] -- Up-to-date: /home/shivam/code-masala/ros/missile/MpC/install/car_path_simulation/share/car_path_simulation/share/rviz/path_display.rviz
[0.087s] -- Up-to-date: /home/shivam/code-masala/ros/missile/MpC/install/car_path_simulation/share/car_path_simulation/share/csv
[0.087s] -- Up-to-date: /home/shivam/code-masala/ros/missile/MpC/install/car_path_simulation/share/car_path_simulation/share/csv/curve_coordinates.csv
[0.087s] -- Up-to-date: /home/shivam/code-masala/ros/missile/MpC/install/car_path_simulation/share/car_path_simulation/share/csv/trajectory.csv
[0.087s] -- Up-to-date: /home/shivam/code-masala/ros/missile/MpC/install/car_path_simulation/share/ament_index/resource_index/package_run_dependencies/car_path_simulation
[0.088s] -- Up-to-date: /home/shivam/code-masala/ros/missile/MpC/install/car_path_simulation/share/ament_index/resource_index/parent_prefix_path/car_path_simulation
[0.088s] -- Up-to-date: /home/shivam/code-masala/ros/missile/MpC/install/car_path_simulation/share/car_path_simulation/environment/ament_prefix_path.sh
[0.088s] -- Up-to-date: /home/shivam/code-masala/ros/missile/MpC/install/car_path_simulation/share/car_path_simulation/environment/ament_prefix_path.dsv
[0.088s] -- Up-to-date: /home/shivam/code-masala/ros/missile/MpC/install/car_path_simulation/share/car_path_simulation/environment/path.sh
[0.088s] -- Up-to-date: /home/shivam/code-masala/ros/missile/MpC/install/car_path_simulation/share/car_path_simulation/environment/path.dsv
[0.089s] -- Up-to-date: /home/shivam/code-masala/ros/missile/MpC/install/car_path_simulation/share/car_path_simulation/local_setup.bash
[0.090s] -- Up-to-date: /home/shivam/code-masala/ros/missile/MpC/install/car_path_simulation/share/car_path_simulation/local_setup.sh
[0.090s] -- Up-to-date: /home/shivam/code-masala/ros/missile/MpC/install/car_path_simulation/share/car_path_simulation/local_setup.zsh
[0.090s] -- Up-to-date: /home/shivam/code-masala/ros/missile/MpC/install/car_path_simulation/share/car_path_simulation/local_setup.dsv
[0.090s] -- Installing: /home/shivam/code-masala/ros/missile/MpC/install/car_path_simulation/share/car_path_simulation/package.dsv
[0.090s] -- Up-to-date: /home/shivam/code-masala/ros/missile/MpC/install/car_path_simulation/share/ament_index/resource_index/packages/car_path_simulation
[0.090s] -- Up-to-date: /home/shivam/code-masala/ros/missile/MpC/install/car_path_simulation/share/car_path_simulation/cmake/car_path_simulationConfig.cmake
[0.090s] -- Up-to-date: /home/shivam/code-masala/ros/missile/MpC/install/car_path_simulation/share/car_path_simulation/cmake/car_path_simulationConfig-version.cmake
[0.090s] -- Up-to-date: /home/shivam/code-masala/ros/missile/MpC/install/car_path_simulation/share/car_path_simulation/package.xml
[0.091s] Invoked command in '/home/shivam/code-masala/ros/missile/MpC/build/car_path_simulation' returned '0': CMAKE_PREFIX_PATH=${CMAKE_PREFIX_PATH}:/opt/ros/humble VIRTUAL_ENV_PROMPT=(myenv) /usr/bin/cmake --install /home/shivam/code-masala/ros/missile/MpC/build/car_path_simulation
