[35m[1mConsolidate compiler generated dependencies of target listener[0m
[ 50%] Built target talker
[ 75%] [32mBuilding CXX object CMakeFiles/listener.dir/src/subscriber.cpp.o[0m
[100%] [32m[1mLinking CXX executable listener[0m
[100%] Built target listener
-- Install configuration: ""
-- Installing: /home/shivam/code-masala/ros/missile/src/occupancy/install/occupancy/lib/occupancy/talker
-- Set runtime path of "/home/shivam/code-masala/ros/missile/src/occupancy/install/occupancy/lib/occupancy/talker" to ""
-- Installing: /home/shivam/code-masala/ros/missile/src/occupancy/install/occupancy/lib/occupancy/listener
-- Set runtime path of "/home/shivam/code-masala/ros/missile/src/occupancy/install/occupancy/lib/occupancy/listener" to ""
-- Installing: /home/shivam/code-masala/ros/missile/src/occupancy/install/occupancy/share/ament_index/resource_index/package_run_dependencies/occupancy
-- Installing: /home/shivam/code-masala/ros/missile/src/occupancy/install/occupancy/share/ament_index/resource_index/parent_prefix_path/occupancy
-- Installing: /home/shivam/code-masala/ros/missile/src/occupancy/install/occupancy/share/occupancy/environment/ament_prefix_path.sh
-- Installing: /home/shivam/code-masala/ros/missile/src/occupancy/install/occupancy/share/occupancy/environment/ament_prefix_path.dsv
-- Installing: /home/shivam/code-masala/ros/missile/src/occupancy/install/occupancy/share/occupancy/environment/path.sh
-- Installing: /home/shivam/code-masala/ros/missile/src/occupancy/install/occupancy/share/occupancy/environment/path.dsv
-- Installing: /home/shivam/code-masala/ros/missile/src/occupancy/install/occupancy/share/occupancy/local_setup.bash
-- Installing: /home/shivam/code-masala/ros/missile/src/occupancy/install/occupancy/share/occupancy/local_setup.sh
-- Installing: /home/shivam/code-masala/ros/missile/src/occupancy/install/occupancy/share/occupancy/local_setup.zsh
-- Installing: /home/shivam/code-masala/ros/missile/src/occupancy/install/occupancy/share/occupancy/local_setup.dsv
-- Installing: /home/shivam/code-masala/ros/missile/src/occupancy/install/occupancy/share/occupancy/package.dsv
-- Installing: /home/shivam/code-masala/ros/missile/src/occupancy/install/occupancy/share/ament_index/resource_index/packages/occupancy
-- Installing: /home/shivam/code-masala/ros/missile/src/occupancy/install/occupancy/share/occupancy/cmake/occupancyConfig.cmake
-- Installing: /home/shivam/code-masala/ros/missile/src/occupancy/install/occupancy/share/occupancy/cmake/occupancyConfig-version.cmake
-- Installing: /home/shivam/code-masala/ros/missile/src/occupancy/install/occupancy/share/occupancy/package.xml
