[0.008s] Invoking command in '/home/shivam/code-masala/ros/missile/build/occupancy': CMAKE_PREFIX_PATH=/opt/ros/humble /usr/bin/cmake /home/shivam/code-masala/ros/missile/src/occupancy -DCMAKE_INSTALL_PREFIX=/home/shivam/code-masala/ros/missile/install/occupancy
[0.081s] -- The C compiler identification is GNU 11.4.0
[0.134s] -- The CXX compiler identification is GNU 11.4.0
[0.144s] -- Detecting C compiler ABI info
[0.214s] -- Detecting C compiler ABI info - done
[0.221s] -- Check for working C compiler: /usr/bin/cc - skipped
[0.222s] -- Detecting C compile features
[0.223s] -- Detecting C compile features - done
[0.226s] -- Detecting CXX compiler ABI info
[0.307s] -- Detecting CXX compiler ABI info - done
[0.314s] -- Check for working CXX compiler: /usr/bin/c++ - skipped
[0.314s] -- Detecting CXX compile features
[0.315s] -- Detecting CXX compile features - done
[0.319s] -- Found ament_cmake: 1.3.11 (/opt/ros/humble/share/ament_cmake/cmake)
[0.471s] -- Found Python3: /usr/bin/python3 (found version "3.10.12") found components: Interpreter 
[0.564s] -- Found ament_lint_auto: 0.12.11 (/opt/ros/humble/share/ament_lint_auto/cmake)
[0.646s] -- Added test 'lint_cmake' to check CMake code style
[0.647s] -- Added test 'xmllint' to check XML markup files
[0.648s] -- Configuring done
[0.651s] -- Generating done
[0.652s] -- Build files have been written to: /home/shivam/code-masala/ros/missile/build/occupancy
[0.656s] Invoked command in '/home/shivam/code-masala/ros/missile/build/occupancy' returned '0': CMAKE_PREFIX_PATH=/opt/ros/humble /usr/bin/cmake /home/shivam/code-masala/ros/missile/src/occupancy -DCMAKE_INSTALL_PREFIX=/home/shivam/code-masala/ros/missile/install/occupancy
[0.658s] Invoking command in '/home/shivam/code-masala/ros/missile/build/occupancy': CMAKE_PREFIX_PATH=/opt/ros/humble /usr/bin/cmake --build /home/shivam/code-masala/ros/missile/build/occupancy -- -j16 -l16
[0.694s] Invoked command in '/home/shivam/code-masala/ros/missile/build/occupancy' returned '0': CMAKE_PREFIX_PATH=/opt/ros/humble /usr/bin/cmake --build /home/shivam/code-masala/ros/missile/build/occupancy -- -j16 -l16
[0.703s] Invoking command in '/home/shivam/code-masala/ros/missile/build/occupancy': CMAKE_PREFIX_PATH=/opt/ros/humble /usr/bin/cmake --install /home/shivam/code-masala/ros/missile/build/occupancy
[0.710s] -- Install configuration: ""
[0.710s] -- Installing: /home/shivam/code-masala/ros/missile/install/occupancy/share/ament_index/resource_index/package_run_dependencies/occupancy
[0.710s] -- Installing: /home/shivam/code-masala/ros/missile/install/occupancy/share/ament_index/resource_index/parent_prefix_path/occupancy
[0.710s] -- Installing: /home/shivam/code-masala/ros/missile/install/occupancy/share/occupancy/environment/ament_prefix_path.sh
[0.710s] -- Installing: /home/shivam/code-masala/ros/missile/install/occupancy/share/occupancy/environment/ament_prefix_path.dsv
[0.711s] -- Installing: /home/shivam/code-masala/ros/missile/install/occupancy/share/occupancy/environment/path.sh
[0.711s] -- Installing: /home/shivam/code-masala/ros/missile/install/occupancy/share/occupancy/environment/path.dsv
[0.711s] -- Installing: /home/shivam/code-masala/ros/missile/install/occupancy/share/occupancy/local_setup.bash
[0.711s] -- Installing: /home/shivam/code-masala/ros/missile/install/occupancy/share/occupancy/local_setup.sh
[0.711s] -- Installing: /home/shivam/code-masala/ros/missile/install/occupancy/share/occupancy/local_setup.zsh
[0.711s] -- Installing: /home/shivam/code-masala/ros/missile/install/occupancy/share/occupancy/local_setup.dsv
[0.711s] -- Installing: /home/shivam/code-masala/ros/missile/install/occupancy/share/occupancy/package.dsv
[0.711s] -- Installing: /home/shivam/code-masala/ros/missile/install/occupancy/share/ament_index/resource_index/packages/occupancy
[0.711s] -- Installing: /home/shivam/code-masala/ros/missile/install/occupancy/share/occupancy/cmake/occupancyConfig.cmake
[0.711s] -- Installing: /home/shivam/code-masala/ros/missile/install/occupancy/share/occupancy/cmake/occupancyConfig-version.cmake
[0.711s] -- Installing: /home/shivam/code-masala/ros/missile/install/occupancy/share/occupancy/package.xml
[0.713s] Invoked command in '/home/shivam/code-masala/ros/missile/build/occupancy' returned '0': CMAKE_PREFIX_PATH=/opt/ros/humble /usr/bin/cmake --install /home/shivam/code-masala/ros/missile/build/occupancy
