[0.101s] DEBUG:colcon:Command line arguments: ['/usr/bin/colcon', 'build']
[0.102s] DEBUG:colcon:Parsed command line arguments: Namespace(log_base=None, log_level=None, verb_name='build', build_base='build', install_base='install', merge_install=False, symlink_install=False, test_result_base=None, continue_on_error=False, executor='parallel', parallel_workers=16, event_handlers=None, ignore_user_meta=False, metas=['./colcon.meta'], base_paths=['.'], packages_ignore=None, packages_ignore_regex=None, paths=None, packages_up_to=None, packages_up_to_regex=None, packages_above=None, packages_above_and_dependencies=None, packages_above_depth=None, packages_select_by_dep=None, packages_skip_by_dep=None, packages_skip_up_to=None, packages_select_build_failed=False, packages_skip_build_finished=False, packages_select_test_failures=False, packages_skip_test_passed=False, packages_select=None, packages_skip=None, packages_select_regex=None, packages_skip_regex=None, packages_start=None, packages_end=None, allow_overriding=[], cmake_args=None, cmake_target=None, cmake_target_skip_unavailable=False, cmake_clean_cache=False, cmake_clean_first=False, cmake_force_configure=False, ament_cmake_args=None, catkin_cmake_args=None, catkin_skip_building_tests=False, verb_parser=<colcon_defaults.argument_parser.defaults.DefaultArgumentsDecorator object at 0x75dea02e69b0>, verb_extension=<colcon_core.verb.build.BuildVerb object at 0x75dea02e60b0>, main=<bound method BuildVerb.main of <colcon_core.verb.build.BuildVerb object at 0x75dea02e60b0>>)
[0.252s] Level 1:colcon.colcon_core.package_discovery:discover_packages(colcon_meta) check parameters
[0.252s] Level 1:colcon.colcon_core.package_discovery:discover_packages(recursive) check parameters
[0.252s] Level 1:colcon.colcon_core.package_discovery:discover_packages(ignore) check parameters
[0.252s] Level 1:colcon.colcon_core.package_discovery:discover_packages(path) check parameters
[0.252s] Level 1:colcon.colcon_core.package_discovery:discover_packages(colcon_meta) discover
[0.252s] Level 1:colcon.colcon_core.package_discovery:discover_packages(recursive) discover
[0.252s] INFO:colcon.colcon_core.package_discovery:Crawling recursively for packages in '/home/shivam/code-masala/ros/missile/src'
[0.252s] Level 1:colcon.colcon_core.package_identification:_identify(.) by extensions ['ignore', 'ignore_ament_install']
[0.253s] Level 1:colcon.colcon_core.package_identification:_identify(.) by extension 'ignore'
[0.253s] Level 1:colcon.colcon_core.package_identification:_identify(.) by extension 'ignore_ament_install'
[0.253s] Level 1:colcon.colcon_core.package_identification:_identify(.) by extensions ['colcon_pkg']
[0.253s] Level 1:colcon.colcon_core.package_identification:_identify(.) by extension 'colcon_pkg'
[0.253s] Level 1:colcon.colcon_core.package_identification:_identify(.) by extensions ['colcon_meta']
[0.253s] Level 1:colcon.colcon_core.package_identification:_identify(.) by extension 'colcon_meta'
[0.253s] Level 1:colcon.colcon_core.package_identification:_identify(.) by extensions ['ros']
[0.253s] Level 1:colcon.colcon_core.package_identification:_identify(.) by extension 'ros'
[0.265s] Level 1:colcon.colcon_core.package_identification:_identify(.) by extensions ['cmake', 'python']
[0.265s] Level 1:colcon.colcon_core.package_identification:_identify(.) by extension 'cmake'
[0.265s] Level 1:colcon.colcon_core.package_identification:_identify(.) by extension 'python'
[0.265s] Level 1:colcon.colcon_core.package_identification:_identify(.) by extensions ['python_setup_py']
[0.265s] Level 1:colcon.colcon_core.package_identification:_identify(.) by extension 'python_setup_py'
[0.265s] Level 1:colcon.colcon_core.package_identification:_identify(build) by extensions ['ignore', 'ignore_ament_install']
[0.266s] Level 1:colcon.colcon_core.package_identification:_identify(build) by extension 'ignore'
[0.266s] Level 1:colcon.colcon_core.package_identification:_identify(build) ignored
[0.266s] Level 1:colcon.colcon_core.package_identification:_identify(install) by extensions ['ignore', 'ignore_ament_install']
[0.266s] Level 1:colcon.colcon_core.package_identification:_identify(install) by extension 'ignore'
[0.266s] Level 1:colcon.colcon_core.package_identification:_identify(install) ignored
[0.266s] Level 1:colcon.colcon_core.package_identification:_identify(log) by extensions ['ignore', 'ignore_ament_install']
[0.266s] Level 1:colcon.colcon_core.package_identification:_identify(log) by extension 'ignore'
[0.266s] Level 1:colcon.colcon_core.package_identification:_identify(log) ignored
[0.266s] Level 1:colcon.colcon_core.package_identification:_identify(occupancy) by extensions ['ignore', 'ignore_ament_install']
[0.266s] Level 1:colcon.colcon_core.package_identification:_identify(occupancy) by extension 'ignore'
[0.266s] Level 1:colcon.colcon_core.package_identification:_identify(occupancy) by extension 'ignore_ament_install'
[0.266s] Level 1:colcon.colcon_core.package_identification:_identify(occupancy) by extensions ['colcon_pkg']
[0.266s] Level 1:colcon.colcon_core.package_identification:_identify(occupancy) by extension 'colcon_pkg'
[0.266s] Level 1:colcon.colcon_core.package_identification:_identify(occupancy) by extensions ['colcon_meta']
[0.266s] Level 1:colcon.colcon_core.package_identification:_identify(occupancy) by extension 'colcon_meta'
[0.266s] Level 1:colcon.colcon_core.package_identification:_identify(occupancy) by extensions ['ros']
[0.266s] Level 1:colcon.colcon_core.package_identification:_identify(occupancy) by extension 'ros'
[0.269s] DEBUG:colcon.colcon_core.package_identification:Package 'occupancy' with type 'ros.ament_cmake' and name 'occupancy'
[0.269s] Level 1:colcon.colcon_core.package_identification:_identify(visualization_package) by extensions ['ignore', 'ignore_ament_install']
[0.269s] Level 1:colcon.colcon_core.package_identification:_identify(visualization_package) by extension 'ignore'
[0.269s] Level 1:colcon.colcon_core.package_identification:_identify(visualization_package) by extension 'ignore_ament_install'
[0.269s] Level 1:colcon.colcon_core.package_identification:_identify(visualization_package) by extensions ['colcon_pkg']
[0.269s] Level 1:colcon.colcon_core.package_identification:_identify(visualization_package) by extension 'colcon_pkg'
[0.269s] Level 1:colcon.colcon_core.package_identification:_identify(visualization_package) by extensions ['colcon_meta']
[0.270s] Level 1:colcon.colcon_core.package_identification:_identify(visualization_package) by extension 'colcon_meta'
[0.270s] Level 1:colcon.colcon_core.package_identification:_identify(visualization_package) by extensions ['ros']
[0.270s] Level 1:colcon.colcon_core.package_identification:_identify(visualization_package) by extension 'ros'
[0.270s] DEBUG:colcon.colcon_core.package_identification:Package 'visualization_package' with type 'ros.ament_cmake' and name 'visualization_package'
[0.270s] Level 1:colcon.colcon_core.package_discovery:discover_packages(recursive) using defaults
[0.271s] Level 1:colcon.colcon_core.package_discovery:discover_packages(ignore) discover
[0.271s] Level 1:colcon.colcon_core.package_discovery:discover_packages(ignore) using defaults
[0.271s] Level 1:colcon.colcon_core.package_discovery:discover_packages(path) discover
[0.271s] Level 1:colcon.colcon_core.package_discovery:discover_packages(path) using defaults
[0.291s] Level 1:colcon.colcon_core.package_discovery:discover_packages(prefix_path) check parameters
[0.291s] Level 1:colcon.colcon_core.package_discovery:discover_packages(prefix_path) discover
[0.294s] DEBUG:colcon.colcon_installed_package_information.package_discovery:Found 286 installed packages in /opt/ros/humble
[0.304s] Level 1:colcon.colcon_core.package_discovery:discover_packages(prefix_path) using defaults
[0.339s] Level 5:colcon.colcon_core.verb:set package 'occupancy' build argument 'cmake_args' from command line to 'None'
[0.339s] Level 5:colcon.colcon_core.verb:set package 'occupancy' build argument 'cmake_target' from command line to 'None'
[0.339s] Level 5:colcon.colcon_core.verb:set package 'occupancy' build argument 'cmake_target_skip_unavailable' from command line to 'False'
[0.339s] Level 5:colcon.colcon_core.verb:set package 'occupancy' build argument 'cmake_clean_cache' from command line to 'False'
[0.339s] Level 5:colcon.colcon_core.verb:set package 'occupancy' build argument 'cmake_clean_first' from command line to 'False'
[0.339s] Level 5:colcon.colcon_core.verb:set package 'occupancy' build argument 'cmake_force_configure' from command line to 'False'
[0.339s] Level 5:colcon.colcon_core.verb:set package 'occupancy' build argument 'ament_cmake_args' from command line to 'None'
[0.339s] Level 5:colcon.colcon_core.verb:set package 'occupancy' build argument 'catkin_cmake_args' from command line to 'None'
[0.339s] Level 5:colcon.colcon_core.verb:set package 'occupancy' build argument 'catkin_skip_building_tests' from command line to 'False'
[0.339s] DEBUG:colcon.colcon_core.verb:Building package 'occupancy' with the following arguments: {'ament_cmake_args': None, 'build_base': '/home/shivam/code-masala/ros/missile/src/build/occupancy', 'catkin_cmake_args': None, 'catkin_skip_building_tests': False, 'cmake_args': None, 'cmake_clean_cache': False, 'cmake_clean_first': False, 'cmake_force_configure': False, 'cmake_target': None, 'cmake_target_skip_unavailable': False, 'install_base': '/home/shivam/code-masala/ros/missile/src/install/occupancy', 'merge_install': False, 'path': '/home/shivam/code-masala/ros/missile/src/occupancy', 'symlink_install': False, 'test_result_base': None}
[0.340s] Level 5:colcon.colcon_core.verb:set package 'visualization_package' build argument 'cmake_args' from command line to 'None'
[0.340s] Level 5:colcon.colcon_core.verb:set package 'visualization_package' build argument 'cmake_target' from command line to 'None'
[0.340s] Level 5:colcon.colcon_core.verb:set package 'visualization_package' build argument 'cmake_target_skip_unavailable' from command line to 'False'
[0.340s] Level 5:colcon.colcon_core.verb:set package 'visualization_package' build argument 'cmake_clean_cache' from command line to 'False'
[0.340s] Level 5:colcon.colcon_core.verb:set package 'visualization_package' build argument 'cmake_clean_first' from command line to 'False'
[0.340s] Level 5:colcon.colcon_core.verb:set package 'visualization_package' build argument 'cmake_force_configure' from command line to 'False'
[0.340s] Level 5:colcon.colcon_core.verb:set package 'visualization_package' build argument 'ament_cmake_args' from command line to 'None'
[0.340s] Level 5:colcon.colcon_core.verb:set package 'visualization_package' build argument 'catkin_cmake_args' from command line to 'None'
[0.340s] Level 5:colcon.colcon_core.verb:set package 'visualization_package' build argument 'catkin_skip_building_tests' from command line to 'False'
[0.340s] DEBUG:colcon.colcon_core.verb:Building package 'visualization_package' with the following arguments: {'ament_cmake_args': None, 'build_base': '/home/shivam/code-masala/ros/missile/src/build/visualization_package', 'catkin_cmake_args': None, 'catkin_skip_building_tests': False, 'cmake_args': None, 'cmake_clean_cache': False, 'cmake_clean_first': False, 'cmake_force_configure': False, 'cmake_target': None, 'cmake_target_skip_unavailable': False, 'install_base': '/home/shivam/code-masala/ros/missile/src/install/visualization_package', 'merge_install': False, 'path': '/home/shivam/code-masala/ros/missile/src/visualization_package', 'symlink_install': False, 'test_result_base': None}
[0.340s] INFO:colcon.colcon_core.executor:Executing jobs using 'parallel' executor
[0.341s] DEBUG:colcon.colcon_parallel_executor.executor.parallel:run_until_complete
[0.342s] INFO:colcon.colcon_ros.task.ament_cmake.build:Building ROS package in '/home/shivam/code-masala/ros/missile/src/occupancy' with build type 'ament_cmake'
[0.342s] INFO:colcon.colcon_cmake.task.cmake.build:Building CMake package in '/home/shivam/code-masala/ros/missile/src/occupancy'
[0.344s] INFO:colcon.colcon_core.plugin_system:Skipping extension 'colcon_core.shell.bat': Not used on non-Windows systems
[0.344s] INFO:colcon.colcon_core.shell:Skip shell extension 'powershell' for command environment: Not usable outside of PowerShell
[0.344s] DEBUG:colcon.colcon_core.shell:Skip shell extension 'dsv' for command environment
[0.347s] INFO:colcon.colcon_ros.task.ament_cmake.build:Building ROS package in '/home/shivam/code-masala/ros/missile/src/visualization_package' with build type 'ament_cmake'
[0.347s] INFO:colcon.colcon_cmake.task.cmake.build:Building CMake package in '/home/shivam/code-masala/ros/missile/src/visualization_package'
[0.347s] INFO:colcon.colcon_core.shell:Skip shell extension 'powershell' for command environment: Not usable outside of PowerShell
[0.347s] DEBUG:colcon.colcon_core.shell:Skip shell extension 'dsv' for command environment
[0.355s] DEBUG:colcon.colcon_core.event_handler.log_command:Invoking command in '/home/shivam/code-masala/ros/missile/src/build/occupancy': CMAKE_PREFIX_PATH=/opt/ros/humble /usr/bin/cmake --build /home/shivam/code-masala/ros/missile/src/build/occupancy -- -j16 -l16
[0.358s] DEBUG:colcon.colcon_core.event_handler.log_command:Invoking command in '/home/shivam/code-masala/ros/missile/src/build/visualization_package': CMAKE_PREFIX_PATH=/opt/ros/humble /usr/bin/cmake --build /home/shivam/code-masala/ros/missile/src/build/visualization_package -- -j16 -l16
[0.417s] DEBUG:colcon.colcon_core.event_handler.log_command:Invoked command in '/home/shivam/code-masala/ros/missile/src/build/occupancy' returned '0': CMAKE_PREFIX_PATH=/opt/ros/humble /usr/bin/cmake --build /home/shivam/code-masala/ros/missile/src/build/occupancy -- -j16 -l16
[0.426s] DEBUG:colcon.colcon_core.event_handler.log_command:Invoking command in '/home/shivam/code-masala/ros/missile/src/build/occupancy': CMAKE_PREFIX_PATH=/opt/ros/humble /usr/bin/cmake --install /home/shivam/code-masala/ros/missile/src/build/occupancy
[0.435s] Level 1:colcon.colcon_core.environment:create_environment_scripts_only(occupancy)
[0.435s] DEBUG:colcon.colcon_core.event_handler.log_command:Invoked command in '/home/shivam/code-masala/ros/missile/src/build/occupancy' returned '0': CMAKE_PREFIX_PATH=/opt/ros/humble /usr/bin/cmake --install /home/shivam/code-masala/ros/missile/src/build/occupancy
[0.437s] Level 1:colcon.colcon_core.environment:checking '/home/shivam/code-masala/ros/missile/src/install/occupancy' for CMake module files
[0.438s] Level 1:colcon.colcon_core.environment:checking '/home/shivam/code-masala/ros/missile/src/install/occupancy' for CMake config files
[0.438s] Level 1:colcon.colcon_core.shell:create_environment_hook('occupancy', 'cmake_prefix_path')
[0.438s] INFO:colcon.colcon_core.shell:Creating environment hook '/home/shivam/code-masala/ros/missile/src/install/occupancy/share/occupancy/hook/cmake_prefix_path.ps1'
[0.439s] INFO:colcon.colcon_core.shell:Creating environment descriptor '/home/shivam/code-masala/ros/missile/src/install/occupancy/share/occupancy/hook/cmake_prefix_path.dsv'
[0.439s] INFO:colcon.colcon_core.shell:Creating environment hook '/home/shivam/code-masala/ros/missile/src/install/occupancy/share/occupancy/hook/cmake_prefix_path.sh'
[0.440s] Level 1:colcon.colcon_core.environment:checking '/home/shivam/code-masala/ros/missile/src/install/occupancy/lib'
[0.440s] Level 1:colcon.colcon_core.environment:checking '/home/shivam/code-masala/ros/missile/src/install/occupancy/bin'
[0.440s] Level 1:colcon.colcon_core.environment:checking '/home/shivam/code-masala/ros/missile/src/install/occupancy/lib/pkgconfig/occupancy.pc'
[0.441s] Level 1:colcon.colcon_core.environment:checking '/home/shivam/code-masala/ros/missile/src/install/occupancy/lib/python3.10/site-packages'
[0.441s] Level 1:colcon.colcon_core.environment:checking '/home/shivam/code-masala/ros/missile/src/install/occupancy/bin'
[0.441s] INFO:colcon.colcon_core.shell:Creating package script '/home/shivam/code-masala/ros/missile/src/install/occupancy/share/occupancy/package.ps1'
[0.442s] INFO:colcon.colcon_core.shell:Creating package descriptor '/home/shivam/code-masala/ros/missile/src/install/occupancy/share/occupancy/package.dsv'
[0.443s] INFO:colcon.colcon_core.shell:Creating package script '/home/shivam/code-masala/ros/missile/src/install/occupancy/share/occupancy/package.sh'
[0.443s] INFO:colcon.colcon_core.shell:Creating package script '/home/shivam/code-masala/ros/missile/src/install/occupancy/share/occupancy/package.bash'
[0.444s] INFO:colcon.colcon_core.shell:Creating package script '/home/shivam/code-masala/ros/missile/src/install/occupancy/share/occupancy/package.zsh'
[0.445s] Level 1:colcon.colcon_core.environment:create_file_with_runtime_dependencies(/home/shivam/code-masala/ros/missile/src/install/occupancy/share/colcon-core/packages/occupancy)
[0.445s] Level 1:colcon.colcon_core.environment:create_environment_scripts_only(occupancy)
[0.446s] Level 1:colcon.colcon_core.environment:checking '/home/shivam/code-masala/ros/missile/src/install/occupancy' for CMake module files
[0.446s] Level 1:colcon.colcon_core.environment:checking '/home/shivam/code-masala/ros/missile/src/install/occupancy' for CMake config files
[0.446s] Level 1:colcon.colcon_core.shell:create_environment_hook('occupancy', 'cmake_prefix_path')
[0.446s] INFO:colcon.colcon_core.shell:Creating environment hook '/home/shivam/code-masala/ros/missile/src/install/occupancy/share/occupancy/hook/cmake_prefix_path.ps1'
[0.447s] INFO:colcon.colcon_core.shell:Creating environment descriptor '/home/shivam/code-masala/ros/missile/src/install/occupancy/share/occupancy/hook/cmake_prefix_path.dsv'
[0.447s] INFO:colcon.colcon_core.shell:Creating environment hook '/home/shivam/code-masala/ros/missile/src/install/occupancy/share/occupancy/hook/cmake_prefix_path.sh'
[0.448s] Level 1:colcon.colcon_core.environment:checking '/home/shivam/code-masala/ros/missile/src/install/occupancy/lib'
[0.448s] Level 1:colcon.colcon_core.environment:checking '/home/shivam/code-masala/ros/missile/src/install/occupancy/bin'
[0.448s] Level 1:colcon.colcon_core.environment:checking '/home/shivam/code-masala/ros/missile/src/install/occupancy/lib/pkgconfig/occupancy.pc'
[0.448s] Level 1:colcon.colcon_core.environment:checking '/home/shivam/code-masala/ros/missile/src/install/occupancy/lib/python3.10/site-packages'
[0.448s] Level 1:colcon.colcon_core.environment:checking '/home/shivam/code-masala/ros/missile/src/install/occupancy/bin'
[0.448s] INFO:colcon.colcon_core.shell:Creating package script '/home/shivam/code-masala/ros/missile/src/install/occupancy/share/occupancy/package.ps1'
[0.449s] INFO:colcon.colcon_core.shell:Creating package descriptor '/home/shivam/code-masala/ros/missile/src/install/occupancy/share/occupancy/package.dsv'
[0.449s] INFO:colcon.colcon_core.shell:Creating package script '/home/shivam/code-masala/ros/missile/src/install/occupancy/share/occupancy/package.sh'
[0.450s] INFO:colcon.colcon_core.shell:Creating package script '/home/shivam/code-masala/ros/missile/src/install/occupancy/share/occupancy/package.bash'
[0.450s] INFO:colcon.colcon_core.shell:Creating package script '/home/shivam/code-masala/ros/missile/src/install/occupancy/share/occupancy/package.zsh'
[0.451s] Level 1:colcon.colcon_core.environment:create_file_with_runtime_dependencies(/home/shivam/code-masala/ros/missile/src/install/occupancy/share/colcon-core/packages/occupancy)
[5.064s] DEBUG:colcon.colcon_core.event_handler.log_command:Invoked command in '/home/shivam/code-masala/ros/missile/src/build/visualization_package' returned '0': CMAKE_PREFIX_PATH=/opt/ros/humble /usr/bin/cmake --build /home/shivam/code-masala/ros/missile/src/build/visualization_package -- -j16 -l16
[5.067s] DEBUG:colcon.colcon_core.event_handler.log_command:Invoking command in '/home/shivam/code-masala/ros/missile/src/build/visualization_package': CMAKE_PREFIX_PATH=/opt/ros/humble /usr/bin/cmake --install /home/shivam/code-masala/ros/missile/src/build/visualization_package
[5.083s] Level 1:colcon.colcon_core.environment:create_environment_scripts_only(visualization_package)
[5.084s] Level 1:colcon.colcon_core.environment:checking '/home/shivam/code-masala/ros/missile/src/install/visualization_package' for CMake module files
[5.085s] DEBUG:colcon.colcon_core.event_handler.log_command:Invoked command in '/home/shivam/code-masala/ros/missile/src/build/visualization_package' returned '0': CMAKE_PREFIX_PATH=/opt/ros/humble /usr/bin/cmake --install /home/shivam/code-masala/ros/missile/src/build/visualization_package
[5.085s] Level 1:colcon.colcon_core.environment:checking '/home/shivam/code-masala/ros/missile/src/install/visualization_package' for CMake config files
[5.086s] Level 1:colcon.colcon_core.shell:create_environment_hook('visualization_package', 'cmake_prefix_path')
[5.086s] INFO:colcon.colcon_core.shell:Creating environment hook '/home/shivam/code-masala/ros/missile/src/install/visualization_package/share/visualization_package/hook/cmake_prefix_path.ps1'
[5.087s] INFO:colcon.colcon_core.shell:Creating environment descriptor '/home/shivam/code-masala/ros/missile/src/install/visualization_package/share/visualization_package/hook/cmake_prefix_path.dsv'
[5.088s] INFO:colcon.colcon_core.shell:Creating environment hook '/home/shivam/code-masala/ros/missile/src/install/visualization_package/share/visualization_package/hook/cmake_prefix_path.sh'
[5.089s] Level 1:colcon.colcon_core.environment:checking '/home/shivam/code-masala/ros/missile/src/install/visualization_package/lib'
[5.090s] Level 1:colcon.colcon_core.environment:checking '/home/shivam/code-masala/ros/missile/src/install/visualization_package/bin'
[5.090s] Level 1:colcon.colcon_core.environment:checking '/home/shivam/code-masala/ros/missile/src/install/visualization_package/lib/pkgconfig/visualization_package.pc'
[5.090s] Level 1:colcon.colcon_core.environment:checking '/home/shivam/code-masala/ros/missile/src/install/visualization_package/lib/python3.10/site-packages'
[5.091s] Level 1:colcon.colcon_core.environment:checking '/home/shivam/code-masala/ros/missile/src/install/visualization_package/bin'
[5.091s] INFO:colcon.colcon_core.shell:Creating package script '/home/shivam/code-masala/ros/missile/src/install/visualization_package/share/visualization_package/package.ps1'
[5.092s] INFO:colcon.colcon_core.shell:Creating package descriptor '/home/shivam/code-masala/ros/missile/src/install/visualization_package/share/visualization_package/package.dsv'
[5.093s] INFO:colcon.colcon_core.shell:Creating package script '/home/shivam/code-masala/ros/missile/src/install/visualization_package/share/visualization_package/package.sh'
[5.094s] INFO:colcon.colcon_core.shell:Creating package script '/home/shivam/code-masala/ros/missile/src/install/visualization_package/share/visualization_package/package.bash'
[5.095s] INFO:colcon.colcon_core.shell:Creating package script '/home/shivam/code-masala/ros/missile/src/install/visualization_package/share/visualization_package/package.zsh'
[5.095s] Level 1:colcon.colcon_core.environment:create_file_with_runtime_dependencies(/home/shivam/code-masala/ros/missile/src/install/visualization_package/share/colcon-core/packages/visualization_package)
[5.096s] Level 1:colcon.colcon_core.environment:create_environment_scripts_only(visualization_package)
[5.097s] Level 1:colcon.colcon_core.environment:checking '/home/shivam/code-masala/ros/missile/src/install/visualization_package' for CMake module files
[5.098s] Level 1:colcon.colcon_core.environment:checking '/home/shivam/code-masala/ros/missile/src/install/visualization_package' for CMake config files
[5.098s] Level 1:colcon.colcon_core.shell:create_environment_hook('visualization_package', 'cmake_prefix_path')
[5.099s] INFO:colcon.colcon_core.shell:Creating environment hook '/home/shivam/code-masala/ros/missile/src/install/visualization_package/share/visualization_package/hook/cmake_prefix_path.ps1'
[5.099s] INFO:colcon.colcon_core.shell:Creating environment descriptor '/home/shivam/code-masala/ros/missile/src/install/visualization_package/share/visualization_package/hook/cmake_prefix_path.dsv'
[5.100s] INFO:colcon.colcon_core.shell:Creating environment hook '/home/shivam/code-masala/ros/missile/src/install/visualization_package/share/visualization_package/hook/cmake_prefix_path.sh'
[5.101s] Level 1:colcon.colcon_core.environment:checking '/home/shivam/code-masala/ros/missile/src/install/visualization_package/lib'
[5.101s] Level 1:colcon.colcon_core.environment:checking '/home/shivam/code-masala/ros/missile/src/install/visualization_package/bin'
[5.102s] Level 1:colcon.colcon_core.environment:checking '/home/shivam/code-masala/ros/missile/src/install/visualization_package/lib/pkgconfig/visualization_package.pc'
[5.102s] Level 1:colcon.colcon_core.environment:checking '/home/shivam/code-masala/ros/missile/src/install/visualization_package/lib/python3.10/site-packages'
[5.102s] Level 1:colcon.colcon_core.environment:checking '/home/shivam/code-masala/ros/missile/src/install/visualization_package/bin'
[5.103s] INFO:colcon.colcon_core.shell:Creating package script '/home/shivam/code-masala/ros/missile/src/install/visualization_package/share/visualization_package/package.ps1'
[5.104s] INFO:colcon.colcon_core.shell:Creating package descriptor '/home/shivam/code-masala/ros/missile/src/install/visualization_package/share/visualization_package/package.dsv'
[5.105s] INFO:colcon.colcon_core.shell:Creating package script '/home/shivam/code-masala/ros/missile/src/install/visualization_package/share/visualization_package/package.sh'
[5.106s] INFO:colcon.colcon_core.shell:Creating package script '/home/shivam/code-masala/ros/missile/src/install/visualization_package/share/visualization_package/package.bash'
[5.106s] INFO:colcon.colcon_core.shell:Creating package script '/home/shivam/code-masala/ros/missile/src/install/visualization_package/share/visualization_package/package.zsh'
[5.107s] Level 1:colcon.colcon_core.environment:create_file_with_runtime_dependencies(/home/shivam/code-masala/ros/missile/src/install/visualization_package/share/colcon-core/packages/visualization_package)
[5.107s] DEBUG:colcon.colcon_parallel_executor.executor.parallel:closing loop
[5.108s] DEBUG:colcon.colcon_parallel_executor.executor.parallel:loop closed
[5.108s] DEBUG:colcon.colcon_parallel_executor.executor.parallel:run_until_complete finished with '0'
[5.108s] DEBUG:colcon.colcon_core.event_reactor:joining thread
[5.119s] INFO:colcon.colcon_core.plugin_system:Skipping extension 'colcon_notification.desktop_notification.terminal_notifier': Not used on non-Darwin systems
[5.119s] INFO:colcon.colcon_core.plugin_system:Skipping extension 'colcon_notification.desktop_notification.win32': Not used on non-Windows systems
[5.119s] INFO:colcon.colcon_notification.desktop_notification:Sending desktop notification using 'notify2'
[5.150s] DEBUG:colcon.colcon_core.event_reactor:joined thread
[5.151s] INFO:colcon.colcon_core.shell:Creating prefix script '/home/shivam/code-masala/ros/missile/src/install/local_setup.ps1'
[5.154s] INFO:colcon.colcon_core.shell:Creating prefix util module '/home/shivam/code-masala/ros/missile/src/install/_local_setup_util_ps1.py'
[5.158s] INFO:colcon.colcon_core.shell:Creating prefix chain script '/home/shivam/code-masala/ros/missile/src/install/setup.ps1'
[5.159s] INFO:colcon.colcon_core.shell:Creating prefix script '/home/shivam/code-masala/ros/missile/src/install/local_setup.sh'
[5.160s] INFO:colcon.colcon_core.shell:Creating prefix util module '/home/shivam/code-masala/ros/missile/src/install/_local_setup_util_sh.py'
[5.161s] INFO:colcon.colcon_core.shell:Creating prefix chain script '/home/shivam/code-masala/ros/missile/src/install/setup.sh'
[5.163s] INFO:colcon.colcon_core.shell:Creating prefix script '/home/shivam/code-masala/ros/missile/src/install/local_setup.bash'
[5.164s] INFO:colcon.colcon_core.shell:Creating prefix chain script '/home/shivam/code-masala/ros/missile/src/install/setup.bash'
[5.165s] INFO:colcon.colcon_core.shell:Creating prefix script '/home/shivam/code-masala/ros/missile/src/install/local_setup.zsh'
[5.166s] INFO:colcon.colcon_core.shell:Creating prefix chain script '/home/shivam/code-masala/ros/missile/src/install/setup.zsh'
